2019-02-10 01:27:29.108180: I tensorflow/core/platform/cpu_feature_guard.cc:141] Your CPU supports instructions that this TensorFlow binary was not compiled to use: AVX2 AVX512F FMA
2019-02-10 01:27:29 DEBUG __main__:914 [0;31;40mTest Operator[0m
2019-02-10 01:27:29 DEBUG __main__:935 [0;31;40mTest Play[0m
2019-02-10 01:27:29 DEBUG __main__:973 [0;31;40mTest multiple plays[0m
2019-02-10 01:27:29 DEBUG __main__:990 timestap is: 1000
2019-02-10 01:27:29 DEBUG __main__:83 Initialize *weight* randomly...
2019-02-10 01:27:38 DEBUG __main__:691 play play-1 time cost: 8.9257652759552 s
2019-02-10 01:27:38 DEBUG __main__:83 Initialize *weight* randomly...
2019-02-10 01:27:48 DEBUG __main__:691 play play-2 time cost: 10.61137843132019 s
2019-02-10 01:27:48 DEBUG __main__:83 Initialize *weight* randomly...
2019-02-10 01:28:00 DEBUG __main__:691 play play-3 time cost: 12.002180814743042 s
2019-02-10 01:28:00 DEBUG __main__:83 Initialize *weight* randomly...
2019-02-10 01:28:15 DEBUG __main__:691 play play-4 time cost: 14.462276458740234 s
2019-02-10 01:40:23 DEBUG __main__:773 Epoch: 1, Loss: 11.499343872070312
2019-02-10 01:40:28 DEBUG __main__:773 Epoch: 2, Loss: 11.499058723449707
2019-02-10 01:40:32 DEBUG __main__:773 Epoch: 3, Loss: 11.49880599975586
2019-02-10 01:40:37 DEBUG __main__:773 Epoch: 4, Loss: 11.498600959777832
2019-02-10 01:40:41 DEBUG __main__:773 Epoch: 5, Loss: 11.498432159423828
2019-02-10 01:40:46 DEBUG __main__:773 Epoch: 6, Loss: 11.498287200927734
2019-02-10 01:40:50 DEBUG __main__:773 Epoch: 7, Loss: 11.498163223266602
2019-02-10 01:40:55 DEBUG __main__:773 Epoch: 8, Loss: 11.498052597045898
2019-02-10 01:41:00 DEBUG __main__:773 Epoch: 9, Loss: 11.497952461242676
2019-02-10 01:41:04 DEBUG __main__:773 Epoch: 10, Loss: 11.497858047485352
2019-02-10 01:41:09 DEBUG __main__:773 Epoch: 11, Loss: 11.497770309448242
2019-02-10 01:41:14 DEBUG __main__:773 Epoch: 12, Loss: 11.497686386108398
2019-02-10 01:41:18 DEBUG __main__:773 Epoch: 13, Loss: 11.497608184814453
2019-02-10 01:41:23 DEBUG __main__:773 Epoch: 14, Loss: 11.497533798217773
2019-02-10 01:41:28 DEBUG __main__:773 Epoch: 15, Loss: 11.497461318969727
2019-02-10 01:41:33 DEBUG __main__:773 Epoch: 16, Loss: 11.497392654418945
2019-02-10 01:41:37 DEBUG __main__:773 Epoch: 17, Loss: 11.497326850891113
2019-02-10 01:41:42 DEBUG __main__:773 Epoch: 18, Loss: 11.49726390838623
2019-02-10 01:41:47 DEBUG __main__:773 Epoch: 19, Loss: 11.49720287322998
2019-02-10 01:41:52 DEBUG __main__:773 Epoch: 20, Loss: 11.497145652770996
2019-02-10 01:41:57 DEBUG __main__:773 Epoch: 21, Loss: 11.497088432312012
2019-02-10 01:42:02 DEBUG __main__:773 Epoch: 22, Loss: 11.49703311920166
2019-02-10 01:42:06 DEBUG __main__:773 Epoch: 23, Loss: 11.496980667114258
2019-02-10 01:42:11 DEBUG __main__:773 Epoch: 24, Loss: 11.496927261352539
2019-02-10 01:42:16 DEBUG __main__:773 Epoch: 25, Loss: 11.49687671661377
2019-02-10 01:42:21 DEBUG __main__:773 Epoch: 26, Loss: 11.496828079223633
2019-02-10 01:42:26 DEBUG __main__:773 Epoch: 27, Loss: 11.496779441833496
2019-02-10 01:42:31 DEBUG __main__:773 Epoch: 28, Loss: 11.496731758117676
2019-02-10 01:42:35 DEBUG __main__:773 Epoch: 29, Loss: 11.496685028076172
2019-02-10 01:42:40 DEBUG __main__:773 Epoch: 30, Loss: 11.4966402053833
2019-02-10 01:42:45 DEBUG __main__:773 Epoch: 31, Loss: 11.49659538269043
2019-02-10 01:42:50 DEBUG __main__:773 Epoch: 32, Loss: 11.496552467346191
2019-02-10 01:42:55 DEBUG __main__:773 Epoch: 33, Loss: 11.496509552001953
2019-02-10 01:43:00 DEBUG __main__:773 Epoch: 34, Loss: 11.496468544006348
2019-02-10 01:43:04 DEBUG __main__:773 Epoch: 35, Loss: 11.496427536010742
2019-02-10 01:43:09 DEBUG __main__:773 Epoch: 36, Loss: 11.49638557434082
2019-02-10 01:43:14 DEBUG __main__:773 Epoch: 37, Loss: 11.496346473693848
2019-02-10 01:43:19 DEBUG __main__:773 Epoch: 38, Loss: 11.496307373046875
2019-02-10 01:43:23 DEBUG __main__:773 Epoch: 39, Loss: 11.496268272399902
2019-02-10 01:43:28 DEBUG __main__:773 Epoch: 40, Loss: 11.496232032775879
2019-02-10 01:43:33 DEBUG __main__:773 Epoch: 41, Loss: 11.496194839477539
2019-02-10 01:43:38 DEBUG __main__:773 Epoch: 42, Loss: 11.496159553527832
2019-02-10 01:43:42 DEBUG __main__:773 Epoch: 43, Loss: 11.496122360229492
2019-02-10 01:43:47 DEBUG __main__:773 Epoch: 44, Loss: 11.496087074279785
2019-02-10 01:43:52 DEBUG __main__:773 Epoch: 45, Loss: 11.496051788330078
2019-02-10 01:43:57 DEBUG __main__:773 Epoch: 46, Loss: 11.496018409729004
2019-02-10 01:44:02 DEBUG __main__:773 Epoch: 47, Loss: 11.495983123779297
2019-02-10 01:44:06 DEBUG __main__:773 Epoch: 48, Loss: 11.495949745178223
2019-02-10 01:44:11 DEBUG __main__:773 Epoch: 49, Loss: 11.495916366577148
2019-02-10 01:44:16 DEBUG __main__:773 Epoch: 50, Loss: 11.495885848999023
2019-02-10 01:44:21 DEBUG __main__:773 Epoch: 51, Loss: 11.49585247039795
2019-02-10 01:44:26 DEBUG __main__:773 Epoch: 52, Loss: 11.495820999145508
2019-02-10 01:44:30 DEBUG __main__:773 Epoch: 53, Loss: 11.495789527893066
2019-02-10 01:44:35 DEBUG __main__:773 Epoch: 54, Loss: 11.495758056640625
2019-02-10 01:44:40 DEBUG __main__:773 Epoch: 55, Loss: 11.495729446411133
2019-02-10 01:44:45 DEBUG __main__:773 Epoch: 56, Loss: 11.495697975158691
2019-02-10 01:44:50 DEBUG __main__:773 Epoch: 57, Loss: 11.495668411254883
2019-02-10 01:44:54 DEBUG __main__:773 Epoch: 58, Loss: 11.495638847351074
2019-02-10 01:44:59 DEBUG __main__:773 Epoch: 59, Loss: 11.495610237121582
2019-02-10 01:45:04 DEBUG __main__:773 Epoch: 60, Loss: 11.495582580566406
2019-02-10 01:45:09 DEBUG __main__:773 Epoch: 61, Loss: 11.495553016662598
2019-02-10 01:45:14 DEBUG __main__:773 Epoch: 62, Loss: 11.495525360107422
2019-02-10 01:45:18 DEBUG __main__:773 Epoch: 63, Loss: 11.495497703552246
2019-02-10 01:45:23 DEBUG __main__:773 Epoch: 64, Loss: 11.495469093322754
2019-02-10 01:45:28 DEBUG __main__:773 Epoch: 65, Loss: 11.495443344116211
2019-02-10 01:45:33 DEBUG __main__:773 Epoch: 66, Loss: 11.495416641235352
2019-02-10 01:45:37 DEBUG __main__:773 Epoch: 67, Loss: 11.495388984680176
2019-02-10 01:45:42 DEBUG __main__:773 Epoch: 68, Loss: 11.495363235473633
2019-02-10 01:45:47 DEBUG __main__:773 Epoch: 69, Loss: 11.495336532592773
2019-02-10 01:45:52 DEBUG __main__:773 Epoch: 70, Loss: 11.49531078338623
2019-02-10 01:45:57 DEBUG __main__:773 Epoch: 71, Loss: 11.495285034179688
2019-02-10 01:46:02 DEBUG __main__:773 Epoch: 72, Loss: 11.495260238647461
2019-02-10 01:46:07 DEBUG __main__:773 Epoch: 73, Loss: 11.495234489440918
2019-02-10 01:46:11 DEBUG __main__:773 Epoch: 74, Loss: 11.495210647583008
2019-02-10 01:46:16 DEBUG __main__:773 Epoch: 75, Loss: 11.495185852050781
2019-02-10 01:46:21 DEBUG __main__:773 Epoch: 76, Loss: 11.495162010192871
2019-02-10 01:46:26 DEBUG __main__:773 Epoch: 77, Loss: 11.495137214660645
2019-02-10 01:46:31 DEBUG __main__:773 Epoch: 78, Loss: 11.495113372802734
2019-02-10 01:46:35 DEBUG __main__:773 Epoch: 79, Loss: 11.495089530944824
2019-02-10 01:46:40 DEBUG __main__:773 Epoch: 80, Loss: 11.49506664276123
2019-02-10 01:46:45 DEBUG __main__:773 Epoch: 81, Loss: 11.49504280090332
2019-02-10 01:46:50 DEBUG __main__:773 Epoch: 82, Loss: 11.49501895904541
2019-02-10 01:46:55 DEBUG __main__:773 Epoch: 83, Loss: 11.494996070861816
2019-02-10 01:46:59 DEBUG __main__:773 Epoch: 84, Loss: 11.494974136352539
2019-02-10 01:47:04 DEBUG __main__:773 Epoch: 85, Loss: 11.494951248168945
2019-02-10 01:47:09 DEBUG __main__:773 Epoch: 86, Loss: 11.494929313659668
2019-02-10 01:47:14 DEBUG __main__:773 Epoch: 87, Loss: 11.49490737915039
2019-02-10 01:47:18 DEBUG __main__:773 Epoch: 88, Loss: 11.494884490966797
2019-02-10 01:47:23 DEBUG __main__:773 Epoch: 89, Loss: 11.49486255645752
2019-02-10 01:47:28 DEBUG __main__:773 Epoch: 90, Loss: 11.494841575622559
2019-02-10 01:47:33 DEBUG __main__:773 Epoch: 91, Loss: 11.494819641113281
2019-02-10 01:47:38 DEBUG __main__:773 Epoch: 92, Loss: 11.49479866027832
2019-02-10 01:47:42 DEBUG __main__:773 Epoch: 93, Loss: 11.494776725769043
2019-02-10 01:47:47 DEBUG __main__:773 Epoch: 94, Loss: 11.494757652282715
2019-02-10 01:47:52 DEBUG __main__:773 Epoch: 95, Loss: 11.494735717773438
2019-02-10 01:47:57 DEBUG __main__:773 Epoch: 96, Loss: 11.494715690612793
2019-02-10 01:48:01 DEBUG __main__:773 Epoch: 97, Loss: 11.494694709777832
2019-02-10 01:48:06 DEBUG __main__:773 Epoch: 98, Loss: 11.494675636291504
2019-02-10 01:48:11 DEBUG __main__:773 Epoch: 99, Loss: 11.494653701782227
2019-02-10 01:48:16 DEBUG __main__:773 Epoch: 100, Loss: 11.494634628295898
2019-02-10 01:48:21 DEBUG __main__:773 Epoch: 101, Loss: 11.494614601135254
2019-02-10 01:48:25 DEBUG __main__:773 Epoch: 102, Loss: 11.494595527648926
2019-02-10 01:48:30 DEBUG __main__:773 Epoch: 103, Loss: 11.494575500488281
2019-02-10 01:48:35 DEBUG __main__:773 Epoch: 104, Loss: 11.494556427001953
2019-02-10 01:48:40 DEBUG __main__:773 Epoch: 105, Loss: 11.494536399841309
2019-02-10 01:48:44 DEBUG __main__:773 Epoch: 106, Loss: 11.49451732635498
2019-02-10 01:48:49 DEBUG __main__:773 Epoch: 107, Loss: 11.494497299194336
2019-02-10 01:48:54 DEBUG __main__:773 Epoch: 108, Loss: 11.49448013305664
2019-02-10 01:48:59 DEBUG __main__:773 Epoch: 109, Loss: 11.494460105895996
2019-02-10 01:49:03 DEBUG __main__:773 Epoch: 110, Loss: 11.4944429397583
2019-02-10 01:49:08 DEBUG __main__:773 Epoch: 111, Loss: 11.494422912597656
2019-02-10 01:49:13 DEBUG __main__:773 Epoch: 112, Loss: 11.494405746459961
2019-02-10 01:49:18 DEBUG __main__:773 Epoch: 113, Loss: 11.494385719299316
2019-02-10 01:49:22 DEBUG __main__:773 Epoch: 114, Loss: 11.494368553161621
2019-02-10 01:49:27 DEBUG __main__:773 Epoch: 115, Loss: 11.49435043334961
2019-02-10 01:49:32 DEBUG __main__:773 Epoch: 116, Loss: 11.494332313537598
2019-02-10 01:49:37 DEBUG __main__:773 Epoch: 117, Loss: 11.49431324005127
2019-02-10 01:49:42 DEBUG __main__:773 Epoch: 118, Loss: 11.494296073913574
2019-02-10 01:49:47 DEBUG __main__:773 Epoch: 119, Loss: 11.494278907775879
2019-02-10 01:49:51 DEBUG __main__:773 Epoch: 120, Loss: 11.494260787963867
2019-02-10 01:49:56 DEBUG __main__:773 Epoch: 121, Loss: 11.494243621826172
2019-02-10 01:50:01 DEBUG __main__:773 Epoch: 122, Loss: 11.494227409362793
2019-02-10 01:50:06 DEBUG __main__:773 Epoch: 123, Loss: 11.494210243225098
2019-02-10 01:50:11 DEBUG __main__:773 Epoch: 124, Loss: 11.494192123413086
2019-02-10 01:50:15 DEBUG __main__:773 Epoch: 125, Loss: 11.49417495727539
2019-02-10 01:50:20 DEBUG __main__:773 Epoch: 126, Loss: 11.494158744812012
2019-02-10 01:50:25 DEBUG __main__:773 Epoch: 127, Loss: 11.494141578674316
2019-02-10 01:50:30 DEBUG __main__:773 Epoch: 128, Loss: 11.494126319885254
2019-02-10 01:50:35 DEBUG __main__:773 Epoch: 129, Loss: 11.494108200073242
2019-02-10 01:50:39 DEBUG __main__:773 Epoch: 130, Loss: 11.49409294128418
2019-02-10 01:50:44 DEBUG __main__:773 Epoch: 131, Loss: 11.494074821472168
2019-02-10 01:50:49 DEBUG __main__:773 Epoch: 132, Loss: 11.494059562683105
2019-02-10 01:50:54 DEBUG __main__:773 Epoch: 133, Loss: 11.494044303894043
2019-02-10 01:50:59 DEBUG __main__:773 Epoch: 134, Loss: 11.494026184082031
2019-02-10 01:51:03 DEBUG __main__:773 Epoch: 135, Loss: 11.494010925292969
2019-02-10 01:51:08 DEBUG __main__:773 Epoch: 136, Loss: 11.49399471282959
2019-02-10 01:51:13 DEBUG __main__:773 Epoch: 137, Loss: 11.493979454040527
2019-02-10 01:51:18 DEBUG __main__:773 Epoch: 138, Loss: 11.493963241577148
2019-02-10 01:51:22 DEBUG __main__:773 Epoch: 139, Loss: 11.493947982788086
2019-02-10 01:51:27 DEBUG __main__:773 Epoch: 140, Loss: 11.493932723999023
2019-02-10 01:51:32 DEBUG __main__:773 Epoch: 141, Loss: 11.493916511535645
2019-02-10 01:51:37 DEBUG __main__:773 Epoch: 142, Loss: 11.493901252746582
2019-02-10 01:51:42 DEBUG __main__:773 Epoch: 143, Loss: 11.493885040283203
2019-02-10 01:51:47 DEBUG __main__:773 Epoch: 144, Loss: 11.49386978149414
2019-02-10 01:51:51 DEBUG __main__:773 Epoch: 145, Loss: 11.493854522705078
2019-02-10 01:51:56 DEBUG __main__:773 Epoch: 146, Loss: 11.493840217590332
2019-02-10 01:52:01 DEBUG __main__:773 Epoch: 147, Loss: 11.49382495880127
2019-02-10 01:52:06 DEBUG __main__:773 Epoch: 148, Loss: 11.493809700012207
2019-02-10 01:52:11 DEBUG __main__:773 Epoch: 149, Loss: 11.493795394897461
2019-02-10 01:52:16 DEBUG __main__:773 Epoch: 150, Loss: 11.493780136108398
2019-02-10 01:52:20 DEBUG __main__:773 Epoch: 151, Loss: 11.493765830993652
2019-02-10 01:52:25 DEBUG __main__:773 Epoch: 152, Loss: 11.49375057220459
2019-02-10 01:52:30 DEBUG __main__:773 Epoch: 153, Loss: 11.49373722076416
2019-02-10 01:52:35 DEBUG __main__:773 Epoch: 154, Loss: 11.493721008300781
2019-02-10 01:52:40 DEBUG __main__:773 Epoch: 155, Loss: 11.493707656860352
2019-02-10 01:52:45 DEBUG __main__:773 Epoch: 156, Loss: 11.493692398071289
2019-02-10 01:52:50 DEBUG __main__:773 Epoch: 157, Loss: 11.493678092956543
2019-02-10 01:52:54 DEBUG __main__:773 Epoch: 158, Loss: 11.493664741516113
2019-02-10 01:52:59 DEBUG __main__:773 Epoch: 159, Loss: 11.49364948272705
2019-02-10 01:53:04 DEBUG __main__:773 Epoch: 160, Loss: 11.493635177612305
2019-02-10 01:53:09 DEBUG __main__:773 Epoch: 161, Loss: 11.493621826171875
2019-02-10 01:53:14 DEBUG __main__:773 Epoch: 162, Loss: 11.51293659210205
2019-02-10 01:53:18 DEBUG __main__:773 Epoch: 163, Loss: 11.51293659210205
2019-02-10 01:53:23 DEBUG __main__:773 Epoch: 164, Loss: 11.51293659210205
2019-02-10 01:53:28 DEBUG __main__:773 Epoch: 165, Loss: 11.51293659210205
2019-02-10 01:53:33 DEBUG __main__:773 Epoch: 166, Loss: 11.51293659210205
2019-02-10 01:53:38 DEBUG __main__:773 Epoch: 167, Loss: 11.51293659210205
2019-02-10 01:53:42 DEBUG __main__:773 Epoch: 168, Loss: 11.51293659210205
2019-02-10 01:53:47 DEBUG __main__:773 Epoch: 169, Loss: 11.51293659210205
2019-02-10 01:53:52 DEBUG __main__:773 Epoch: 170, Loss: 11.51293659210205
2019-02-10 01:53:57 DEBUG __main__:773 Epoch: 171, Loss: 11.51293659210205
2019-02-10 01:54:01 DEBUG __main__:773 Epoch: 172, Loss: 11.51293659210205
2019-02-10 01:54:06 DEBUG __main__:773 Epoch: 173, Loss: 11.51293659210205
2019-02-10 01:54:11 DEBUG __main__:773 Epoch: 174, Loss: 11.51293659210205
2019-02-10 01:54:16 DEBUG __main__:773 Epoch: 175, Loss: 11.51293659210205
2019-02-10 01:54:21 DEBUG __main__:773 Epoch: 176, Loss: 11.51293659210205
2019-02-10 01:54:25 DEBUG __main__:773 Epoch: 177, Loss: 11.51293659210205
2019-02-10 01:54:30 DEBUG __main__:773 Epoch: 178, Loss: 11.51293659210205
2019-02-10 01:54:35 DEBUG __main__:773 Epoch: 179, Loss: 11.51293659210205
2019-02-10 01:54:40 DEBUG __main__:773 Epoch: 180, Loss: 11.51293659210205
2019-02-10 01:54:45 DEBUG __main__:773 Epoch: 181, Loss: 11.51293659210205
2019-02-10 01:54:50 DEBUG __main__:773 Epoch: 182, Loss: 11.51293659210205
2019-02-10 01:54:55 DEBUG __main__:773 Epoch: 183, Loss: 11.51293659210205
2019-02-10 01:54:59 DEBUG __main__:773 Epoch: 184, Loss: 11.51293659210205
2019-02-10 01:55:04 DEBUG __main__:773 Epoch: 185, Loss: 11.51293659210205
2019-02-10 01:55:09 DEBUG __main__:773 Epoch: 186, Loss: 11.51293659210205
2019-02-10 01:55:14 DEBUG __main__:773 Epoch: 187, Loss: 11.51293659210205
2019-02-10 01:55:19 DEBUG __main__:773 Epoch: 188, Loss: 11.51293659210205
2019-02-10 01:55:23 DEBUG __main__:773 Epoch: 189, Loss: 11.51293659210205
2019-02-10 01:55:28 DEBUG __main__:773 Epoch: 190, Loss: 11.51293659210205
2019-02-10 01:55:33 DEBUG __main__:773 Epoch: 191, Loss: 11.51293659210205
2019-02-10 01:55:38 DEBUG __main__:773 Epoch: 192, Loss: 11.51293659210205
2019-02-10 01:55:43 DEBUG __main__:773 Epoch: 193, Loss: 11.51293659210205
2019-02-10 01:55:47 DEBUG __main__:773 Epoch: 194, Loss: 11.51293659210205
2019-02-10 01:55:52 DEBUG __main__:773 Epoch: 195, Loss: 11.51293659210205
2019-02-10 01:55:57 DEBUG __main__:773 Epoch: 196, Loss: 11.51293659210205
2019-02-10 01:56:02 DEBUG __main__:773 Epoch: 197, Loss: 11.51293659210205
2019-02-10 01:56:06 DEBUG __main__:773 Epoch: 198, Loss: 11.51293659210205
2019-02-10 01:56:11 DEBUG __main__:773 Epoch: 199, Loss: 11.51293659210205
2019-02-10 01:56:16 DEBUG __main__:773 Epoch: 200, Loss: 11.51293659210205
2019-02-10 01:56:21 DEBUG __main__:773 Epoch: 201, Loss: 11.51293659210205
2019-02-10 01:56:26 DEBUG __main__:773 Epoch: 202, Loss: 11.51293659210205
2019-02-10 01:56:31 DEBUG __main__:773 Epoch: 203, Loss: 11.51293659210205
2019-02-10 01:56:35 DEBUG __main__:773 Epoch: 204, Loss: 11.51293659210205
2019-02-10 01:56:40 DEBUG __main__:773 Epoch: 205, Loss: 11.51293659210205
2019-02-10 01:56:45 DEBUG __main__:773 Epoch: 206, Loss: 11.51293659210205
2019-02-10 01:56:50 DEBUG __main__:773 Epoch: 207, Loss: 11.51293659210205
2019-02-10 01:56:55 DEBUG __main__:773 Epoch: 208, Loss: 11.51293659210205
2019-02-10 01:57:00 DEBUG __main__:773 Epoch: 209, Loss: 11.51293659210205
2019-02-10 01:57:04 DEBUG __main__:773 Epoch: 210, Loss: 11.51293659210205
2019-02-10 01:57:09 DEBUG __main__:773 Epoch: 211, Loss: 11.51293659210205
2019-02-10 01:57:14 DEBUG __main__:773 Epoch: 212, Loss: 11.51293659210205
2019-02-10 01:57:19 DEBUG __main__:773 Epoch: 213, Loss: 11.51293659210205
2019-02-10 01:57:23 DEBUG __main__:773 Epoch: 214, Loss: 11.51293659210205
2019-02-10 01:57:28 DEBUG __main__:773 Epoch: 215, Loss: 11.51293659210205
2019-02-10 01:57:33 DEBUG __main__:773 Epoch: 216, Loss: 11.51293659210205
2019-02-10 01:57:38 DEBUG __main__:773 Epoch: 217, Loss: 11.51293659210205
2019-02-10 01:57:43 DEBUG __main__:773 Epoch: 218, Loss: 11.51293659210205
2019-02-10 01:57:47 DEBUG __main__:773 Epoch: 219, Loss: 11.51293659210205
2019-02-10 01:57:52 DEBUG __main__:773 Epoch: 220, Loss: 11.51293659210205
2019-02-10 01:57:57 DEBUG __main__:773 Epoch: 221, Loss: 11.51293659210205
2019-02-10 01:58:02 DEBUG __main__:773 Epoch: 222, Loss: 11.51293659210205
2019-02-10 01:58:06 DEBUG __main__:773 Epoch: 223, Loss: 11.51293659210205
2019-02-10 01:58:11 DEBUG __main__:773 Epoch: 224, Loss: 11.51293659210205
2019-02-10 01:58:16 DEBUG __main__:773 Epoch: 225, Loss: 11.51293659210205
2019-02-10 01:58:21 DEBUG __main__:773 Epoch: 226, Loss: 11.51293659210205
2019-02-10 01:58:26 DEBUG __main__:773 Epoch: 227, Loss: 11.51293659210205
2019-02-10 01:58:31 DEBUG __main__:773 Epoch: 228, Loss: 11.51293659210205
2019-02-10 01:58:35 DEBUG __main__:773 Epoch: 229, Loss: 11.51293659210205
2019-02-10 01:58:40 DEBUG __main__:773 Epoch: 230, Loss: 11.51293659210205
2019-02-10 01:58:45 DEBUG __main__:773 Epoch: 231, Loss: 11.51293659210205
2019-02-10 01:58:50 DEBUG __main__:773 Epoch: 232, Loss: 11.51293659210205
2019-02-10 01:58:55 DEBUG __main__:773 Epoch: 233, Loss: 11.51293659210205
2019-02-10 01:59:00 DEBUG __main__:773 Epoch: 234, Loss: 11.51293659210205
2019-02-10 01:59:04 DEBUG __main__:773 Epoch: 235, Loss: 11.51293659210205
2019-02-10 01:59:09 DEBUG __main__:773 Epoch: 236, Loss: 11.51293659210205
2019-02-10 01:59:14 DEBUG __main__:773 Epoch: 237, Loss: 11.51293659210205
2019-02-10 01:59:19 DEBUG __main__:773 Epoch: 238, Loss: 11.51293659210205
2019-02-10 01:59:23 DEBUG __main__:773 Epoch: 239, Loss: 11.51293659210205
2019-02-10 01:59:28 DEBUG __main__:773 Epoch: 240, Loss: 11.51293659210205
2019-02-10 01:59:33 DEBUG __main__:773 Epoch: 241, Loss: 11.51293659210205
2019-02-10 01:59:38 DEBUG __main__:773 Epoch: 242, Loss: 11.51293659210205
2019-02-10 01:59:43 DEBUG __main__:773 Epoch: 243, Loss: 11.51293659210205
2019-02-10 01:59:47 DEBUG __main__:773 Epoch: 244, Loss: 11.51293659210205
2019-02-10 01:59:52 DEBUG __main__:773 Epoch: 245, Loss: 11.51293659210205
2019-02-10 01:59:57 DEBUG __main__:773 Epoch: 246, Loss: 11.51293659210205
2019-02-10 02:00:02 DEBUG __main__:773 Epoch: 247, Loss: 11.51293659210205
2019-02-10 02:00:07 DEBUG __main__:773 Epoch: 248, Loss: 11.51293659210205
2019-02-10 02:00:11 DEBUG __main__:773 Epoch: 249, Loss: 11.51293659210205
2019-02-10 02:00:16 DEBUG __main__:773 Epoch: 250, Loss: 11.51293659210205
2019-02-10 02:00:21 DEBUG __main__:773 Epoch: 251, Loss: 11.51293659210205
2019-02-10 02:00:26 DEBUG __main__:773 Epoch: 252, Loss: 11.51293659210205
2019-02-10 02:00:31 DEBUG __main__:773 Epoch: 253, Loss: 11.51293659210205
2019-02-10 02:00:36 DEBUG __main__:773 Epoch: 254, Loss: 11.51293659210205
2019-02-10 02:00:40 DEBUG __main__:773 Epoch: 255, Loss: 11.51293659210205
2019-02-10 02:00:45 DEBUG __main__:773 Epoch: 256, Loss: 11.51293659210205
2019-02-10 02:00:50 DEBUG __main__:773 Epoch: 257, Loss: 11.51293659210205
2019-02-10 02:00:55 DEBUG __main__:773 Epoch: 258, Loss: 11.51293659210205
2019-02-10 02:01:00 DEBUG __main__:773 Epoch: 259, Loss: 11.51293659210205
2019-02-10 02:01:05 DEBUG __main__:773 Epoch: 260, Loss: 11.51293659210205
2019-02-10 02:01:09 DEBUG __main__:773 Epoch: 261, Loss: 11.51293659210205
2019-02-10 02:01:14 DEBUG __main__:773 Epoch: 262, Loss: 11.51293659210205
2019-02-10 02:01:19 DEBUG __main__:773 Epoch: 263, Loss: 11.51293659210205
2019-02-10 02:01:24 DEBUG __main__:773 Epoch: 264, Loss: 11.51293659210205
2019-02-10 02:01:28 DEBUG __main__:773 Epoch: 265, Loss: 11.51293659210205
2019-02-10 02:01:33 DEBUG __main__:773 Epoch: 266, Loss: 11.51293659210205
2019-02-10 02:01:38 DEBUG __main__:773 Epoch: 267, Loss: 11.51293659210205
2019-02-10 02:01:43 DEBUG __main__:773 Epoch: 268, Loss: 11.51293659210205
2019-02-10 02:01:48 DEBUG __main__:773 Epoch: 269, Loss: 11.51293659210205
2019-02-10 02:01:52 DEBUG __main__:773 Epoch: 270, Loss: 11.51293659210205
2019-02-10 02:01:57 DEBUG __main__:773 Epoch: 271, Loss: 11.51293659210205
2019-02-10 02:02:02 DEBUG __main__:773 Epoch: 272, Loss: 11.51293659210205
2019-02-10 02:02:07 DEBUG __main__:773 Epoch: 273, Loss: 11.51293659210205
2019-02-10 02:02:12 DEBUG __main__:773 Epoch: 274, Loss: 11.51293659210205
2019-02-10 02:02:16 DEBUG __main__:773 Epoch: 275, Loss: 11.51293659210205
2019-02-10 02:02:21 DEBUG __main__:773 Epoch: 276, Loss: 11.51293659210205
2019-02-10 02:02:26 DEBUG __main__:773 Epoch: 277, Loss: 11.51293659210205
2019-02-10 02:02:31 DEBUG __main__:773 Epoch: 278, Loss: 11.51293659210205
2019-02-10 02:02:36 DEBUG __main__:773 Epoch: 279, Loss: 11.51293659210205
2019-02-10 02:02:40 DEBUG __main__:773 Epoch: 280, Loss: 11.51293659210205
2019-02-10 02:02:45 DEBUG __main__:773 Epoch: 281, Loss: 11.51293659210205
2019-02-10 02:02:50 DEBUG __main__:773 Epoch: 282, Loss: 11.51293659210205
2019-02-10 02:02:55 DEBUG __main__:773 Epoch: 283, Loss: 11.51293659210205
2019-02-10 02:03:00 DEBUG __main__:773 Epoch: 284, Loss: 11.51293659210205
2019-02-10 02:03:04 DEBUG __main__:773 Epoch: 285, Loss: 11.51293659210205
2019-02-10 02:03:09 DEBUG __main__:773 Epoch: 286, Loss: 11.51293659210205
2019-02-10 02:03:14 DEBUG __main__:773 Epoch: 287, Loss: 11.51293659210205
2019-02-10 02:03:19 DEBUG __main__:773 Epoch: 288, Loss: 11.51293659210205
2019-02-10 02:03:24 DEBUG __main__:773 Epoch: 289, Loss: 11.51293659210205
2019-02-10 02:03:28 DEBUG __main__:773 Epoch: 290, Loss: 11.51293659210205
2019-02-10 02:03:33 DEBUG __main__:773 Epoch: 291, Loss: 11.51293659210205
2019-02-10 02:03:38 DEBUG __main__:773 Epoch: 292, Loss: 11.51293659210205
2019-02-10 02:03:43 DEBUG __main__:773 Epoch: 293, Loss: 11.51293659210205
2019-02-10 02:03:48 DEBUG __main__:773 Epoch: 294, Loss: 11.51293659210205
2019-02-10 02:03:53 DEBUG __main__:773 Epoch: 295, Loss: 11.51293659210205
2019-02-10 02:03:57 DEBUG __main__:773 Epoch: 296, Loss: 11.51293659210205
2019-02-10 02:04:02 DEBUG __main__:773 Epoch: 297, Loss: 11.51293659210205
2019-02-10 02:04:07 DEBUG __main__:773 Epoch: 298, Loss: 11.51293659210205
2019-02-10 02:04:12 DEBUG __main__:773 Epoch: 299, Loss: 11.51293659210205
2019-02-10 02:04:17 DEBUG __main__:773 Epoch: 300, Loss: 11.51293659210205
2019-02-10 02:04:21 DEBUG __main__:773 Epoch: 301, Loss: 11.51293659210205
2019-02-10 02:04:26 DEBUG __main__:773 Epoch: 302, Loss: 11.51293659210205
2019-02-10 02:04:31 DEBUG __main__:773 Epoch: 303, Loss: 11.51293659210205
2019-02-10 02:04:36 DEBUG __main__:773 Epoch: 304, Loss: 11.51293659210205
2019-02-10 02:04:41 DEBUG __main__:773 Epoch: 305, Loss: 11.51293659210205
2019-02-10 02:04:45 DEBUG __main__:773 Epoch: 306, Loss: 11.51293659210205
2019-02-10 02:04:50 DEBUG __main__:773 Epoch: 307, Loss: 11.51293659210205
2019-02-10 02:04:55 DEBUG __main__:773 Epoch: 308, Loss: 11.51293659210205
2019-02-10 02:05:00 DEBUG __main__:773 Epoch: 309, Loss: 11.51293659210205
2019-02-10 02:05:05 DEBUG __main__:773 Epoch: 310, Loss: 11.51293659210205
2019-02-10 02:05:10 DEBUG __main__:773 Epoch: 311, Loss: 11.51293659210205
2019-02-10 02:05:14 DEBUG __main__:773 Epoch: 312, Loss: 11.51293659210205
2019-02-10 02:05:19 DEBUG __main__:773 Epoch: 313, Loss: 11.51293659210205
2019-02-10 02:05:24 DEBUG __main__:773 Epoch: 314, Loss: 11.51293659210205
2019-02-10 02:05:29 DEBUG __main__:773 Epoch: 315, Loss: 11.51293659210205
2019-02-10 02:05:34 DEBUG __main__:773 Epoch: 316, Loss: 11.51293659210205
2019-02-10 02:05:38 DEBUG __main__:773 Epoch: 317, Loss: 11.51293659210205
2019-02-10 02:05:43 DEBUG __main__:773 Epoch: 318, Loss: 11.51293659210205
2019-02-10 02:05:48 DEBUG __main__:773 Epoch: 319, Loss: 11.51293659210205
2019-02-10 02:05:53 DEBUG __main__:773 Epoch: 320, Loss: 11.51293659210205
2019-02-10 02:05:58 DEBUG __main__:773 Epoch: 321, Loss: 11.51293659210205
2019-02-10 02:06:03 DEBUG __main__:773 Epoch: 322, Loss: 11.51293659210205
2019-02-10 02:06:07 DEBUG __main__:773 Epoch: 323, Loss: 11.51293659210205
2019-02-10 02:06:12 DEBUG __main__:773 Epoch: 324, Loss: 11.51293659210205
2019-02-10 02:06:17 DEBUG __main__:773 Epoch: 325, Loss: 11.51293659210205
2019-02-10 02:06:22 DEBUG __main__:773 Epoch: 326, Loss: 11.51293659210205
2019-02-10 02:06:27 DEBUG __main__:773 Epoch: 327, Loss: 11.51293659210205
2019-02-10 02:06:32 DEBUG __main__:773 Epoch: 328, Loss: 11.51293659210205
2019-02-10 02:06:36 DEBUG __main__:773 Epoch: 329, Loss: 11.51293659210205
2019-02-10 02:06:41 DEBUG __main__:773 Epoch: 330, Loss: 11.51293659210205
2019-02-10 02:06:46 DEBUG __main__:773 Epoch: 331, Loss: 11.51293659210205
2019-02-10 02:06:51 DEBUG __main__:773 Epoch: 332, Loss: 11.51293659210205
2019-02-10 02:06:56 DEBUG __main__:773 Epoch: 333, Loss: 11.51293659210205
2019-02-10 02:07:00 DEBUG __main__:773 Epoch: 334, Loss: 11.51293659210205
2019-02-10 02:07:05 DEBUG __main__:773 Epoch: 335, Loss: 11.51293659210205
2019-02-10 02:07:10 DEBUG __main__:773 Epoch: 336, Loss: 11.51293659210205
2019-02-10 02:07:15 DEBUG __main__:773 Epoch: 337, Loss: 11.51293659210205
2019-02-10 02:07:20 DEBUG __main__:773 Epoch: 338, Loss: 11.51293659210205
2019-02-10 02:07:25 DEBUG __main__:773 Epoch: 339, Loss: 11.51293659210205
2019-02-10 02:07:29 DEBUG __main__:773 Epoch: 340, Loss: 11.51293659210205
2019-02-10 02:07:34 DEBUG __main__:773 Epoch: 341, Loss: 11.51293659210205
2019-02-10 02:07:39 DEBUG __main__:773 Epoch: 342, Loss: 11.51293659210205
2019-02-10 02:07:44 DEBUG __main__:773 Epoch: 343, Loss: 11.51293659210205
2019-02-10 02:07:49 DEBUG __main__:773 Epoch: 344, Loss: 11.51293659210205
2019-02-10 02:07:53 DEBUG __main__:773 Epoch: 345, Loss: 11.51293659210205
2019-02-10 02:07:58 DEBUG __main__:773 Epoch: 346, Loss: 11.51293659210205
2019-02-10 02:08:03 DEBUG __main__:773 Epoch: 347, Loss: 11.51293659210205
2019-02-10 02:08:08 DEBUG __main__:773 Epoch: 348, Loss: 11.51293659210205
2019-02-10 02:08:13 DEBUG __main__:773 Epoch: 349, Loss: 11.51293659210205
2019-02-10 02:08:17 DEBUG __main__:773 Epoch: 350, Loss: 11.51293659210205
2019-02-10 02:08:22 DEBUG __main__:773 Epoch: 351, Loss: 11.51293659210205
2019-02-10 02:08:27 DEBUG __main__:773 Epoch: 352, Loss: 11.51293659210205
2019-02-10 02:08:32 DEBUG __main__:773 Epoch: 353, Loss: 11.51293659210205
2019-02-10 02:08:37 DEBUG __main__:773 Epoch: 354, Loss: 11.51293659210205
2019-02-10 02:08:42 DEBUG __main__:773 Epoch: 355, Loss: 11.51293659210205
2019-02-10 02:08:46 DEBUG __main__:773 Epoch: 356, Loss: 11.51293659210205
2019-02-10 02:08:51 DEBUG __main__:773 Epoch: 357, Loss: 11.51293659210205
2019-02-10 02:08:56 DEBUG __main__:773 Epoch: 358, Loss: 11.51293659210205
2019-02-10 02:09:01 DEBUG __main__:773 Epoch: 359, Loss: 11.51293659210205
2019-02-10 02:09:06 DEBUG __main__:773 Epoch: 360, Loss: 11.51293659210205
2019-02-10 02:09:11 DEBUG __main__:773 Epoch: 361, Loss: 11.51293659210205
2019-02-10 02:09:16 DEBUG __main__:773 Epoch: 362, Loss: 11.51293659210205
2019-02-10 02:09:21 DEBUG __main__:773 Epoch: 363, Loss: 11.51293659210205
2019-02-10 02:09:26 DEBUG __main__:773 Epoch: 364, Loss: 11.51293659210205
2019-02-10 02:09:30 DEBUG __main__:773 Epoch: 365, Loss: 11.51293659210205
2019-02-10 02:09:35 DEBUG __main__:773 Epoch: 366, Loss: 11.51293659210205
2019-02-10 02:09:40 DEBUG __main__:773 Epoch: 367, Loss: 11.51293659210205
2019-02-10 02:09:45 DEBUG __main__:773 Epoch: 368, Loss: 11.51293659210205
2019-02-10 02:09:50 DEBUG __main__:773 Epoch: 369, Loss: 11.51293659210205
2019-02-10 02:09:55 DEBUG __main__:773 Epoch: 370, Loss: 11.51293659210205
2019-02-10 02:10:00 DEBUG __main__:773 Epoch: 371, Loss: 11.51293659210205
2019-02-10 02:10:05 DEBUG __main__:773 Epoch: 372, Loss: 11.51293659210205
2019-02-10 02:10:10 DEBUG __main__:773 Epoch: 373, Loss: 11.51293659210205
2019-02-10 02:10:14 DEBUG __main__:773 Epoch: 374, Loss: 11.51293659210205
2019-02-10 02:10:19 DEBUG __main__:773 Epoch: 375, Loss: 11.51293659210205
2019-02-10 02:10:23 DEBUG __main__:773 Epoch: 376, Loss: 11.51293659210205
2019-02-10 02:10:27 DEBUG __main__:773 Epoch: 377, Loss: 11.51293659210205
2019-02-10 02:10:31 DEBUG __main__:773 Epoch: 378, Loss: 11.51293659210205
2019-02-10 02:10:35 DEBUG __main__:773 Epoch: 379, Loss: 11.51293659210205
2019-02-10 02:10:40 DEBUG __main__:773 Epoch: 380, Loss: 11.51293659210205
2019-02-10 02:10:44 DEBUG __main__:773 Epoch: 381, Loss: 11.51293659210205
2019-02-10 02:10:48 DEBUG __main__:773 Epoch: 382, Loss: 11.51293659210205
2019-02-10 02:10:52 DEBUG __main__:773 Epoch: 383, Loss: 11.51293659210205
2019-02-10 02:10:56 DEBUG __main__:773 Epoch: 384, Loss: 11.51293659210205
2019-02-10 02:11:01 DEBUG __main__:773 Epoch: 385, Loss: 11.51293659210205
2019-02-10 02:11:05 DEBUG __main__:773 Epoch: 386, Loss: 11.51293659210205
2019-02-10 02:11:09 DEBUG __main__:773 Epoch: 387, Loss: 11.51293659210205
2019-02-10 02:11:13 DEBUG __main__:773 Epoch: 388, Loss: 11.51293659210205
2019-02-10 02:11:17 DEBUG __main__:773 Epoch: 389, Loss: 11.51293659210205
2019-02-10 02:11:21 DEBUG __main__:773 Epoch: 390, Loss: 11.51293659210205
2019-02-10 02:11:26 DEBUG __main__:773 Epoch: 391, Loss: 11.51293659210205
2019-02-10 02:11:30 DEBUG __main__:773 Epoch: 392, Loss: 11.51293659210205
2019-02-10 02:11:34 DEBUG __main__:773 Epoch: 393, Loss: 11.51293659210205
2019-02-10 02:11:38 DEBUG __main__:773 Epoch: 394, Loss: 11.51293659210205
2019-02-10 02:11:42 DEBUG __main__:773 Epoch: 395, Loss: 11.51293659210205
2019-02-10 02:11:46 DEBUG __main__:773 Epoch: 396, Loss: 11.51293659210205
2019-02-10 02:11:51 DEBUG __main__:773 Epoch: 397, Loss: 11.51293659210205
2019-02-10 02:11:55 DEBUG __main__:773 Epoch: 398, Loss: 11.51293659210205
2019-02-10 02:11:59 DEBUG __main__:773 Epoch: 399, Loss: 11.51293659210205
2019-02-10 02:12:03 DEBUG __main__:773 Epoch: 400, Loss: 11.51293659210205
2019-02-10 02:12:07 DEBUG __main__:773 Epoch: 401, Loss: 11.51293659210205
2019-02-10 02:12:11 DEBUG __main__:773 Epoch: 402, Loss: 11.51293659210205
2019-02-10 02:12:15 DEBUG __main__:773 Epoch: 403, Loss: 11.51293659210205
2019-02-10 02:12:20 DEBUG __main__:773 Epoch: 404, Loss: 11.51293659210205
2019-02-10 02:12:24 DEBUG __main__:773 Epoch: 405, Loss: 11.51293659210205
2019-02-10 02:12:28 DEBUG __main__:773 Epoch: 406, Loss: 11.51293659210205
2019-02-10 02:12:32 DEBUG __main__:773 Epoch: 407, Loss: 11.51293659210205
2019-02-10 02:12:36 DEBUG __main__:773 Epoch: 408, Loss: 11.51293659210205
2019-02-10 02:12:41 DEBUG __main__:773 Epoch: 409, Loss: 11.51293659210205
2019-02-10 02:12:45 DEBUG __main__:773 Epoch: 410, Loss: 11.51293659210205
2019-02-10 02:12:49 DEBUG __main__:773 Epoch: 411, Loss: 11.51293659210205
2019-02-10 02:12:53 DEBUG __main__:773 Epoch: 412, Loss: 11.51293659210205
2019-02-10 02:12:57 DEBUG __main__:773 Epoch: 413, Loss: 11.51293659210205
2019-02-10 02:13:01 DEBUG __main__:773 Epoch: 414, Loss: 11.51293659210205
2019-02-10 02:13:06 DEBUG __main__:773 Epoch: 415, Loss: 11.51293659210205
2019-02-10 02:13:10 DEBUG __main__:773 Epoch: 416, Loss: 11.51293659210205
2019-02-10 02:13:14 DEBUG __main__:773 Epoch: 417, Loss: 11.51293659210205
2019-02-10 02:13:18 DEBUG __main__:773 Epoch: 418, Loss: 11.51293659210205
2019-02-10 02:13:22 DEBUG __main__:773 Epoch: 419, Loss: 11.51293659210205
2019-02-10 02:13:27 DEBUG __main__:773 Epoch: 420, Loss: 11.51293659210205
2019-02-10 02:13:31 DEBUG __main__:773 Epoch: 421, Loss: 11.51293659210205
2019-02-10 02:13:35 DEBUG __main__:773 Epoch: 422, Loss: 11.51293659210205
2019-02-10 02:13:39 DEBUG __main__:773 Epoch: 423, Loss: 11.51293659210205
2019-02-10 02:13:43 DEBUG __main__:773 Epoch: 424, Loss: 11.51293659210205
2019-02-10 02:13:47 DEBUG __main__:773 Epoch: 425, Loss: 11.51293659210205
2019-02-10 02:13:52 DEBUG __main__:773 Epoch: 426, Loss: 11.51293659210205
2019-02-10 02:13:56 DEBUG __main__:773 Epoch: 427, Loss: 11.51293659210205
2019-02-10 02:14:00 DEBUG __main__:773 Epoch: 428, Loss: 11.51293659210205
2019-02-10 02:14:04 DEBUG __main__:773 Epoch: 429, Loss: 11.51293659210205
2019-02-10 02:14:08 DEBUG __main__:773 Epoch: 430, Loss: 11.51293659210205
2019-02-10 02:14:12 DEBUG __main__:773 Epoch: 431, Loss: 11.51293659210205
2019-02-10 02:14:17 DEBUG __main__:773 Epoch: 432, Loss: 11.51293659210205
2019-02-10 02:14:21 DEBUG __main__:773 Epoch: 433, Loss: 11.51293659210205
2019-02-10 02:14:25 DEBUG __main__:773 Epoch: 434, Loss: 11.51293659210205
2019-02-10 02:14:29 DEBUG __main__:773 Epoch: 435, Loss: 11.51293659210205
2019-02-10 02:14:33 DEBUG __main__:773 Epoch: 436, Loss: 11.51293659210205
2019-02-10 02:14:37 DEBUG __main__:773 Epoch: 437, Loss: 11.51293659210205
2019-02-10 02:14:42 DEBUG __main__:773 Epoch: 438, Loss: 11.51293659210205
2019-02-10 02:14:46 DEBUG __main__:773 Epoch: 439, Loss: 11.51293659210205
2019-02-10 02:14:50 DEBUG __main__:773 Epoch: 440, Loss: 11.51293659210205
2019-02-10 02:14:54 DEBUG __main__:773 Epoch: 441, Loss: 11.51293659210205
2019-02-10 02:14:58 DEBUG __main__:773 Epoch: 442, Loss: 11.51293659210205
2019-02-10 02:15:03 DEBUG __main__:773 Epoch: 443, Loss: 11.51293659210205
2019-02-10 02:15:07 DEBUG __main__:773 Epoch: 444, Loss: 11.51293659210205
2019-02-10 02:15:11 DEBUG __main__:773 Epoch: 445, Loss: 11.51293659210205
2019-02-10 02:15:15 DEBUG __main__:773 Epoch: 446, Loss: 11.51293659210205
2019-02-10 02:15:19 DEBUG __main__:773 Epoch: 447, Loss: 11.51293659210205
2019-02-10 02:15:24 DEBUG __main__:773 Epoch: 448, Loss: 11.51293659210205
2019-02-10 02:15:28 DEBUG __main__:773 Epoch: 449, Loss: 11.51293659210205
2019-02-10 02:15:32 DEBUG __main__:773 Epoch: 450, Loss: 11.51293659210205
2019-02-10 02:15:36 DEBUG __main__:773 Epoch: 451, Loss: 11.51293659210205
2019-02-10 02:15:40 DEBUG __main__:773 Epoch: 452, Loss: 11.51293659210205
2019-02-10 02:15:44 DEBUG __main__:773 Epoch: 453, Loss: 11.51293659210205
2019-02-10 02:15:49 DEBUG __main__:773 Epoch: 454, Loss: 11.51293659210205
2019-02-10 02:15:53 DEBUG __main__:773 Epoch: 455, Loss: 11.51293659210205
2019-02-10 02:15:57 DEBUG __main__:773 Epoch: 456, Loss: 11.51293659210205
2019-02-10 02:16:01 DEBUG __main__:773 Epoch: 457, Loss: 11.51293659210205
2019-02-10 02:16:05 DEBUG __main__:773 Epoch: 458, Loss: 11.51293659210205
2019-02-10 02:16:09 DEBUG __main__:773 Epoch: 459, Loss: 11.51293659210205
2019-02-10 02:16:14 DEBUG __main__:773 Epoch: 460, Loss: 11.51293659210205
2019-02-10 02:16:18 DEBUG __main__:773 Epoch: 461, Loss: 11.51293659210205
2019-02-10 02:16:22 DEBUG __main__:773 Epoch: 462, Loss: 11.51293659210205
2019-02-10 02:16:26 DEBUG __main__:773 Epoch: 463, Loss: 11.51293659210205
2019-02-10 02:16:30 DEBUG __main__:773 Epoch: 464, Loss: 11.51293659210205
2019-02-10 02:16:34 DEBUG __main__:773 Epoch: 465, Loss: 11.51293659210205
2019-02-10 02:16:38 DEBUG __main__:773 Epoch: 466, Loss: 11.51293659210205
2019-02-10 02:16:43 DEBUG __main__:773 Epoch: 467, Loss: 11.51293659210205
2019-02-10 02:16:47 DEBUG __main__:773 Epoch: 468, Loss: 11.51293659210205
2019-02-10 02:16:51 DEBUG __main__:773 Epoch: 469, Loss: 11.51293659210205
2019-02-10 02:16:55 DEBUG __main__:773 Epoch: 470, Loss: 11.51293659210205
2019-02-10 02:16:59 DEBUG __main__:773 Epoch: 471, Loss: 11.51293659210205
2019-02-10 02:17:03 DEBUG __main__:773 Epoch: 472, Loss: 11.51293659210205
2019-02-10 02:17:08 DEBUG __main__:773 Epoch: 473, Loss: 11.51293659210205
2019-02-10 02:17:12 DEBUG __main__:773 Epoch: 474, Loss: 11.51293659210205
2019-02-10 02:17:16 DEBUG __main__:773 Epoch: 475, Loss: 11.51293659210205
2019-02-10 02:17:20 DEBUG __main__:773 Epoch: 476, Loss: 11.51293659210205
2019-02-10 02:17:24 DEBUG __main__:773 Epoch: 477, Loss: 11.51293659210205
2019-02-10 02:17:28 DEBUG __main__:773 Epoch: 478, Loss: 11.51293659210205
2019-02-10 02:17:33 DEBUG __main__:773 Epoch: 479, Loss: 11.51293659210205
2019-02-10 02:17:37 DEBUG __main__:773 Epoch: 480, Loss: 11.51293659210205
2019-02-10 02:17:41 DEBUG __main__:773 Epoch: 481, Loss: 11.51293659210205
2019-02-10 02:17:45 DEBUG __main__:773 Epoch: 482, Loss: 11.51293659210205
2019-02-10 02:17:49 DEBUG __main__:773 Epoch: 483, Loss: 11.51293659210205
2019-02-10 02:17:54 DEBUG __main__:773 Epoch: 484, Loss: 11.51293659210205
2019-02-10 02:17:58 DEBUG __main__:773 Epoch: 485, Loss: 11.51293659210205
2019-02-10 02:18:02 DEBUG __main__:773 Epoch: 486, Loss: 11.51293659210205
2019-02-10 02:18:06 DEBUG __main__:773 Epoch: 487, Loss: 11.51293659210205
2019-02-10 02:18:10 DEBUG __main__:773 Epoch: 488, Loss: 11.51293659210205
2019-02-10 02:18:14 DEBUG __main__:773 Epoch: 489, Loss: 11.51293659210205
2019-02-10 02:18:19 DEBUG __main__:773 Epoch: 490, Loss: 11.51293659210205
2019-02-10 02:18:23 DEBUG __main__:773 Epoch: 491, Loss: 11.51293659210205
2019-02-10 02:18:27 DEBUG __main__:773 Epoch: 492, Loss: 11.51293659210205
2019-02-10 02:18:31 DEBUG __main__:773 Epoch: 493, Loss: 11.51293659210205
2019-02-10 02:18:35 DEBUG __main__:773 Epoch: 494, Loss: 11.51293659210205
2019-02-10 02:18:39 DEBUG __main__:773 Epoch: 495, Loss: 11.51293659210205
2019-02-10 02:18:44 DEBUG __main__:773 Epoch: 496, Loss: 11.51293659210205
2019-02-10 02:18:48 DEBUG __main__:773 Epoch: 497, Loss: 11.51293659210205
2019-02-10 02:18:52 DEBUG __main__:773 Epoch: 498, Loss: 11.51293659210205
2019-02-10 02:18:56 DEBUG __main__:773 Epoch: 499, Loss: 11.51293659210205
2019-02-10 02:19:00 DEBUG __main__:773 Epoch: 500, Loss: 11.51293659210205
2019-02-10 02:19:04 DEBUG __main__:773 Epoch: 501, Loss: 11.51293659210205
2019-02-10 02:19:08 DEBUG __main__:773 Epoch: 502, Loss: 11.51293659210205
2019-02-10 02:19:13 DEBUG __main__:773 Epoch: 503, Loss: 11.51293659210205
2019-02-10 02:19:17 DEBUG __main__:773 Epoch: 504, Loss: 11.51293659210205
2019-02-10 02:19:21 DEBUG __main__:773 Epoch: 505, Loss: 11.51293659210205
2019-02-10 02:19:25 DEBUG __main__:773 Epoch: 506, Loss: 11.51293659210205
2019-02-10 02:19:29 DEBUG __main__:773 Epoch: 507, Loss: 11.51293659210205
2019-02-10 02:19:33 DEBUG __main__:773 Epoch: 508, Loss: 11.51293659210205
2019-02-10 02:19:37 DEBUG __main__:773 Epoch: 509, Loss: 11.51293659210205
2019-02-10 02:19:42 DEBUG __main__:773 Epoch: 510, Loss: 11.51293659210205
2019-02-10 02:19:46 DEBUG __main__:773 Epoch: 511, Loss: 11.51293659210205
2019-02-10 02:19:50 DEBUG __main__:773 Epoch: 512, Loss: 11.51293659210205
2019-02-10 02:19:54 DEBUG __main__:773 Epoch: 513, Loss: 11.51293659210205
2019-02-10 02:19:58 DEBUG __main__:773 Epoch: 514, Loss: 11.51293659210205
2019-02-10 02:20:02 DEBUG __main__:773 Epoch: 515, Loss: 11.51293659210205
2019-02-10 02:20:07 DEBUG __main__:773 Epoch: 516, Loss: 11.51293659210205
2019-02-10 02:20:11 DEBUG __main__:773 Epoch: 517, Loss: 11.51293659210205
2019-02-10 02:20:15 DEBUG __main__:773 Epoch: 518, Loss: 11.51293659210205
2019-02-10 02:20:19 DEBUG __main__:773 Epoch: 519, Loss: 11.51293659210205
2019-02-10 02:20:23 DEBUG __main__:773 Epoch: 520, Loss: 11.51293659210205
2019-02-10 02:20:27 DEBUG __main__:773 Epoch: 521, Loss: 11.51293659210205
2019-02-10 02:20:31 DEBUG __main__:773 Epoch: 522, Loss: 11.51293659210205
2019-02-10 02:20:36 DEBUG __main__:773 Epoch: 523, Loss: 11.51293659210205
2019-02-10 02:20:40 DEBUG __main__:773 Epoch: 524, Loss: 11.51293659210205
2019-02-10 02:20:44 DEBUG __main__:773 Epoch: 525, Loss: 11.51293659210205
2019-02-10 02:20:48 DEBUG __main__:773 Epoch: 526, Loss: 11.51293659210205
2019-02-10 02:20:52 DEBUG __main__:773 Epoch: 527, Loss: 11.51293659210205
2019-02-10 02:20:56 DEBUG __main__:773 Epoch: 528, Loss: 11.51293659210205
2019-02-10 02:21:01 DEBUG __main__:773 Epoch: 529, Loss: 11.51293659210205
2019-02-10 02:21:05 DEBUG __main__:773 Epoch: 530, Loss: 11.51293659210205
2019-02-10 02:21:09 DEBUG __main__:773 Epoch: 531, Loss: 11.51293659210205
2019-02-10 02:21:13 DEBUG __main__:773 Epoch: 532, Loss: 11.51293659210205
2019-02-10 02:21:17 DEBUG __main__:773 Epoch: 533, Loss: 11.51293659210205
2019-02-10 02:21:21 DEBUG __main__:773 Epoch: 534, Loss: 11.51293659210205
2019-02-10 02:21:26 DEBUG __main__:773 Epoch: 535, Loss: 11.51293659210205
2019-02-10 02:21:30 DEBUG __main__:773 Epoch: 536, Loss: 11.51293659210205
2019-02-10 02:21:34 DEBUG __main__:773 Epoch: 537, Loss: 11.51293659210205
2019-02-10 02:21:38 DEBUG __main__:773 Epoch: 538, Loss: 11.51293659210205
2019-02-10 02:21:42 DEBUG __main__:773 Epoch: 539, Loss: 11.51293659210205
2019-02-10 02:21:46 DEBUG __main__:773 Epoch: 540, Loss: 11.51293659210205
2019-02-10 02:21:50 DEBUG __main__:773 Epoch: 541, Loss: 11.51293659210205
2019-02-10 02:21:55 DEBUG __main__:773 Epoch: 542, Loss: 11.51293659210205
2019-02-10 02:21:59 DEBUG __main__:773 Epoch: 543, Loss: 11.51293659210205
2019-02-10 02:22:03 DEBUG __main__:773 Epoch: 544, Loss: 11.51293659210205
2019-02-10 02:22:07 DEBUG __main__:773 Epoch: 545, Loss: 11.51293659210205
2019-02-10 02:22:11 DEBUG __main__:773 Epoch: 546, Loss: 11.51293659210205
2019-02-10 02:22:15 DEBUG __main__:773 Epoch: 547, Loss: 11.51293659210205
2019-02-10 02:22:19 DEBUG __main__:773 Epoch: 548, Loss: 11.51293659210205
2019-02-10 02:22:24 DEBUG __main__:773 Epoch: 549, Loss: 11.51293659210205
2019-02-10 02:22:28 DEBUG __main__:773 Epoch: 550, Loss: 11.51293659210205
2019-02-10 02:22:32 DEBUG __main__:773 Epoch: 551, Loss: 11.51293659210205
2019-02-10 02:22:36 DEBUG __main__:773 Epoch: 552, Loss: 11.51293659210205
2019-02-10 02:22:40 DEBUG __main__:773 Epoch: 553, Loss: 11.51293659210205
2019-02-10 02:22:44 DEBUG __main__:773 Epoch: 554, Loss: 11.51293659210205
2019-02-10 02:22:48 DEBUG __main__:773 Epoch: 555, Loss: 11.51293659210205
2019-02-10 02:22:53 DEBUG __main__:773 Epoch: 556, Loss: 11.51293659210205
2019-02-10 02:22:57 DEBUG __main__:773 Epoch: 557, Loss: 11.51293659210205
2019-02-10 02:23:01 DEBUG __main__:773 Epoch: 558, Loss: 11.51293659210205
2019-02-10 02:23:05 DEBUG __main__:773 Epoch: 559, Loss: 11.51293659210205
2019-02-10 02:23:10 DEBUG __main__:773 Epoch: 560, Loss: 11.51293659210205
2019-02-10 02:23:14 DEBUG __main__:773 Epoch: 561, Loss: 11.51293659210205
2019-02-10 02:23:18 DEBUG __main__:773 Epoch: 562, Loss: 11.51293659210205
2019-02-10 02:23:22 DEBUG __main__:773 Epoch: 563, Loss: 11.51293659210205
2019-02-10 02:23:26 DEBUG __main__:773 Epoch: 564, Loss: 11.51293659210205
2019-02-10 02:23:31 DEBUG __main__:773 Epoch: 565, Loss: 11.51293659210205
2019-02-10 02:23:35 DEBUG __main__:773 Epoch: 566, Loss: 11.51293659210205
2019-02-10 02:23:39 DEBUG __main__:773 Epoch: 567, Loss: 11.51293659210205
2019-02-10 02:23:43 DEBUG __main__:773 Epoch: 568, Loss: 11.51293659210205
2019-02-10 02:23:47 DEBUG __main__:773 Epoch: 569, Loss: 11.51293659210205
2019-02-10 02:23:52 DEBUG __main__:773 Epoch: 570, Loss: 11.51293659210205
2019-02-10 02:23:56 DEBUG __main__:773 Epoch: 571, Loss: 11.51293659210205
2019-02-10 02:24:00 DEBUG __main__:773 Epoch: 572, Loss: 11.51293659210205
2019-02-10 02:24:05 DEBUG __main__:773 Epoch: 573, Loss: 11.51293659210205
2019-02-10 02:24:09 DEBUG __main__:773 Epoch: 574, Loss: 11.51293659210205
2019-02-10 02:24:13 DEBUG __main__:773 Epoch: 575, Loss: 11.51293659210205
2019-02-10 02:24:17 DEBUG __main__:773 Epoch: 576, Loss: 11.51293659210205
2019-02-10 02:24:21 DEBUG __main__:773 Epoch: 577, Loss: 11.51293659210205
2019-02-10 02:24:26 DEBUG __main__:773 Epoch: 578, Loss: 11.51293659210205
2019-02-10 02:24:30 DEBUG __main__:773 Epoch: 579, Loss: 11.51293659210205
2019-02-10 02:24:34 DEBUG __main__:773 Epoch: 580, Loss: 11.51293659210205
2019-02-10 02:24:38 DEBUG __main__:773 Epoch: 581, Loss: 11.51293659210205
2019-02-10 02:24:42 DEBUG __main__:773 Epoch: 582, Loss: 11.51293659210205
2019-02-10 02:24:46 DEBUG __main__:773 Epoch: 583, Loss: 11.51293659210205
2019-02-10 02:24:51 DEBUG __main__:773 Epoch: 584, Loss: 11.51293659210205
2019-02-10 02:24:55 DEBUG __main__:773 Epoch: 585, Loss: 11.51293659210205
2019-02-10 02:24:59 DEBUG __main__:773 Epoch: 586, Loss: 11.51293659210205
2019-02-10 02:25:03 DEBUG __main__:773 Epoch: 587, Loss: 11.51293659210205
2019-02-10 02:25:07 DEBUG __main__:773 Epoch: 588, Loss: 11.51293659210205
2019-02-10 02:25:12 DEBUG __main__:773 Epoch: 589, Loss: 11.51293659210205
2019-02-10 02:25:16 DEBUG __main__:773 Epoch: 590, Loss: 11.51293659210205
2019-02-10 02:25:20 DEBUG __main__:773 Epoch: 591, Loss: 11.51293659210205
2019-02-10 02:25:24 DEBUG __main__:773 Epoch: 592, Loss: 11.51293659210205
2019-02-10 02:25:28 DEBUG __main__:773 Epoch: 593, Loss: 11.51293659210205
2019-02-10 02:25:33 DEBUG __main__:773 Epoch: 594, Loss: 11.51293659210205
2019-02-10 02:25:37 DEBUG __main__:773 Epoch: 595, Loss: 11.51293659210205
2019-02-10 02:25:41 DEBUG __main__:773 Epoch: 596, Loss: 11.51293659210205
2019-02-10 02:25:45 DEBUG __main__:773 Epoch: 597, Loss: 11.51293659210205
2019-02-10 02:25:49 DEBUG __main__:773 Epoch: 598, Loss: 11.51293659210205
2019-02-10 02:25:54 DEBUG __main__:773 Epoch: 599, Loss: 11.51293659210205
2019-02-10 02:25:58 DEBUG __main__:773 Epoch: 600, Loss: 11.51293659210205
2019-02-10 02:26:02 DEBUG __main__:773 Epoch: 601, Loss: 11.51293659210205
2019-02-10 02:26:06 DEBUG __main__:773 Epoch: 602, Loss: 11.51293659210205
2019-02-10 02:26:11 DEBUG __main__:773 Epoch: 603, Loss: 11.51293659210205
2019-02-10 02:26:15 DEBUG __main__:773 Epoch: 604, Loss: 11.51293659210205
2019-02-10 02:26:19 DEBUG __main__:773 Epoch: 605, Loss: 11.51293659210205
2019-02-10 02:26:23 DEBUG __main__:773 Epoch: 606, Loss: 11.51293659210205
2019-02-10 02:26:27 DEBUG __main__:773 Epoch: 607, Loss: 11.51293659210205
2019-02-10 02:26:32 DEBUG __main__:773 Epoch: 608, Loss: 11.51293659210205
2019-02-10 02:26:36 DEBUG __main__:773 Epoch: 609, Loss: 11.51293659210205
2019-02-10 02:26:40 DEBUG __main__:773 Epoch: 610, Loss: 11.51293659210205
2019-02-10 02:26:44 DEBUG __main__:773 Epoch: 611, Loss: 11.51293659210205
2019-02-10 02:26:48 DEBUG __main__:773 Epoch: 612, Loss: 11.51293659210205
2019-02-10 02:26:53 DEBUG __main__:773 Epoch: 613, Loss: 11.51293659210205
2019-02-10 02:26:57 DEBUG __main__:773 Epoch: 614, Loss: 11.51293659210205
2019-02-10 02:27:01 DEBUG __main__:773 Epoch: 615, Loss: 11.51293659210205
2019-02-10 02:27:05 DEBUG __main__:773 Epoch: 616, Loss: 11.51293659210205
2019-02-10 02:27:09 DEBUG __main__:773 Epoch: 617, Loss: 11.51293659210205
2019-02-10 02:27:14 DEBUG __main__:773 Epoch: 618, Loss: 11.51293659210205
2019-02-10 02:27:18 DEBUG __main__:773 Epoch: 619, Loss: 11.51293659210205
2019-02-10 02:27:22 DEBUG __main__:773 Epoch: 620, Loss: 11.51293659210205
2019-02-10 02:27:26 DEBUG __main__:773 Epoch: 621, Loss: 11.51293659210205
2019-02-10 02:27:31 DEBUG __main__:773 Epoch: 622, Loss: 11.51293659210205
2019-02-10 02:27:35 DEBUG __main__:773 Epoch: 623, Loss: 11.51293659210205
2019-02-10 02:27:39 DEBUG __main__:773 Epoch: 624, Loss: 11.51293659210205
2019-02-10 02:27:43 DEBUG __main__:773 Epoch: 625, Loss: 11.51293659210205
2019-02-10 02:27:47 DEBUG __main__:773 Epoch: 626, Loss: 11.51293659210205
2019-02-10 02:27:52 DEBUG __main__:773 Epoch: 627, Loss: 11.51293659210205
2019-02-10 02:27:56 DEBUG __main__:773 Epoch: 628, Loss: 11.51293659210205
2019-02-10 02:28:00 DEBUG __main__:773 Epoch: 629, Loss: 11.51293659210205
2019-02-10 02:28:04 DEBUG __main__:773 Epoch: 630, Loss: 11.51293659210205
2019-02-10 02:28:09 DEBUG __main__:773 Epoch: 631, Loss: 11.51293659210205
2019-02-10 02:28:13 DEBUG __main__:773 Epoch: 632, Loss: 11.51293659210205
2019-02-10 02:28:17 DEBUG __main__:773 Epoch: 633, Loss: 11.51293659210205
2019-02-10 02:28:21 DEBUG __main__:773 Epoch: 634, Loss: 11.51293659210205
2019-02-10 02:28:26 DEBUG __main__:773 Epoch: 635, Loss: 11.51293659210205
2019-02-10 02:28:30 DEBUG __main__:773 Epoch: 636, Loss: 11.51293659210205
2019-02-10 02:28:34 DEBUG __main__:773 Epoch: 637, Loss: 11.51293659210205
2019-02-10 02:28:38 DEBUG __main__:773 Epoch: 638, Loss: 11.51293659210205
2019-02-10 02:28:42 DEBUG __main__:773 Epoch: 639, Loss: 11.51293659210205
2019-02-10 02:28:46 DEBUG __main__:773 Epoch: 640, Loss: 11.51293659210205
2019-02-10 02:28:50 DEBUG __main__:773 Epoch: 641, Loss: 11.51293659210205
2019-02-10 02:28:55 DEBUG __main__:773 Epoch: 642, Loss: 11.51293659210205
2019-02-10 02:28:59 DEBUG __main__:773 Epoch: 643, Loss: 11.51293659210205
2019-02-10 02:29:03 DEBUG __main__:773 Epoch: 644, Loss: 11.51293659210205
2019-02-10 02:29:07 DEBUG __main__:773 Epoch: 645, Loss: 11.51293659210205
2019-02-10 02:29:11 DEBUG __main__:773 Epoch: 646, Loss: 11.51293659210205
2019-02-10 02:29:15 DEBUG __main__:773 Epoch: 647, Loss: 11.51293659210205
2019-02-10 02:29:20 DEBUG __main__:773 Epoch: 648, Loss: 11.51293659210205
2019-02-10 02:29:24 DEBUG __main__:773 Epoch: 649, Loss: 11.51293659210205
2019-02-10 02:29:28 DEBUG __main__:773 Epoch: 650, Loss: 11.51293659210205
2019-02-10 02:29:32 DEBUG __main__:773 Epoch: 651, Loss: 11.51293659210205
2019-02-10 02:29:36 DEBUG __main__:773 Epoch: 652, Loss: 11.51293659210205
2019-02-10 02:29:41 DEBUG __main__:773 Epoch: 653, Loss: 11.51293659210205
2019-02-10 02:29:45 DEBUG __main__:773 Epoch: 654, Loss: 11.51293659210205
2019-02-10 02:29:49 DEBUG __main__:773 Epoch: 655, Loss: 11.51293659210205
2019-02-10 02:29:53 DEBUG __main__:773 Epoch: 656, Loss: 11.51293659210205
2019-02-10 02:29:57 DEBUG __main__:773 Epoch: 657, Loss: 11.51293659210205
2019-02-10 02:30:02 DEBUG __main__:773 Epoch: 658, Loss: 11.51293659210205
2019-02-10 02:30:06 DEBUG __main__:773 Epoch: 659, Loss: 11.51293659210205
2019-02-10 02:30:10 DEBUG __main__:773 Epoch: 660, Loss: 11.51293659210205
2019-02-10 02:30:14 DEBUG __main__:773 Epoch: 661, Loss: 11.51293659210205
2019-02-10 02:30:18 DEBUG __main__:773 Epoch: 662, Loss: 11.51293659210205
2019-02-10 02:30:23 DEBUG __main__:773 Epoch: 663, Loss: 11.51293659210205
2019-02-10 02:30:27 DEBUG __main__:773 Epoch: 664, Loss: 11.51293659210205
2019-02-10 02:30:31 DEBUG __main__:773 Epoch: 665, Loss: 11.51293659210205
2019-02-10 02:30:35 DEBUG __main__:773 Epoch: 666, Loss: 11.51293659210205
2019-02-10 02:30:39 DEBUG __main__:773 Epoch: 667, Loss: 11.51293659210205
2019-02-10 02:30:44 DEBUG __main__:773 Epoch: 668, Loss: 11.51293659210205
2019-02-10 02:30:48 DEBUG __main__:773 Epoch: 669, Loss: 11.51293659210205
2019-02-10 02:30:52 DEBUG __main__:773 Epoch: 670, Loss: 11.51293659210205
2019-02-10 02:30:56 DEBUG __main__:773 Epoch: 671, Loss: 11.51293659210205
2019-02-10 02:31:00 DEBUG __main__:773 Epoch: 672, Loss: 11.51293659210205
2019-02-10 02:31:05 DEBUG __main__:773 Epoch: 673, Loss: 11.51293659210205
2019-02-10 02:31:09 DEBUG __main__:773 Epoch: 674, Loss: 11.51293659210205
2019-02-10 02:31:13 DEBUG __main__:773 Epoch: 675, Loss: 11.51293659210205
2019-02-10 02:31:17 DEBUG __main__:773 Epoch: 676, Loss: 11.51293659210205
2019-02-10 02:31:21 DEBUG __main__:773 Epoch: 677, Loss: 11.51293659210205
2019-02-10 02:31:26 DEBUG __main__:773 Epoch: 678, Loss: 11.51293659210205
2019-02-10 02:31:30 DEBUG __main__:773 Epoch: 679, Loss: 11.51293659210205
2019-02-10 02:31:34 DEBUG __main__:773 Epoch: 680, Loss: 11.51293659210205
2019-02-10 02:31:38 DEBUG __main__:773 Epoch: 681, Loss: 11.51293659210205
2019-02-10 02:31:42 DEBUG __main__:773 Epoch: 682, Loss: 11.51293659210205
2019-02-10 02:31:47 DEBUG __main__:773 Epoch: 683, Loss: 11.51293659210205
2019-02-10 02:31:51 DEBUG __main__:773 Epoch: 684, Loss: 11.51293659210205
2019-02-10 02:31:55 DEBUG __main__:773 Epoch: 685, Loss: 11.51293659210205
2019-02-10 02:31:59 DEBUG __main__:773 Epoch: 686, Loss: 11.51293659210205
2019-02-10 02:32:03 DEBUG __main__:773 Epoch: 687, Loss: 11.51293659210205
2019-02-10 02:32:08 DEBUG __main__:773 Epoch: 688, Loss: 11.51293659210205
2019-02-10 02:32:12 DEBUG __main__:773 Epoch: 689, Loss: 11.51293659210205
2019-02-10 02:32:16 DEBUG __main__:773 Epoch: 690, Loss: 11.51293659210205
2019-02-10 02:32:20 DEBUG __main__:773 Epoch: 691, Loss: 11.51293659210205
2019-02-10 02:32:24 DEBUG __main__:773 Epoch: 692, Loss: 11.51293659210205
2019-02-10 02:32:29 DEBUG __main__:773 Epoch: 693, Loss: 11.51293659210205
2019-02-10 02:32:33 DEBUG __main__:773 Epoch: 694, Loss: 11.51293659210205
2019-02-10 02:32:37 DEBUG __main__:773 Epoch: 695, Loss: 11.51293659210205
2019-02-10 02:32:41 DEBUG __main__:773 Epoch: 696, Loss: 11.51293659210205
2019-02-10 02:32:45 DEBUG __main__:773 Epoch: 697, Loss: 11.51293659210205
2019-02-10 02:32:50 DEBUG __main__:773 Epoch: 698, Loss: 11.51293659210205
2019-02-10 02:32:54 DEBUG __main__:773 Epoch: 699, Loss: 11.51293659210205
2019-02-10 02:32:58 DEBUG __main__:773 Epoch: 700, Loss: 11.51293659210205
2019-02-10 02:33:02 DEBUG __main__:773 Epoch: 701, Loss: 11.51293659210205
2019-02-10 02:33:06 DEBUG __main__:773 Epoch: 702, Loss: 11.51293659210205
2019-02-10 02:33:10 DEBUG __main__:773 Epoch: 703, Loss: 11.51293659210205
2019-02-10 02:33:15 DEBUG __main__:773 Epoch: 704, Loss: 11.51293659210205
2019-02-10 02:33:19 DEBUG __main__:773 Epoch: 705, Loss: 11.51293659210205
2019-02-10 02:33:23 DEBUG __main__:773 Epoch: 706, Loss: 11.51293659210205
2019-02-10 02:33:27 DEBUG __main__:773 Epoch: 707, Loss: 11.51293659210205
2019-02-10 02:33:31 DEBUG __main__:773 Epoch: 708, Loss: 11.51293659210205
2019-02-10 02:33:36 DEBUG __main__:773 Epoch: 709, Loss: 11.51293659210205
2019-02-10 02:33:40 DEBUG __main__:773 Epoch: 710, Loss: 11.51293659210205
2019-02-10 02:33:44 DEBUG __main__:773 Epoch: 711, Loss: 11.51293659210205
2019-02-10 02:33:48 DEBUG __main__:773 Epoch: 712, Loss: 11.51293659210205
2019-02-10 02:33:52 DEBUG __main__:773 Epoch: 713, Loss: 11.51293659210205
2019-02-10 02:33:57 DEBUG __main__:773 Epoch: 714, Loss: 11.51293659210205
2019-02-10 02:34:01 DEBUG __main__:773 Epoch: 715, Loss: 11.51293659210205
2019-02-10 02:34:05 DEBUG __main__:773 Epoch: 716, Loss: 11.51293659210205
2019-02-10 02:34:09 DEBUG __main__:773 Epoch: 717, Loss: 11.51293659210205
2019-02-10 02:34:13 DEBUG __main__:773 Epoch: 718, Loss: 11.51293659210205
2019-02-10 02:34:18 DEBUG __main__:773 Epoch: 719, Loss: 11.51293659210205
2019-02-10 02:34:22 DEBUG __main__:773 Epoch: 720, Loss: 11.51293659210205
2019-02-10 02:34:26 DEBUG __main__:773 Epoch: 721, Loss: 11.51293659210205
2019-02-10 02:34:30 DEBUG __main__:773 Epoch: 722, Loss: 11.51293659210205
2019-02-10 02:34:35 DEBUG __main__:773 Epoch: 723, Loss: 11.51293659210205
2019-02-10 02:34:39 DEBUG __main__:773 Epoch: 724, Loss: 11.51293659210205
2019-02-10 02:34:43 DEBUG __main__:773 Epoch: 725, Loss: 11.51293659210205
2019-02-10 02:34:47 DEBUG __main__:773 Epoch: 726, Loss: 11.51293659210205
2019-02-10 02:34:51 DEBUG __main__:773 Epoch: 727, Loss: 11.51293659210205
2019-02-10 02:34:56 DEBUG __main__:773 Epoch: 728, Loss: 11.51293659210205
2019-02-10 02:35:00 DEBUG __main__:773 Epoch: 729, Loss: 11.51293659210205
2019-02-10 02:35:04 DEBUG __main__:773 Epoch: 730, Loss: 11.51293659210205
2019-02-10 02:35:08 DEBUG __main__:773 Epoch: 731, Loss: 11.51293659210205
2019-02-10 02:35:12 DEBUG __main__:773 Epoch: 732, Loss: 11.51293659210205
2019-02-10 02:35:17 DEBUG __main__:773 Epoch: 733, Loss: 11.51293659210205
2019-02-10 02:35:21 DEBUG __main__:773 Epoch: 734, Loss: 11.51293659210205
2019-02-10 02:35:25 DEBUG __main__:773 Epoch: 735, Loss: 11.51293659210205
2019-02-10 02:35:29 DEBUG __main__:773 Epoch: 736, Loss: 11.51293659210205
2019-02-10 02:35:33 DEBUG __main__:773 Epoch: 737, Loss: 11.51293659210205
2019-02-10 02:35:38 DEBUG __main__:773 Epoch: 738, Loss: 11.51293659210205
2019-02-10 02:35:42 DEBUG __main__:773 Epoch: 739, Loss: 11.51293659210205
2019-02-10 02:35:46 DEBUG __main__:773 Epoch: 740, Loss: 11.51293659210205
2019-02-10 02:35:50 DEBUG __main__:773 Epoch: 741, Loss: 11.51293659210205
2019-02-10 02:35:54 DEBUG __main__:773 Epoch: 742, Loss: 11.51293659210205
2019-02-10 02:35:59 DEBUG __main__:773 Epoch: 743, Loss: 11.51293659210205
2019-02-10 02:36:03 DEBUG __main__:773 Epoch: 744, Loss: 11.51293659210205
2019-02-10 02:36:07 DEBUG __main__:773 Epoch: 745, Loss: 11.51293659210205
2019-02-10 02:36:11 DEBUG __main__:773 Epoch: 746, Loss: 11.51293659210205
2019-02-10 02:36:16 DEBUG __main__:773 Epoch: 747, Loss: 11.51293659210205
2019-02-10 02:36:20 DEBUG __main__:773 Epoch: 748, Loss: 11.51293659210205
2019-02-10 02:36:24 DEBUG __main__:773 Epoch: 749, Loss: 11.51293659210205
2019-02-10 02:36:28 DEBUG __main__:773 Epoch: 750, Loss: 11.51293659210205
2019-02-10 02:36:32 DEBUG __main__:773 Epoch: 751, Loss: 11.51293659210205
2019-02-10 02:36:37 DEBUG __main__:773 Epoch: 752, Loss: 11.51293659210205
2019-02-10 02:36:41 DEBUG __main__:773 Epoch: 753, Loss: 11.51293659210205
2019-02-10 02:36:45 DEBUG __main__:773 Epoch: 754, Loss: 11.51293659210205
2019-02-10 02:36:49 DEBUG __main__:773 Epoch: 755, Loss: 11.51293659210205
2019-02-10 02:36:54 DEBUG __main__:773 Epoch: 756, Loss: 11.51293659210205
2019-02-10 02:36:58 DEBUG __main__:773 Epoch: 757, Loss: 11.51293659210205
2019-02-10 02:37:02 DEBUG __main__:773 Epoch: 758, Loss: 11.51293659210205
2019-02-10 02:37:06 DEBUG __main__:773 Epoch: 759, Loss: 11.51293659210205
2019-02-10 02:37:10 DEBUG __main__:773 Epoch: 760, Loss: 11.51293659210205
2019-02-10 02:37:15 DEBUG __main__:773 Epoch: 761, Loss: 11.51293659210205
2019-02-10 02:37:19 DEBUG __main__:773 Epoch: 762, Loss: 11.51293659210205
2019-02-10 02:37:23 DEBUG __main__:773 Epoch: 763, Loss: 11.51293659210205
2019-02-10 02:37:27 DEBUG __main__:773 Epoch: 764, Loss: 11.51293659210205
2019-02-10 02:37:31 DEBUG __main__:773 Epoch: 765, Loss: 11.51293659210205
2019-02-10 02:37:36 DEBUG __main__:773 Epoch: 766, Loss: 11.51293659210205
2019-02-10 02:37:40 DEBUG __main__:773 Epoch: 767, Loss: 11.51293659210205
2019-02-10 02:37:44 DEBUG __main__:773 Epoch: 768, Loss: 11.51293659210205
2019-02-10 02:37:48 DEBUG __main__:773 Epoch: 769, Loss: 11.51293659210205
2019-02-10 02:37:52 DEBUG __main__:773 Epoch: 770, Loss: 11.51293659210205
2019-02-10 02:37:57 DEBUG __main__:773 Epoch: 771, Loss: 11.51293659210205
2019-02-10 02:38:01 DEBUG __main__:773 Epoch: 772, Loss: 11.51293659210205
2019-02-10 02:38:05 DEBUG __main__:773 Epoch: 773, Loss: 11.51293659210205
2019-02-10 02:38:09 DEBUG __main__:773 Epoch: 774, Loss: 11.51293659210205
2019-02-10 02:38:14 DEBUG __main__:773 Epoch: 775, Loss: 11.51293659210205
2019-02-10 02:38:18 DEBUG __main__:773 Epoch: 776, Loss: 11.51293659210205
2019-02-10 02:38:22 DEBUG __main__:773 Epoch: 777, Loss: 11.51293659210205
2019-02-10 02:38:26 DEBUG __main__:773 Epoch: 778, Loss: 11.51293659210205
2019-02-10 02:38:30 DEBUG __main__:773 Epoch: 779, Loss: 11.51293659210205
2019-02-10 02:38:35 DEBUG __main__:773 Epoch: 780, Loss: 11.51293659210205
2019-02-10 02:38:39 DEBUG __main__:773 Epoch: 781, Loss: 11.51293659210205
2019-02-10 02:38:43 DEBUG __main__:773 Epoch: 782, Loss: 11.51293659210205
2019-02-10 02:38:47 DEBUG __main__:773 Epoch: 783, Loss: 11.51293659210205
2019-02-10 02:38:51 DEBUG __main__:773 Epoch: 784, Loss: 11.51293659210205
2019-02-10 02:38:55 DEBUG __main__:773 Epoch: 785, Loss: 11.51293659210205
2019-02-10 02:39:00 DEBUG __main__:773 Epoch: 786, Loss: 11.51293659210205
2019-02-10 02:39:04 DEBUG __main__:773 Epoch: 787, Loss: 11.51293659210205
2019-02-10 02:39:08 DEBUG __main__:773 Epoch: 788, Loss: 11.51293659210205
2019-02-10 02:39:12 DEBUG __main__:773 Epoch: 789, Loss: 11.51293659210205
2019-02-10 02:39:17 DEBUG __main__:773 Epoch: 790, Loss: 11.51293659210205
2019-02-10 02:39:21 DEBUG __main__:773 Epoch: 791, Loss: 11.51293659210205
2019-02-10 02:39:25 DEBUG __main__:773 Epoch: 792, Loss: 11.51293659210205
2019-02-10 02:39:29 DEBUG __main__:773 Epoch: 793, Loss: 11.51293659210205
2019-02-10 02:39:33 DEBUG __main__:773 Epoch: 794, Loss: 11.51293659210205
2019-02-10 02:39:38 DEBUG __main__:773 Epoch: 795, Loss: 11.51293659210205
2019-02-10 02:39:42 DEBUG __main__:773 Epoch: 796, Loss: 11.51293659210205
2019-02-10 02:39:46 DEBUG __main__:773 Epoch: 797, Loss: 11.51293659210205
2019-02-10 02:39:50 DEBUG __main__:773 Epoch: 798, Loss: 11.51293659210205
2019-02-10 02:39:54 DEBUG __main__:773 Epoch: 799, Loss: 11.51293659210205
2019-02-10 02:39:59 DEBUG __main__:773 Epoch: 800, Loss: 11.51293659210205
2019-02-10 02:40:03 DEBUG __main__:773 Epoch: 801, Loss: 11.51293659210205
2019-02-10 02:40:07 DEBUG __main__:773 Epoch: 802, Loss: 11.51293659210205
2019-02-10 02:40:11 DEBUG __main__:773 Epoch: 803, Loss: 11.51293659210205
2019-02-10 02:40:15 DEBUG __main__:773 Epoch: 804, Loss: 11.51293659210205
2019-02-10 02:40:20 DEBUG __main__:773 Epoch: 805, Loss: 11.51293659210205
2019-02-10 02:40:24 DEBUG __main__:773 Epoch: 806, Loss: 11.51293659210205
2019-02-10 02:40:28 DEBUG __main__:773 Epoch: 807, Loss: 11.51293659210205
2019-02-10 02:40:32 DEBUG __main__:773 Epoch: 808, Loss: 11.51293659210205
2019-02-10 02:40:36 DEBUG __main__:773 Epoch: 809, Loss: 11.51293659210205
2019-02-10 02:40:40 DEBUG __main__:773 Epoch: 810, Loss: 11.51293659210205
2019-02-10 02:40:45 DEBUG __main__:773 Epoch: 811, Loss: 11.51293659210205
2019-02-10 02:40:49 DEBUG __main__:773 Epoch: 812, Loss: 11.51293659210205
2019-02-10 02:40:53 DEBUG __main__:773 Epoch: 813, Loss: 11.51293659210205
2019-02-10 02:40:57 DEBUG __main__:773 Epoch: 814, Loss: 11.51293659210205
2019-02-10 02:41:01 DEBUG __main__:773 Epoch: 815, Loss: 11.51293659210205
2019-02-10 02:41:06 DEBUG __main__:773 Epoch: 816, Loss: 11.51293659210205
2019-02-10 02:41:10 DEBUG __main__:773 Epoch: 817, Loss: 11.51293659210205
2019-02-10 02:41:14 DEBUG __main__:773 Epoch: 818, Loss: 11.51293659210205
2019-02-10 02:41:18 DEBUG __main__:773 Epoch: 819, Loss: 11.51293659210205
2019-02-10 02:41:22 DEBUG __main__:773 Epoch: 820, Loss: 11.51293659210205
2019-02-10 02:41:27 DEBUG __main__:773 Epoch: 821, Loss: 11.51293659210205
2019-02-10 02:41:31 DEBUG __main__:773 Epoch: 822, Loss: 11.51293659210205
2019-02-10 02:41:35 DEBUG __main__:773 Epoch: 823, Loss: 11.51293659210205
2019-02-10 02:41:39 DEBUG __main__:773 Epoch: 824, Loss: 11.51293659210205
2019-02-10 02:41:43 DEBUG __main__:773 Epoch: 825, Loss: 11.51293659210205
2019-02-10 02:41:47 DEBUG __main__:773 Epoch: 826, Loss: 11.51293659210205
2019-02-10 02:41:52 DEBUG __main__:773 Epoch: 827, Loss: 11.51293659210205
2019-02-10 02:41:56 DEBUG __main__:773 Epoch: 828, Loss: 11.51293659210205
2019-02-10 02:42:00 DEBUG __main__:773 Epoch: 829, Loss: 11.51293659210205
2019-02-10 02:42:04 DEBUG __main__:773 Epoch: 830, Loss: 11.51293659210205
2019-02-10 02:42:08 DEBUG __main__:773 Epoch: 831, Loss: 11.51293659210205
2019-02-10 02:42:13 DEBUG __main__:773 Epoch: 832, Loss: 11.51293659210205
2019-02-10 02:42:17 DEBUG __main__:773 Epoch: 833, Loss: 11.51293659210205
2019-02-10 02:42:21 DEBUG __main__:773 Epoch: 834, Loss: 11.51293659210205
2019-02-10 02:42:25 DEBUG __main__:773 Epoch: 835, Loss: 11.51293659210205
2019-02-10 02:42:29 DEBUG __main__:773 Epoch: 836, Loss: 11.51293659210205
2019-02-10 02:42:34 DEBUG __main__:773 Epoch: 837, Loss: 11.51293659210205
2019-02-10 02:42:38 DEBUG __main__:773 Epoch: 838, Loss: 11.51293659210205
2019-02-10 02:42:42 DEBUG __main__:773 Epoch: 839, Loss: 11.51293659210205
2019-02-10 02:42:46 DEBUG __main__:773 Epoch: 840, Loss: 11.51293659210205
2019-02-10 02:42:51 DEBUG __main__:773 Epoch: 841, Loss: 11.51293659210205
2019-02-10 02:42:55 DEBUG __main__:773 Epoch: 842, Loss: 11.51293659210205
2019-02-10 02:42:59 DEBUG __main__:773 Epoch: 843, Loss: 11.51293659210205
2019-02-10 02:43:03 DEBUG __main__:773 Epoch: 844, Loss: 11.51293659210205
2019-02-10 02:43:07 DEBUG __main__:773 Epoch: 845, Loss: 11.51293659210205
2019-02-10 02:43:12 DEBUG __main__:773 Epoch: 846, Loss: 11.51293659210205
2019-02-10 02:43:16 DEBUG __main__:773 Epoch: 847, Loss: 11.51293659210205
2019-02-10 02:43:20 DEBUG __main__:773 Epoch: 848, Loss: 11.51293659210205
2019-02-10 02:43:24 DEBUG __main__:773 Epoch: 849, Loss: 11.51293659210205
2019-02-10 02:43:28 DEBUG __main__:773 Epoch: 850, Loss: 11.51293659210205
2019-02-10 02:43:33 DEBUG __main__:773 Epoch: 851, Loss: 11.51293659210205
2019-02-10 02:43:37 DEBUG __main__:773 Epoch: 852, Loss: 11.51293659210205
2019-02-10 02:43:41 DEBUG __main__:773 Epoch: 853, Loss: 11.51293659210205
2019-02-10 02:43:45 DEBUG __main__:773 Epoch: 854, Loss: 11.51293659210205
2019-02-10 02:43:50 DEBUG __main__:773 Epoch: 855, Loss: 11.51293659210205
2019-02-10 02:43:54 DEBUG __main__:773 Epoch: 856, Loss: 11.51293659210205
2019-02-10 02:43:58 DEBUG __main__:773 Epoch: 857, Loss: 11.51293659210205
2019-02-10 02:44:02 DEBUG __main__:773 Epoch: 858, Loss: 11.51293659210205
2019-02-10 02:44:06 DEBUG __main__:773 Epoch: 859, Loss: 11.51293659210205
2019-02-10 02:44:10 DEBUG __main__:773 Epoch: 860, Loss: 11.51293659210205
2019-02-10 02:44:15 DEBUG __main__:773 Epoch: 861, Loss: 11.51293659210205
2019-02-10 02:44:19 DEBUG __main__:773 Epoch: 862, Loss: 11.51293659210205
2019-02-10 02:44:23 DEBUG __main__:773 Epoch: 863, Loss: 11.51293659210205
2019-02-10 02:44:27 DEBUG __main__:773 Epoch: 864, Loss: 11.51293659210205
2019-02-10 02:44:32 DEBUG __main__:773 Epoch: 865, Loss: 11.51293659210205
2019-02-10 02:44:36 DEBUG __main__:773 Epoch: 866, Loss: 11.51293659210205
2019-02-10 02:44:40 DEBUG __main__:773 Epoch: 867, Loss: 11.51293659210205
2019-02-10 02:44:44 DEBUG __main__:773 Epoch: 868, Loss: 11.51293659210205
2019-02-10 02:44:48 DEBUG __main__:773 Epoch: 869, Loss: 11.51293659210205
2019-02-10 02:44:53 DEBUG __main__:773 Epoch: 870, Loss: 11.51293659210205
2019-02-10 02:44:57 DEBUG __main__:773 Epoch: 871, Loss: 11.51293659210205
2019-02-10 02:45:01 DEBUG __main__:773 Epoch: 872, Loss: 11.51293659210205
2019-02-10 02:45:05 DEBUG __main__:773 Epoch: 873, Loss: 11.51293659210205
2019-02-10 02:45:09 DEBUG __main__:773 Epoch: 874, Loss: 11.51293659210205
2019-02-10 02:45:13 DEBUG __main__:773 Epoch: 875, Loss: 11.51293659210205
2019-02-10 02:45:18 DEBUG __main__:773 Epoch: 876, Loss: 11.51293659210205
2019-02-10 02:45:22 DEBUG __main__:773 Epoch: 877, Loss: 11.51293659210205
2019-02-10 02:45:26 DEBUG __main__:773 Epoch: 878, Loss: 11.51293659210205
2019-02-10 02:45:30 DEBUG __main__:773 Epoch: 879, Loss: 11.51293659210205
2019-02-10 02:45:34 DEBUG __main__:773 Epoch: 880, Loss: 11.51293659210205
2019-02-10 02:45:39 DEBUG __main__:773 Epoch: 881, Loss: 11.51293659210205
2019-02-10 02:45:43 DEBUG __main__:773 Epoch: 882, Loss: 11.51293659210205
2019-02-10 02:45:47 DEBUG __main__:773 Epoch: 883, Loss: 11.51293659210205
2019-02-10 02:45:51 DEBUG __main__:773 Epoch: 884, Loss: 11.51293659210205
2019-02-10 02:45:55 DEBUG __main__:773 Epoch: 885, Loss: 11.51293659210205
2019-02-10 02:45:59 DEBUG __main__:773 Epoch: 886, Loss: 11.51293659210205
2019-02-10 02:46:04 DEBUG __main__:773 Epoch: 887, Loss: 11.51293659210205
2019-02-10 02:46:08 DEBUG __main__:773 Epoch: 888, Loss: 11.51293659210205
2019-02-10 02:46:12 DEBUG __main__:773 Epoch: 889, Loss: 11.51293659210205
2019-02-10 02:46:16 DEBUG __main__:773 Epoch: 890, Loss: 11.51293659210205
2019-02-10 02:46:20 DEBUG __main__:773 Epoch: 891, Loss: 11.51293659210205
2019-02-10 02:46:24 DEBUG __main__:773 Epoch: 892, Loss: 11.51293659210205
2019-02-10 02:46:29 DEBUG __main__:773 Epoch: 893, Loss: 11.51293659210205
2019-02-10 02:46:33 DEBUG __main__:773 Epoch: 894, Loss: 11.51293659210205
2019-02-10 02:46:37 DEBUG __main__:773 Epoch: 895, Loss: 11.51293659210205
2019-02-10 02:46:41 DEBUG __main__:773 Epoch: 896, Loss: 11.51293659210205
2019-02-10 02:46:45 DEBUG __main__:773 Epoch: 897, Loss: 11.51293659210205
2019-02-10 02:46:49 DEBUG __main__:773 Epoch: 898, Loss: 11.51293659210205
2019-02-10 02:46:54 DEBUG __main__:773 Epoch: 899, Loss: 11.51293659210205
2019-02-10 02:46:58 DEBUG __main__:773 Epoch: 900, Loss: 11.51293659210205
2019-02-10 02:47:02 DEBUG __main__:773 Epoch: 901, Loss: 11.51293659210205
2019-02-10 02:47:07 DEBUG __main__:773 Epoch: 902, Loss: 11.51293659210205
2019-02-10 02:47:11 DEBUG __main__:773 Epoch: 903, Loss: 11.51293659210205
2019-02-10 02:47:16 DEBUG __main__:773 Epoch: 904, Loss: 11.51293659210205
2019-02-10 02:47:20 DEBUG __main__:773 Epoch: 905, Loss: 11.51293659210205
2019-02-10 02:47:24 DEBUG __main__:773 Epoch: 906, Loss: 11.51293659210205
2019-02-10 02:47:28 DEBUG __main__:773 Epoch: 907, Loss: 11.51293659210205
2019-02-10 02:47:32 DEBUG __main__:773 Epoch: 908, Loss: 11.51293659210205
2019-02-10 02:47:36 DEBUG __main__:773 Epoch: 909, Loss: 11.51293659210205
2019-02-10 02:47:40 DEBUG __main__:773 Epoch: 910, Loss: 11.51293659210205
2019-02-10 02:47:44 DEBUG __main__:773 Epoch: 911, Loss: 11.51293659210205
2019-02-10 02:47:48 DEBUG __main__:773 Epoch: 912, Loss: 11.51293659210205
2019-02-10 02:47:52 DEBUG __main__:773 Epoch: 913, Loss: 11.51293659210205
2019-02-10 02:47:56 DEBUG __main__:773 Epoch: 914, Loss: 11.51293659210205
2019-02-10 02:48:00 DEBUG __main__:773 Epoch: 915, Loss: 11.51293659210205
2019-02-10 02:48:04 DEBUG __main__:773 Epoch: 916, Loss: 11.51293659210205
2019-02-10 02:48:08 DEBUG __main__:773 Epoch: 917, Loss: 11.51293659210205
2019-02-10 02:48:13 DEBUG __main__:773 Epoch: 918, Loss: 11.51293659210205
2019-02-10 02:48:17 DEBUG __main__:773 Epoch: 919, Loss: 11.51293659210205
2019-02-10 02:48:21 DEBUG __main__:773 Epoch: 920, Loss: 11.51293659210205
2019-02-10 02:48:25 DEBUG __main__:773 Epoch: 921, Loss: 11.51293659210205
2019-02-10 02:48:29 DEBUG __main__:773 Epoch: 922, Loss: 11.51293659210205
2019-02-10 02:48:33 DEBUG __main__:773 Epoch: 923, Loss: 11.51293659210205
2019-02-10 02:48:37 DEBUG __main__:773 Epoch: 924, Loss: 11.51293659210205
2019-02-10 02:48:41 DEBUG __main__:773 Epoch: 925, Loss: 11.51293659210205
2019-02-10 02:48:45 DEBUG __main__:773 Epoch: 926, Loss: 11.51293659210205
2019-02-10 02:48:49 DEBUG __main__:773 Epoch: 927, Loss: 11.51293659210205
2019-02-10 02:48:53 DEBUG __main__:773 Epoch: 928, Loss: 11.51293659210205
2019-02-10 02:48:57 DEBUG __main__:773 Epoch: 929, Loss: 11.51293659210205
2019-02-10 02:49:01 DEBUG __main__:773 Epoch: 930, Loss: 11.51293659210205
2019-02-10 02:49:05 DEBUG __main__:773 Epoch: 931, Loss: 11.51293659210205
2019-02-10 02:49:09 DEBUG __main__:773 Epoch: 932, Loss: 11.51293659210205
2019-02-10 02:49:13 DEBUG __main__:773 Epoch: 933, Loss: 11.51293659210205
2019-02-10 02:49:17 DEBUG __main__:773 Epoch: 934, Loss: 11.51293659210205
2019-02-10 02:49:21 DEBUG __main__:773 Epoch: 935, Loss: 11.51293659210205
2019-02-10 02:49:25 DEBUG __main__:773 Epoch: 936, Loss: 11.51293659210205
2019-02-10 02:49:29 DEBUG __main__:773 Epoch: 937, Loss: 11.51293659210205
2019-02-10 02:49:34 DEBUG __main__:773 Epoch: 938, Loss: 11.51293659210205
2019-02-10 02:49:38 DEBUG __main__:773 Epoch: 939, Loss: 11.51293659210205
2019-02-10 02:49:42 DEBUG __main__:773 Epoch: 940, Loss: 11.51293659210205
2019-02-10 02:49:46 DEBUG __main__:773 Epoch: 941, Loss: 11.51293659210205
2019-02-10 02:49:50 DEBUG __main__:773 Epoch: 942, Loss: 11.51293659210205
2019-02-10 02:49:54 DEBUG __main__:773 Epoch: 943, Loss: 11.51293659210205
2019-02-10 02:49:58 DEBUG __main__:773 Epoch: 944, Loss: 11.51293659210205
2019-02-10 02:50:02 DEBUG __main__:773 Epoch: 945, Loss: 11.51293659210205
2019-02-10 02:50:06 DEBUG __main__:773 Epoch: 946, Loss: 11.51293659210205
2019-02-10 02:50:10 DEBUG __main__:773 Epoch: 947, Loss: 11.51293659210205
2019-02-10 02:50:15 DEBUG __main__:773 Epoch: 948, Loss: 11.51293659210205
2019-02-10 02:50:19 DEBUG __main__:773 Epoch: 949, Loss: 11.51293659210205
2019-02-10 02:50:23 DEBUG __main__:773 Epoch: 950, Loss: 11.51293659210205
2019-02-10 02:50:27 DEBUG __main__:773 Epoch: 951, Loss: 11.51293659210205
2019-02-10 02:50:31 DEBUG __main__:773 Epoch: 952, Loss: 11.51293659210205
2019-02-10 02:50:35 DEBUG __main__:773 Epoch: 953, Loss: 11.51293659210205
2019-02-10 02:50:39 DEBUG __main__:773 Epoch: 954, Loss: 11.51293659210205
2019-02-10 02:50:43 DEBUG __main__:773 Epoch: 955, Loss: 11.51293659210205
2019-02-10 02:50:47 DEBUG __main__:773 Epoch: 956, Loss: 11.51293659210205
2019-02-10 02:50:51 DEBUG __main__:773 Epoch: 957, Loss: 11.51293659210205
2019-02-10 02:50:55 DEBUG __main__:773 Epoch: 958, Loss: 11.51293659210205
2019-02-10 02:50:59 DEBUG __main__:773 Epoch: 959, Loss: 11.51293659210205
2019-02-10 02:51:03 DEBUG __main__:773 Epoch: 960, Loss: 11.51293659210205
2019-02-10 02:51:08 DEBUG __main__:773 Epoch: 961, Loss: 11.51293659210205
2019-02-10 02:51:12 DEBUG __main__:773 Epoch: 962, Loss: 11.51293659210205
2019-02-10 02:51:16 DEBUG __main__:773 Epoch: 963, Loss: 11.51293659210205
2019-02-10 02:51:20 DEBUG __main__:773 Epoch: 964, Loss: 11.51293659210205
2019-02-10 02:51:24 DEBUG __main__:773 Epoch: 965, Loss: 11.51293659210205
2019-02-10 02:51:28 DEBUG __main__:773 Epoch: 966, Loss: 11.51293659210205
2019-02-10 02:51:32 DEBUG __main__:773 Epoch: 967, Loss: 11.51293659210205
2019-02-10 02:51:36 DEBUG __main__:773 Epoch: 968, Loss: 11.51293659210205
2019-02-10 02:51:40 DEBUG __main__:773 Epoch: 969, Loss: 11.51293659210205
2019-02-10 02:51:44 DEBUG __main__:773 Epoch: 970, Loss: 11.51293659210205
2019-02-10 02:51:48 DEBUG __main__:773 Epoch: 971, Loss: 11.51293659210205
2019-02-10 02:51:53 DEBUG __main__:773 Epoch: 972, Loss: 11.51293659210205
2019-02-10 02:51:57 DEBUG __main__:773 Epoch: 973, Loss: 11.51293659210205
2019-02-10 02:52:01 DEBUG __main__:773 Epoch: 974, Loss: 11.51293659210205
2019-02-10 02:52:05 DEBUG __main__:773 Epoch: 975, Loss: 11.51293659210205
2019-02-10 02:52:09 DEBUG __main__:773 Epoch: 976, Loss: 11.51293659210205
2019-02-10 02:52:13 DEBUG __main__:773 Epoch: 977, Loss: 11.51293659210205
2019-02-10 02:52:17 DEBUG __main__:773 Epoch: 978, Loss: 11.51293659210205
2019-02-10 02:52:21 DEBUG __main__:773 Epoch: 979, Loss: 11.51293659210205
2019-02-10 02:52:25 DEBUG __main__:773 Epoch: 980, Loss: 11.51293659210205
2019-02-10 02:52:29 DEBUG __main__:773 Epoch: 981, Loss: 11.51293659210205
2019-02-10 02:52:33 DEBUG __main__:773 Epoch: 982, Loss: 11.51293659210205
2019-02-10 02:52:37 DEBUG __main__:773 Epoch: 983, Loss: 11.51293659210205
2019-02-10 02:52:41 DEBUG __main__:773 Epoch: 984, Loss: 11.51293659210205
2019-02-10 02:52:46 DEBUG __main__:773 Epoch: 985, Loss: 11.51293659210205
2019-02-10 02:52:50 DEBUG __main__:773 Epoch: 986, Loss: 11.51293659210205
2019-02-10 02:52:54 DEBUG __main__:773 Epoch: 987, Loss: 11.51293659210205
2019-02-10 02:52:58 DEBUG __main__:773 Epoch: 988, Loss: 11.51293659210205
2019-02-10 02:53:02 DEBUG __main__:773 Epoch: 989, Loss: 11.51293659210205
2019-02-10 02:53:06 DEBUG __main__:773 Epoch: 990, Loss: 11.51293659210205
2019-02-10 02:53:10 DEBUG __main__:773 Epoch: 991, Loss: 11.51293659210205
2019-02-10 02:53:14 DEBUG __main__:773 Epoch: 992, Loss: 11.51293659210205
2019-02-10 02:53:18 DEBUG __main__:773 Epoch: 993, Loss: 11.51293659210205
2019-02-10 02:53:22 DEBUG __main__:773 Epoch: 994, Loss: 11.51293659210205
2019-02-10 02:53:26 DEBUG __main__:773 Epoch: 995, Loss: 11.51293659210205
2019-02-10 02:53:30 DEBUG __main__:773 Epoch: 996, Loss: 11.51293659210205
2019-02-10 02:53:35 DEBUG __main__:773 Epoch: 997, Loss: 11.51293659210205
2019-02-10 02:53:39 DEBUG __main__:773 Epoch: 998, Loss: 11.51293659210205
2019-02-10 02:53:43 DEBUG __main__:773 Epoch: 999, Loss: 11.51293659210205
2019-02-10 02:53:47 DEBUG __main__:773 Epoch: 1000, Loss: 11.51293659210205
2019-02-10 02:53:49 DEBUG __main__:1002 time cost: 5180.572347640991s
2019-02-10 02:57:21 DEBUG __main__:795 mean: 0.0, std: 0.0
2019-02-10 02:57:21 DEBUG __main__:1009 print weights info
2019-02-10 02:57:21 DEBUG __main__:677 Play #1, number of layer is: 5
2019-02-10 02:58:02 DEBUG __main__:678 Play #1, weight: {'dense_weights': array([[ 0.8074195 ],
       [-0.50879616],
       [-0.11697876],
       [-0.03484459],
       [ 0.9583104 ],
       [ 0.7676447 ],
       [ 0.9106085 ],
       [ 1.5466703 ],
       [-0.39632535],
       [ 1.0533149 ],
       [ 1.2082524 ],
       [-0.44730788],
       [-0.32675233],
       [-0.11659309],
       [-0.25928372],
       [ 0.9840084 ],
       [-0.21418351],
       [ 1.361864  ],
       [ 0.9197813 ],
       [-0.14044915]], dtype=float32), 'dense_bias': array([4.3273283e-07], dtype=float32), 'mydense_weigths': array([[ 1.8691918 , -0.        , -0.        , -0.        ,  1.0474149 ,
         0.7063656 ,  0.55112183,  0.6807999 , -0.        ,  0.9632464 ,
         0.7268034 , -0.        , -0.        , -0.        , -0.        ,
         0.5490893 , -0.        ,  0.63842165,  0.49890226, -0.        ]],
      dtype=float32), 'mydense_bias': array([[-5.0282411e-02, -4.3934505e-03, -4.9223108e-06, -1.6153703e-03,
        -2.8521165e-02, -1.9242004e-02, -1.5063600e-02, -1.8344210e-02,
        -4.4821566e-03, -2.6224466e-02, -1.9641433e-02,  1.5916718e-02,
        -2.4823605e-03,  5.3444636e-01,  1.2643677e-01, -1.4997320e-02,
        -1.6946739e-03, -1.7264361e-02, -1.3663644e-02,  3.4322634e-01]],
      dtype=float32), 'phi_weight': array([[1.1891075]], dtype=float32)}
2019-02-10 02:58:02 DEBUG __main__:677 Play #2, number of layer is: 5
2019-02-10 02:58:40 DEBUG __main__:678 Play #2, weight: {'dense_weights': array([[ 0.48324043],
       [ 0.05241239],
       [ 0.12053198],
       [-0.39705098],
       [-0.21291476],
       [ 0.39850554],
       [ 0.16514665],
       [ 0.12666783],
       [ 0.31187508],
       [-0.38468903],
       [ 0.13750125],
       [-0.287967  ],
       [ 0.4788273 ],
       [ 0.46858302],
       [-0.42055863],
       [-0.39921594],
       [-0.2982049 ],
       [ 0.30827156],
       [-0.22198825],
       [-0.08532372]], dtype=float32), 'dense_bias': array([4.3273283e-07], dtype=float32), 'mydense_weigths': array([[ 0.03591799, -0.        ,  0.3008765 ,  0.00419597,  0.15289187,
         0.19835202, -0.        ,  0.5017032 ,  0.06650095,  0.00417839,
        -0.        ,  0.00400493,  0.38653684,  0.2764471 ,  0.18425877,
         0.00419861,  0.04150804,  0.44101146,  0.0038017 ,  0.25556076]],
      dtype=float32), 'mydense_bias': array([[ 1.23120242e-06,  3.76188382e-06,  1.89292805e-05,
        -1.41477489e-04, -7.51708740e-06,  2.71595181e-05,
         3.92300644e-05,  5.44432842e-05,  2.60810339e-06,
        -3.85397470e-05,  3.76225180e-05, -9.77123782e-05,
         1.18402444e-04,  6.06311805e-05, -2.21794890e-05,
        -7.66290614e-05, -8.24043411e-07,  9.96971867e-05,
         3.18210347e-09, -8.36111303e-06]], dtype=float32), 'phi_weight': array([[0.7880107]], dtype=float32)}
2019-02-10 02:58:40 DEBUG __main__:677 Play #3, number of layer is: 5
2019-02-10 02:59:19 DEBUG __main__:678 Play #3, weight: {'dense_weights': array([[ 0.29501057],
       [-0.294364  ],
       [ 0.40196592],
       [ 0.04130261],
       [-0.5276587 ],
       [-0.42733973],
       [-0.28355926],
       [-0.42956197],
       [-0.1619945 ],
       [ 0.45581105],
       [ 0.08062766],
       [ 0.50689405],
       [ 0.15339816],
       [ 0.48050424],
       [ 0.46136823],
       [ 0.5300362 ],
       [ 0.07334182],
       [ 0.41935688],
       [-0.0415259 ],
       [ 0.03359008]], dtype=float32), 'dense_bias': array([4.3273283e-07], dtype=float32), 'mydense_weigths': array([[ 0.52740806,  0.21775283,  0.32705793, -0.        ,  0.04336099,
         0.3301026 ,  0.45823383,  0.09581742,  0.252347  ,  0.44647092,
         0.02927024, -0.        ,  0.3652492 ,  0.51428974, -0.        ,
        -0.        ,  0.18511008,  0.5050254 ,  0.53073025, -0.        ]],
      dtype=float32), 'mydense_bias': array([[ 9.0464040e-05, -1.4319078e-05,  4.8047543e-05,  6.6425699e-08,
        -1.2439249e-06, -4.7928705e-05, -6.1428014e-05, -3.8699268e-06,
        -1.0516014e-05,  9.9819961e-05,  1.2091739e-07,  4.9273182e-05,
         2.3381956e-05,  1.3804821e-04,  4.3909606e-07,  1.0974782e-04,
         2.9736775e-06,  1.1673473e-04, -1.1061806e-05,  7.4736517e-06]],
      dtype=float32), 'phi_weight': array([[0.6409525]], dtype=float32)}
2019-02-10 02:59:19 DEBUG __main__:677 Play #4, number of layer is: 5
2019-02-10 02:59:58 DEBUG __main__:678 Play #4, weight: {'dense_weights': array([[ 0.08956589],
       [ 0.2313756 ],
       [ 0.44183436],
       [-0.5245912 ],
       [-0.34191078],
       [ 0.33294153],
       [-0.38789654],
       [-0.24507931],
       [ 0.3132593 ],
       [-0.42546242],
       [-0.5089632 ],
       [ 0.21777055],
       [ 0.18841049],
       [-0.5080503 ],
       [ 0.18269154],
       [ 0.28691378],
       [ 0.3505689 ],
       [ 0.1700558 ],
       [-0.38528138],
       [ 0.35550237]], dtype=float32), 'dense_bias': array([4.3273283e-07], dtype=float32), 'mydense_weigths': array([[-0.        , -0.        , -0.        ,  0.00290202,  0.01172908,
         0.03330895,  0.33071676,  0.00200262, -0.        ,  0.16106816,
         0.00286693,  0.04116904,  0.11681993,  0.00286512,  0.17752089,
        -0.        ,  0.35241517,  0.24420461,  0.00253991, -0.        ]],
      dtype=float32), 'mydense_bias': array([[ 6.90431250e-07,  6.23622554e-07,  1.61056276e-04,
        -7.72696440e-05, -3.50029445e-08,  9.57649036e-07,
        -8.05073723e-05, -2.07491212e-05,  1.42269157e-04,
        -2.09259815e-05, -4.15695322e-05,  8.08137713e-07,
         5.40908422e-06, -1.18295728e-04,  1.16823567e-05,
         1.22824480e-04,  8.69312717e-05,  2.06275163e-05,
        -1.13783935e-04,  8.12211656e-05]], dtype=float32), 'phi_weight': array([[0.0025995]], dtype=float32)}
