2019-02-10 02:10:17.555952: I tensorflow/core/platform/cpu_feature_guard.cc:141] Your CPU supports instructions that this TensorFlow binary was not compiled to use: AVX2 AVX512F FMA
2019-02-10 02:10:17 DEBUG __main__:914 [0;31;40mTest Operator[0m
2019-02-10 02:10:17 DEBUG __main__:935 [0;31;40mTest Play[0m
2019-02-10 02:10:17 DEBUG __main__:973 [0;31;40mTest multiple plays[0m
2019-02-10 02:10:17 DEBUG __main__:990 timestap is: 1000
2019-02-10 02:10:17 DEBUG __main__:83 Initialize *weight* randomly...
2019-02-10 02:10:28 DEBUG __main__:691 play play-1 time cost: 10.324193716049194 s
2019-02-10 02:10:28 DEBUG __main__:83 Initialize *weight* randomly...
2019-02-10 02:10:40 DEBUG __main__:691 play play-2 time cost: 12.014642477035522 s
2019-02-10 02:10:40 DEBUG __main__:83 Initialize *weight* randomly...
2019-02-10 02:10:53 DEBUG __main__:691 play play-3 time cost: 13.585240125656128 s
2019-02-10 02:10:53 DEBUG __main__:83 Initialize *weight* randomly...
2019-02-10 02:11:09 DEBUG __main__:691 play play-4 time cost: 16.28708505630493 s
2019-02-10 02:11:09 DEBUG __main__:83 Initialize *weight* randomly...
2019-02-10 02:11:27 DEBUG __main__:691 play play-5 time cost: 17.719635725021362 s
2019-02-10 02:11:27 DEBUG __main__:83 Initialize *weight* randomly...
2019-02-10 02:11:48 DEBUG __main__:691 play play-6 time cost: 20.422955751419067 s
2019-02-10 02:11:48 DEBUG __main__:83 Initialize *weight* randomly...
2019-02-10 02:12:11 DEBUG __main__:691 play play-7 time cost: 22.90964937210083 s
2019-02-10 02:12:11 DEBUG __main__:83 Initialize *weight* randomly...
2019-02-10 02:12:36 DEBUG __main__:691 play play-8 time cost: 25.39375400543213 s
2019-02-10 02:47:09 DEBUG __main__:773 Epoch: 1, Loss: 11.51306438446045
2019-02-10 02:47:17 DEBUG __main__:773 Epoch: 2, Loss: 11.513041496276855
2019-02-10 02:47:24 DEBUG __main__:773 Epoch: 3, Loss: 11.513021469116211
2019-02-10 02:47:30 DEBUG __main__:773 Epoch: 4, Loss: 11.513006210327148
2019-02-10 02:47:37 DEBUG __main__:773 Epoch: 5, Loss: 11.51259994506836
2019-02-10 02:47:43 DEBUG __main__:773 Epoch: 6, Loss: 11.470647811889648
2019-02-10 02:47:50 DEBUG __main__:773 Epoch: 7, Loss: 11.500591278076172
2019-02-10 02:47:56 DEBUG __main__:773 Epoch: 8, Loss: 11.503763198852539
2019-02-10 02:48:02 DEBUG __main__:773 Epoch: 9, Loss: 11.50368595123291
2019-02-10 02:48:09 DEBUG __main__:773 Epoch: 10, Loss: 11.503650665283203
2019-02-10 02:48:15 DEBUG __main__:773 Epoch: 11, Loss: 11.503629684448242
2019-02-10 02:48:22 DEBUG __main__:773 Epoch: 12, Loss: 11.503612518310547
2019-02-10 02:48:28 DEBUG __main__:773 Epoch: 13, Loss: 11.5035982131958
2019-02-10 02:48:35 DEBUG __main__:773 Epoch: 14, Loss: 11.503584861755371
2019-02-10 02:48:41 DEBUG __main__:773 Epoch: 15, Loss: 11.503570556640625
2019-02-10 02:48:47 DEBUG __main__:773 Epoch: 16, Loss: 11.503557205200195
2019-02-10 02:48:54 DEBUG __main__:773 Epoch: 17, Loss: 11.503543853759766
2019-02-10 02:49:00 DEBUG __main__:773 Epoch: 18, Loss: 11.503530502319336
2019-02-10 02:49:06 DEBUG __main__:773 Epoch: 19, Loss: 11.503517150878906
2019-02-10 02:49:13 DEBUG __main__:773 Epoch: 20, Loss: 11.503504753112793
2019-02-10 02:49:20 DEBUG __main__:773 Epoch: 21, Loss: 11.503491401672363
2019-02-10 02:49:26 DEBUG __main__:773 Epoch: 22, Loss: 11.503478050231934
2019-02-10 02:49:32 DEBUG __main__:773 Epoch: 23, Loss: 11.50346565246582
2019-02-10 02:49:39 DEBUG __main__:773 Epoch: 24, Loss: 11.503451347351074
2019-02-10 02:49:45 DEBUG __main__:773 Epoch: 25, Loss: 11.503437995910645
2019-02-10 02:49:52 DEBUG __main__:773 Epoch: 26, Loss: 11.503424644470215
2019-02-10 02:49:58 DEBUG __main__:773 Epoch: 27, Loss: 11.503410339355469
2019-02-10 02:50:05 DEBUG __main__:773 Epoch: 28, Loss: 11.503396987915039
2019-02-10 02:50:11 DEBUG __main__:773 Epoch: 29, Loss: 11.50338363647461
2019-02-10 02:50:18 DEBUG __main__:773 Epoch: 30, Loss: 11.503369331359863
2019-02-10 02:50:24 DEBUG __main__:773 Epoch: 31, Loss: 11.503355979919434
2019-02-10 02:50:30 DEBUG __main__:773 Epoch: 32, Loss: 11.503342628479004
2019-02-10 02:50:37 DEBUG __main__:773 Epoch: 33, Loss: 11.503328323364258
2019-02-10 02:50:43 DEBUG __main__:773 Epoch: 34, Loss: 11.503314971923828
2019-02-10 02:50:50 DEBUG __main__:773 Epoch: 35, Loss: 11.503301620483398
2019-02-10 02:50:56 DEBUG __main__:773 Epoch: 36, Loss: 11.503287315368652
2019-02-10 02:51:02 DEBUG __main__:773 Epoch: 37, Loss: 11.503273963928223
2019-02-10 02:51:09 DEBUG __main__:773 Epoch: 38, Loss: 11.503259658813477
2019-02-10 02:51:15 DEBUG __main__:773 Epoch: 39, Loss: 11.503246307373047
2019-02-10 02:51:22 DEBUG __main__:773 Epoch: 40, Loss: 11.503232955932617
2019-02-10 02:51:28 DEBUG __main__:773 Epoch: 41, Loss: 11.503218650817871
2019-02-10 02:51:35 DEBUG __main__:773 Epoch: 42, Loss: 11.503205299377441
2019-02-10 02:51:41 DEBUG __main__:773 Epoch: 43, Loss: 11.503191947937012
2019-02-10 02:51:47 DEBUG __main__:773 Epoch: 44, Loss: 11.503177642822266
2019-02-10 02:51:54 DEBUG __main__:773 Epoch: 45, Loss: 11.503164291381836
2019-02-10 02:52:00 DEBUG __main__:773 Epoch: 46, Loss: 11.503150939941406
2019-02-10 02:52:07 DEBUG __main__:773 Epoch: 47, Loss: 11.50313663482666
2019-02-10 02:52:13 DEBUG __main__:773 Epoch: 48, Loss: 11.50312328338623
2019-02-10 02:52:20 DEBUG __main__:773 Epoch: 49, Loss: 11.5031099319458
2019-02-10 02:52:26 DEBUG __main__:773 Epoch: 50, Loss: 11.503095626831055
2019-02-10 02:52:33 DEBUG __main__:773 Epoch: 51, Loss: 11.503082275390625
2019-02-10 02:52:39 DEBUG __main__:773 Epoch: 52, Loss: 11.503068923950195
2019-02-10 02:52:46 DEBUG __main__:773 Epoch: 53, Loss: 11.50305461883545
2019-02-10 02:52:52 DEBUG __main__:773 Epoch: 54, Loss: 11.50304126739502
2019-02-10 02:52:58 DEBUG __main__:773 Epoch: 55, Loss: 11.503029823303223
2019-02-10 02:53:05 DEBUG __main__:773 Epoch: 56, Loss: 11.503015518188477
2019-02-10 02:53:11 DEBUG __main__:773 Epoch: 57, Loss: 11.503002166748047
2019-02-10 02:53:18 DEBUG __main__:773 Epoch: 58, Loss: 11.502988815307617
2019-02-10 02:53:24 DEBUG __main__:773 Epoch: 59, Loss: 11.502974510192871
2019-02-10 02:53:31 DEBUG __main__:773 Epoch: 60, Loss: 11.502962112426758
2019-02-10 02:53:37 DEBUG __main__:773 Epoch: 61, Loss: 11.502949714660645
2019-02-10 02:53:44 DEBUG __main__:773 Epoch: 62, Loss: 11.502935409545898
2019-02-10 02:53:50 DEBUG __main__:773 Epoch: 63, Loss: 11.502922058105469
2019-02-10 02:53:57 DEBUG __main__:773 Epoch: 64, Loss: 11.502909660339355
2019-02-10 02:54:04 DEBUG __main__:773 Epoch: 65, Loss: 11.502896308898926
2019-02-10 02:54:12 DEBUG __main__:773 Epoch: 66, Loss: 11.502882957458496
2019-02-10 02:54:19 DEBUG __main__:773 Epoch: 67, Loss: 11.502870559692383
2019-02-10 02:54:27 DEBUG __main__:773 Epoch: 68, Loss: 11.502857208251953
2019-02-10 02:54:34 DEBUG __main__:773 Epoch: 69, Loss: 11.502843856811523
2019-02-10 02:54:41 DEBUG __main__:773 Epoch: 70, Loss: 11.50283145904541
2019-02-10 02:54:49 DEBUG __main__:773 Epoch: 71, Loss: 11.50281810760498
2019-02-10 02:54:56 DEBUG __main__:773 Epoch: 72, Loss: 11.502806663513184
2019-02-10 02:55:04 DEBUG __main__:773 Epoch: 73, Loss: 11.502792358398438
2019-02-10 02:55:11 DEBUG __main__:773 Epoch: 74, Loss: 11.50278091430664
2019-02-10 02:55:18 DEBUG __main__:773 Epoch: 75, Loss: 11.502767562866211
2019-02-10 02:55:26 DEBUG __main__:773 Epoch: 76, Loss: 11.502756118774414
2019-02-10 02:55:33 DEBUG __main__:773 Epoch: 77, Loss: 11.502741813659668
2019-02-10 02:55:40 DEBUG __main__:773 Epoch: 78, Loss: 11.502730369567871
2019-02-10 02:55:47 DEBUG __main__:773 Epoch: 79, Loss: 11.502718925476074
2019-02-10 02:55:55 DEBUG __main__:773 Epoch: 80, Loss: 11.502704620361328
2019-02-10 02:56:02 DEBUG __main__:773 Epoch: 81, Loss: 11.502693176269531
2019-02-10 02:56:09 DEBUG __main__:773 Epoch: 82, Loss: 11.502680778503418
2019-02-10 02:56:17 DEBUG __main__:773 Epoch: 83, Loss: 11.502667427062988
2019-02-10 02:56:24 DEBUG __main__:773 Epoch: 84, Loss: 11.502655982971191
2019-02-10 02:56:31 DEBUG __main__:773 Epoch: 85, Loss: 11.502644538879395
2019-02-10 02:56:39 DEBUG __main__:773 Epoch: 86, Loss: 11.502630233764648
2019-02-10 02:56:46 DEBUG __main__:773 Epoch: 87, Loss: 11.502618789672852
2019-02-10 02:56:54 DEBUG __main__:773 Epoch: 88, Loss: 11.502607345581055
2019-02-10 02:57:01 DEBUG __main__:773 Epoch: 89, Loss: 11.502594947814941
2019-02-10 02:57:08 DEBUG __main__:773 Epoch: 90, Loss: 11.502581596374512
2019-02-10 02:57:16 DEBUG __main__:773 Epoch: 91, Loss: 11.502570152282715
2019-02-10 02:57:23 DEBUG __main__:773 Epoch: 92, Loss: 11.502557754516602
2019-02-10 02:57:30 DEBUG __main__:773 Epoch: 93, Loss: 11.502546310424805
2019-02-10 02:57:37 DEBUG __main__:773 Epoch: 94, Loss: 11.502534866333008
2019-02-10 02:57:45 DEBUG __main__:773 Epoch: 95, Loss: 11.502523422241211
2019-02-10 02:57:52 DEBUG __main__:773 Epoch: 96, Loss: 11.502511024475098
2019-02-10 02:58:00 DEBUG __main__:773 Epoch: 97, Loss: 11.5024995803833
2019-02-10 02:58:07 DEBUG __main__:773 Epoch: 98, Loss: 11.502488136291504
2019-02-10 02:58:14 DEBUG __main__:773 Epoch: 99, Loss: 11.502474784851074
2019-02-10 02:58:22 DEBUG __main__:773 Epoch: 100, Loss: 11.502463340759277
2019-02-10 02:58:29 DEBUG __main__:773 Epoch: 101, Loss: 11.50245189666748
2019-02-10 02:58:36 DEBUG __main__:773 Epoch: 102, Loss: 11.502439498901367
2019-02-10 02:58:44 DEBUG __main__:773 Epoch: 103, Loss: 11.502429008483887
2019-02-10 02:58:51 DEBUG __main__:773 Epoch: 104, Loss: 11.50241756439209
2019-02-10 02:58:58 DEBUG __main__:773 Epoch: 105, Loss: 11.502406120300293
2019-02-10 02:59:06 DEBUG __main__:773 Epoch: 106, Loss: 11.50239372253418
2019-02-10 02:59:13 DEBUG __main__:773 Epoch: 107, Loss: 11.502382278442383
2019-02-10 02:59:21 DEBUG __main__:773 Epoch: 108, Loss: 11.502370834350586
2019-02-10 02:59:28 DEBUG __main__:773 Epoch: 109, Loss: 11.502358436584473
2019-02-10 02:59:35 DEBUG __main__:773 Epoch: 110, Loss: 11.502346992492676
2019-02-10 02:59:43 DEBUG __main__:773 Epoch: 111, Loss: 11.502335548400879
2019-02-10 02:59:50 DEBUG __main__:773 Epoch: 112, Loss: 11.502326011657715
2019-02-10 02:59:57 DEBUG __main__:773 Epoch: 113, Loss: 11.502313613891602
2019-02-10 03:00:05 DEBUG __main__:773 Epoch: 114, Loss: 11.502302169799805
2019-02-10 03:00:12 DEBUG __main__:773 Epoch: 115, Loss: 11.502290725708008
2019-02-10 03:00:20 DEBUG __main__:773 Epoch: 116, Loss: 11.502279281616211
2019-02-10 03:00:28 DEBUG __main__:773 Epoch: 117, Loss: 11.50226879119873
2019-02-10 03:00:36 DEBUG __main__:773 Epoch: 118, Loss: 11.502257347106934
2019-02-10 03:00:44 DEBUG __main__:773 Epoch: 119, Loss: 11.50224494934082
2019-02-10 03:00:52 DEBUG __main__:773 Epoch: 120, Loss: 11.502235412597656
2019-02-10 03:01:01 DEBUG __main__:773 Epoch: 121, Loss: 11.50222396850586
2019-02-10 03:01:09 DEBUG __main__:773 Epoch: 122, Loss: 11.502212524414062
2019-02-10 03:01:17 DEBUG __main__:773 Epoch: 123, Loss: 11.502202033996582
2019-02-10 03:01:26 DEBUG __main__:773 Epoch: 124, Loss: 11.502190589904785
2019-02-10 03:01:34 DEBUG __main__:773 Epoch: 125, Loss: 11.502179145812988
2019-02-10 03:01:42 DEBUG __main__:773 Epoch: 126, Loss: 11.502169609069824
2019-02-10 03:01:51 DEBUG __main__:773 Epoch: 127, Loss: 11.502157211303711
2019-02-10 03:01:59 DEBUG __main__:773 Epoch: 128, Loss: 11.502145767211914
2019-02-10 03:02:07 DEBUG __main__:773 Epoch: 129, Loss: 11.50213623046875
2019-02-10 03:02:15 DEBUG __main__:773 Epoch: 130, Loss: 11.502123832702637
2019-02-10 03:02:24 DEBUG __main__:773 Epoch: 131, Loss: 11.502114295959473
2019-02-10 03:02:32 DEBUG __main__:773 Epoch: 132, Loss: 11.502102851867676
2019-02-10 03:02:40 DEBUG __main__:773 Epoch: 133, Loss: 11.502093315124512
2019-02-10 03:02:49 DEBUG __main__:773 Epoch: 134, Loss: 11.502080917358398
2019-02-10 03:02:57 DEBUG __main__:773 Epoch: 135, Loss: 11.502071380615234
2019-02-10 03:03:05 DEBUG __main__:773 Epoch: 136, Loss: 11.502059936523438
2019-02-10 03:03:13 DEBUG __main__:773 Epoch: 137, Loss: 11.502049446105957
2019-02-10 03:03:22 DEBUG __main__:773 Epoch: 138, Loss: 11.50203800201416
2019-02-10 03:03:30 DEBUG __main__:773 Epoch: 139, Loss: 11.502028465270996
2019-02-10 03:03:39 DEBUG __main__:773 Epoch: 140, Loss: 11.5020170211792
2019-02-10 03:03:47 DEBUG __main__:773 Epoch: 141, Loss: 11.502006530761719
2019-02-10 03:03:55 DEBUG __main__:773 Epoch: 142, Loss: 11.501996040344238
2019-02-10 03:04:04 DEBUG __main__:773 Epoch: 143, Loss: 11.501985549926758
2019-02-10 03:04:12 DEBUG __main__:773 Epoch: 144, Loss: 11.501976013183594
2019-02-10 03:04:21 DEBUG __main__:773 Epoch: 145, Loss: 11.50196361541748
2019-02-10 03:04:29 DEBUG __main__:773 Epoch: 146, Loss: 11.501954078674316
2019-02-10 03:04:38 DEBUG __main__:773 Epoch: 147, Loss: 11.501944541931152
2019-02-10 03:04:46 DEBUG __main__:773 Epoch: 148, Loss: 11.501932144165039
2019-02-10 03:04:54 DEBUG __main__:773 Epoch: 149, Loss: 11.501922607421875
2019-02-10 03:05:03 DEBUG __main__:773 Epoch: 150, Loss: 11.501913070678711
2019-02-10 03:05:11 DEBUG __main__:773 Epoch: 151, Loss: 11.501901626586914
2019-02-10 03:05:19 DEBUG __main__:773 Epoch: 152, Loss: 11.501891136169434
2019-02-10 03:05:28 DEBUG __main__:773 Epoch: 153, Loss: 11.50188159942627
2019-02-10 03:05:36 DEBUG __main__:773 Epoch: 154, Loss: 11.501870155334473
2019-02-10 03:05:45 DEBUG __main__:773 Epoch: 155, Loss: 11.501860618591309
2019-02-10 03:05:53 DEBUG __main__:773 Epoch: 156, Loss: 11.501850128173828
2019-02-10 03:06:01 DEBUG __main__:773 Epoch: 157, Loss: 11.501840591430664
2019-02-10 03:06:10 DEBUG __main__:773 Epoch: 158, Loss: 11.501829147338867
2019-02-10 03:06:18 DEBUG __main__:773 Epoch: 159, Loss: 11.501819610595703
2019-02-10 03:06:27 DEBUG __main__:773 Epoch: 160, Loss: 11.501809120178223
2019-02-10 03:06:35 DEBUG __main__:773 Epoch: 161, Loss: 11.501799583435059
2019-02-10 03:06:43 DEBUG __main__:773 Epoch: 162, Loss: 11.501788139343262
2019-02-10 03:06:52 DEBUG __main__:773 Epoch: 163, Loss: 11.501778602600098
2019-02-10 03:07:00 DEBUG __main__:773 Epoch: 164, Loss: 11.501768112182617
2019-02-10 03:07:09 DEBUG __main__:773 Epoch: 165, Loss: 11.501758575439453
2019-02-10 03:07:17 DEBUG __main__:773 Epoch: 166, Loss: 11.501749038696289
2019-02-10 03:07:26 DEBUG __main__:773 Epoch: 167, Loss: 11.501737594604492
2019-02-10 03:07:34 DEBUG __main__:773 Epoch: 168, Loss: 11.501727104187012
2019-02-10 03:07:42 DEBUG __main__:773 Epoch: 169, Loss: 11.501717567443848
2019-02-10 03:07:51 DEBUG __main__:773 Epoch: 170, Loss: 11.501708030700684
2019-02-10 03:07:59 DEBUG __main__:773 Epoch: 171, Loss: 11.501697540283203
2019-02-10 03:08:07 DEBUG __main__:773 Epoch: 172, Loss: 11.501688003540039
2019-02-10 03:08:15 DEBUG __main__:773 Epoch: 173, Loss: 11.501678466796875
2019-02-10 03:08:24 DEBUG __main__:773 Epoch: 174, Loss: 11.501668930053711
2019-02-10 03:08:32 DEBUG __main__:773 Epoch: 175, Loss: 11.50165843963623
2019-02-10 03:08:40 DEBUG __main__:773 Epoch: 176, Loss: 11.501646995544434
2019-02-10 03:08:49 DEBUG __main__:773 Epoch: 177, Loss: 11.50163745880127
2019-02-10 03:08:57 DEBUG __main__:773 Epoch: 178, Loss: 11.501627922058105
2019-02-10 03:09:05 DEBUG __main__:773 Epoch: 179, Loss: 11.501617431640625
2019-02-10 03:09:14 DEBUG __main__:773 Epoch: 180, Loss: 11.501607894897461
2019-02-10 03:09:22 DEBUG __main__:773 Epoch: 181, Loss: 11.501598358154297
2019-02-10 03:09:31 DEBUG __main__:773 Epoch: 182, Loss: 11.501588821411133
2019-02-10 03:09:39 DEBUG __main__:773 Epoch: 183, Loss: 11.501578330993652
2019-02-10 03:09:47 DEBUG __main__:773 Epoch: 184, Loss: 11.501568794250488
2019-02-10 03:09:56 DEBUG __main__:773 Epoch: 185, Loss: 11.501559257507324
2019-02-10 03:10:04 DEBUG __main__:773 Epoch: 186, Loss: 11.50154972076416
2019-02-10 03:10:13 DEBUG __main__:773 Epoch: 187, Loss: 11.50153923034668
2019-02-10 03:10:21 DEBUG __main__:773 Epoch: 188, Loss: 11.501529693603516
2019-02-10 03:10:30 DEBUG __main__:773 Epoch: 189, Loss: 11.501520156860352
2019-02-10 03:10:38 DEBUG __main__:773 Epoch: 190, Loss: 11.501510620117188
2019-02-10 03:10:46 DEBUG __main__:773 Epoch: 191, Loss: 11.501500129699707
2019-02-10 03:10:55 DEBUG __main__:773 Epoch: 192, Loss: 11.501490592956543
2019-02-10 03:11:03 DEBUG __main__:773 Epoch: 193, Loss: 11.501481056213379
2019-02-10 03:11:12 DEBUG __main__:773 Epoch: 194, Loss: 11.501471519470215
2019-02-10 03:11:20 DEBUG __main__:773 Epoch: 195, Loss: 11.501461029052734
2019-02-10 03:11:28 DEBUG __main__:773 Epoch: 196, Loss: 11.50145149230957
2019-02-10 03:11:37 DEBUG __main__:773 Epoch: 197, Loss: 11.501442909240723
2019-02-10 03:11:45 DEBUG __main__:773 Epoch: 198, Loss: 11.501434326171875
2019-02-10 03:11:53 DEBUG __main__:773 Epoch: 199, Loss: 11.501423835754395
2019-02-10 03:12:02 DEBUG __main__:773 Epoch: 200, Loss: 11.50141429901123
2019-02-10 03:12:10 DEBUG __main__:773 Epoch: 201, Loss: 11.501404762268066
2019-02-10 03:12:18 DEBUG __main__:773 Epoch: 202, Loss: 11.501395225524902
2019-02-10 03:12:27 DEBUG __main__:773 Epoch: 203, Loss: 11.501384735107422
2019-02-10 03:12:35 DEBUG __main__:773 Epoch: 204, Loss: 11.501375198364258
2019-02-10 03:12:44 DEBUG __main__:773 Epoch: 205, Loss: 11.501365661621094
2019-02-10 03:12:52 DEBUG __main__:773 Epoch: 206, Loss: 11.501357078552246
2019-02-10 03:13:00 DEBUG __main__:773 Epoch: 207, Loss: 11.501348495483398
2019-02-10 03:13:09 DEBUG __main__:773 Epoch: 208, Loss: 11.501338005065918
2019-02-10 03:13:17 DEBUG __main__:773 Epoch: 209, Loss: 11.501328468322754
2019-02-10 03:13:25 DEBUG __main__:773 Epoch: 210, Loss: 11.50131893157959
2019-02-10 03:13:34 DEBUG __main__:773 Epoch: 211, Loss: 11.501309394836426
2019-02-10 03:13:42 DEBUG __main__:773 Epoch: 212, Loss: 11.501298904418945
2019-02-10 03:13:50 DEBUG __main__:773 Epoch: 213, Loss: 11.501291275024414
2019-02-10 03:13:59 DEBUG __main__:773 Epoch: 214, Loss: 11.50128173828125
2019-02-10 03:14:07 DEBUG __main__:773 Epoch: 215, Loss: 11.501272201538086
2019-02-10 03:14:15 DEBUG __main__:773 Epoch: 216, Loss: 11.501261711120605
2019-02-10 03:14:24 DEBUG __main__:773 Epoch: 217, Loss: 11.501252174377441
2019-02-10 03:14:32 DEBUG __main__:773 Epoch: 218, Loss: 11.501243591308594
2019-02-10 03:14:40 DEBUG __main__:773 Epoch: 219, Loss: 11.501235008239746
2019-02-10 03:14:48 DEBUG __main__:773 Epoch: 220, Loss: 11.501224517822266
2019-02-10 03:14:57 DEBUG __main__:773 Epoch: 221, Loss: 11.501214981079102
2019-02-10 03:15:05 DEBUG __main__:773 Epoch: 222, Loss: 11.501205444335938
2019-02-10 03:15:13 DEBUG __main__:773 Epoch: 223, Loss: 11.501197814941406
2019-02-10 03:15:22 DEBUG __main__:773 Epoch: 224, Loss: 11.501187324523926
2019-02-10 03:15:30 DEBUG __main__:773 Epoch: 225, Loss: 11.501177787780762
2019-02-10 03:15:38 DEBUG __main__:773 Epoch: 226, Loss: 11.501168251037598
2019-02-10 03:15:47 DEBUG __main__:773 Epoch: 227, Loss: 11.501160621643066
2019-02-10 03:15:55 DEBUG __main__:773 Epoch: 228, Loss: 11.501150131225586
2019-02-10 03:16:04 DEBUG __main__:773 Epoch: 229, Loss: 11.501140594482422
2019-02-10 03:16:12 DEBUG __main__:773 Epoch: 230, Loss: 11.501131057739258
2019-02-10 03:16:21 DEBUG __main__:773 Epoch: 231, Loss: 11.501123428344727
2019-02-10 03:16:29 DEBUG __main__:773 Epoch: 232, Loss: 11.501113891601562
2019-02-10 03:16:37 DEBUG __main__:773 Epoch: 233, Loss: 11.501103401184082
2019-02-10 03:16:46 DEBUG __main__:773 Epoch: 234, Loss: 11.501093864440918
2019-02-10 03:16:54 DEBUG __main__:773 Epoch: 235, Loss: 11.501086235046387
2019-02-10 03:17:03 DEBUG __main__:773 Epoch: 236, Loss: 11.501076698303223
2019-02-10 03:17:11 DEBUG __main__:773 Epoch: 237, Loss: 11.501066207885742
2019-02-10 03:17:19 DEBUG __main__:773 Epoch: 238, Loss: 11.501058578491211
2019-02-10 03:17:28 DEBUG __main__:773 Epoch: 239, Loss: 11.501049041748047
2019-02-10 03:17:36 DEBUG __main__:773 Epoch: 240, Loss: 11.501039505004883
2019-02-10 03:17:44 DEBUG __main__:773 Epoch: 241, Loss: 11.501030921936035
2019-02-10 03:17:53 DEBUG __main__:773 Epoch: 242, Loss: 11.501021385192871
2019-02-10 03:18:01 DEBUG __main__:773 Epoch: 243, Loss: 11.501011848449707
2019-02-10 03:18:09 DEBUG __main__:773 Epoch: 244, Loss: 11.50100326538086
2019-02-10 03:18:18 DEBUG __main__:773 Epoch: 245, Loss: 11.500993728637695
2019-02-10 03:18:26 DEBUG __main__:773 Epoch: 246, Loss: 11.500984191894531
2019-02-10 03:18:35 DEBUG __main__:773 Epoch: 247, Loss: 11.5009765625
2019-02-10 03:18:43 DEBUG __main__:773 Epoch: 248, Loss: 11.500967025756836
2019-02-10 03:18:51 DEBUG __main__:773 Epoch: 249, Loss: 11.500956535339355
2019-02-10 03:19:00 DEBUG __main__:773 Epoch: 250, Loss: 11.500948905944824
2019-02-10 03:19:08 DEBUG __main__:773 Epoch: 251, Loss: 11.50093936920166
2019-02-10 03:19:17 DEBUG __main__:773 Epoch: 252, Loss: 11.500929832458496
2019-02-10 03:19:25 DEBUG __main__:773 Epoch: 253, Loss: 11.500922203063965
2019-02-10 03:19:33 DEBUG __main__:773 Epoch: 254, Loss: 11.500911712646484
2019-02-10 03:19:42 DEBUG __main__:773 Epoch: 255, Loss: 11.50090217590332
2019-02-10 03:19:50 DEBUG __main__:773 Epoch: 256, Loss: 11.500894546508789
2019-02-10 03:19:58 DEBUG __main__:773 Epoch: 257, Loss: 11.500885009765625
2019-02-10 03:20:07 DEBUG __main__:773 Epoch: 258, Loss: 11.500875473022461
2019-02-10 03:20:15 DEBUG __main__:773 Epoch: 259, Loss: 11.500866889953613
2019-02-10 03:20:23 DEBUG __main__:773 Epoch: 260, Loss: 11.50085735321045
2019-02-10 03:20:32 DEBUG __main__:773 Epoch: 261, Loss: 11.500849723815918
2019-02-10 03:20:40 DEBUG __main__:773 Epoch: 262, Loss: 11.500839233398438
2019-02-10 03:20:48 DEBUG __main__:773 Epoch: 263, Loss: 11.500829696655273
2019-02-10 03:20:56 DEBUG __main__:773 Epoch: 264, Loss: 11.500822067260742
2019-02-10 03:21:05 DEBUG __main__:773 Epoch: 265, Loss: 11.500812530517578
2019-02-10 03:21:13 DEBUG __main__:773 Epoch: 266, Loss: 11.500804901123047
2019-02-10 03:21:21 DEBUG __main__:773 Epoch: 267, Loss: 11.500794410705566
2019-02-10 03:21:30 DEBUG __main__:773 Epoch: 268, Loss: 11.500785827636719
2019-02-10 03:21:38 DEBUG __main__:773 Epoch: 269, Loss: 11.500777244567871
2019-02-10 03:21:46 DEBUG __main__:773 Epoch: 270, Loss: 11.500767707824707
2019-02-10 03:21:55 DEBUG __main__:773 Epoch: 271, Loss: 11.50075912475586
2019-02-10 03:22:03 DEBUG __main__:773 Epoch: 272, Loss: 11.500749588012695
2019-02-10 03:22:12 DEBUG __main__:773 Epoch: 273, Loss: 11.500741958618164
2019-02-10 03:22:20 DEBUG __main__:773 Epoch: 274, Loss: 11.500732421875
2019-02-10 03:22:28 DEBUG __main__:773 Epoch: 275, Loss: 11.50072193145752
2019-02-10 03:22:36 DEBUG __main__:773 Epoch: 276, Loss: 11.500714302062988
2019-02-10 03:22:45 DEBUG __main__:773 Epoch: 277, Loss: 11.500704765319824
2019-02-10 03:22:53 DEBUG __main__:773 Epoch: 278, Loss: 11.500697135925293
2019-02-10 03:23:01 DEBUG __main__:773 Epoch: 279, Loss: 11.500687599182129
2019-02-10 03:23:10 DEBUG __main__:773 Epoch: 280, Loss: 11.500679016113281
2019-02-10 03:23:18 DEBUG __main__:773 Epoch: 281, Loss: 11.500669479370117
2019-02-10 03:23:26 DEBUG __main__:773 Epoch: 282, Loss: 11.50066089630127
2019-02-10 03:23:35 DEBUG __main__:773 Epoch: 283, Loss: 11.500652313232422
2019-02-10 03:23:43 DEBUG __main__:773 Epoch: 284, Loss: 11.500641822814941
2019-02-10 03:23:51 DEBUG __main__:773 Epoch: 285, Loss: 11.50063419342041
2019-02-10 03:24:00 DEBUG __main__:773 Epoch: 286, Loss: 11.500624656677246
2019-02-10 03:24:08 DEBUG __main__:773 Epoch: 287, Loss: 11.500617027282715
2019-02-10 03:24:16 DEBUG __main__:773 Epoch: 288, Loss: 11.50060749053955
2019-02-10 03:24:25 DEBUG __main__:773 Epoch: 289, Loss: 11.500598907470703
2019-02-10 03:24:33 DEBUG __main__:773 Epoch: 290, Loss: 11.500589370727539
2019-02-10 03:24:41 DEBUG __main__:773 Epoch: 291, Loss: 11.500581741333008
2019-02-10 03:24:49 DEBUG __main__:773 Epoch: 292, Loss: 11.500572204589844
2019-02-10 03:24:58 DEBUG __main__:773 Epoch: 293, Loss: 11.500563621520996
2019-02-10 03:25:06 DEBUG __main__:773 Epoch: 294, Loss: 11.500554084777832
2019-02-10 03:25:14 DEBUG __main__:773 Epoch: 295, Loss: 11.500545501708984
2019-02-10 03:25:22 DEBUG __main__:773 Epoch: 296, Loss: 11.500536918640137
2019-02-10 03:25:31 DEBUG __main__:773 Epoch: 297, Loss: 11.500528335571289
2019-02-10 03:25:39 DEBUG __main__:773 Epoch: 298, Loss: 11.500518798828125
2019-02-10 03:25:47 DEBUG __main__:773 Epoch: 299, Loss: 11.500509262084961
2019-02-10 03:25:55 DEBUG __main__:773 Epoch: 300, Loss: 11.50050163269043
2019-02-10 03:26:03 DEBUG __main__:773 Epoch: 301, Loss: 11.500492095947266
2019-02-10 03:26:12 DEBUG __main__:773 Epoch: 302, Loss: 11.500483512878418
2019-02-10 03:26:20 DEBUG __main__:773 Epoch: 303, Loss: 11.500473976135254
2019-02-10 03:26:28 DEBUG __main__:773 Epoch: 304, Loss: 11.500466346740723
2019-02-10 03:26:37 DEBUG __main__:773 Epoch: 305, Loss: 11.500456809997559
2019-02-10 03:26:45 DEBUG __main__:773 Epoch: 306, Loss: 11.500448226928711
2019-02-10 03:26:53 DEBUG __main__:773 Epoch: 307, Loss: 11.500438690185547
2019-02-10 03:27:01 DEBUG __main__:773 Epoch: 308, Loss: 11.500431060791016
2019-02-10 03:27:10 DEBUG __main__:773 Epoch: 309, Loss: 11.500421524047852
2019-02-10 03:27:18 DEBUG __main__:773 Epoch: 310, Loss: 11.50041389465332
2019-02-10 03:27:26 DEBUG __main__:773 Epoch: 311, Loss: 11.50040340423584
2019-02-10 03:27:34 DEBUG __main__:773 Epoch: 312, Loss: 11.500395774841309
2019-02-10 03:27:43 DEBUG __main__:773 Epoch: 313, Loss: 11.500386238098145
2019-02-10 03:27:51 DEBUG __main__:773 Epoch: 314, Loss: 11.500378608703613
2019-02-10 03:28:00 DEBUG __main__:773 Epoch: 315, Loss: 11.500368118286133
2019-02-10 03:28:08 DEBUG __main__:773 Epoch: 316, Loss: 11.500360488891602
2019-02-10 03:28:16 DEBUG __main__:773 Epoch: 317, Loss: 11.500351905822754
2019-02-10 03:28:24 DEBUG __main__:773 Epoch: 318, Loss: 11.500343322753906
2019-02-10 03:28:33 DEBUG __main__:773 Epoch: 319, Loss: 11.500334739685059
2019-02-10 03:28:41 DEBUG __main__:773 Epoch: 320, Loss: 11.500325202941895
2019-02-10 03:28:49 DEBUG __main__:773 Epoch: 321, Loss: 11.500317573547363
2019-02-10 03:28:57 DEBUG __main__:773 Epoch: 322, Loss: 11.5003080368042
2019-02-10 03:29:06 DEBUG __main__:773 Epoch: 323, Loss: 11.500300407409668
2019-02-10 03:29:14 DEBUG __main__:773 Epoch: 324, Loss: 11.500289916992188
2019-02-10 03:29:22 DEBUG __main__:773 Epoch: 325, Loss: 11.500282287597656
2019-02-10 03:29:31 DEBUG __main__:773 Epoch: 326, Loss: 11.500272750854492
2019-02-10 03:29:39 DEBUG __main__:773 Epoch: 327, Loss: 11.500265121459961
2019-02-10 03:29:47 DEBUG __main__:773 Epoch: 328, Loss: 11.500255584716797
2019-02-10 03:29:55 DEBUG __main__:773 Epoch: 329, Loss: 11.50024700164795
2019-02-10 03:30:04 DEBUG __main__:773 Epoch: 330, Loss: 11.500237464904785
2019-02-10 03:30:12 DEBUG __main__:773 Epoch: 331, Loss: 11.500229835510254
2019-02-10 03:30:20 DEBUG __main__:773 Epoch: 332, Loss: 11.50022029876709
2019-02-10 03:30:29 DEBUG __main__:773 Epoch: 333, Loss: 11.500211715698242
2019-02-10 03:30:37 DEBUG __main__:773 Epoch: 334, Loss: 11.500202178955078
2019-02-10 03:30:45 DEBUG __main__:773 Epoch: 335, Loss: 11.500194549560547
2019-02-10 03:30:54 DEBUG __main__:773 Epoch: 336, Loss: 11.500186920166016
2019-02-10 03:31:02 DEBUG __main__:773 Epoch: 337, Loss: 11.500177383422852
2019-02-10 03:31:10 DEBUG __main__:773 Epoch: 338, Loss: 11.500168800354004
2019-02-10 03:31:18 DEBUG __main__:773 Epoch: 339, Loss: 11.50015926361084
2019-02-10 03:31:27 DEBUG __main__:773 Epoch: 340, Loss: 11.500151634216309
2019-02-10 03:31:35 DEBUG __main__:773 Epoch: 341, Loss: 11.500142097473145
2019-02-10 03:31:43 DEBUG __main__:773 Epoch: 342, Loss: 11.500133514404297
2019-02-10 03:31:51 DEBUG __main__:773 Epoch: 343, Loss: 11.500123977661133
2019-02-10 03:31:59 DEBUG __main__:773 Epoch: 344, Loss: 11.500116348266602
2019-02-10 03:32:08 DEBUG __main__:773 Epoch: 345, Loss: 11.500107765197754
2019-02-10 03:32:16 DEBUG __main__:773 Epoch: 346, Loss: 11.500099182128906
2019-02-10 03:32:24 DEBUG __main__:773 Epoch: 347, Loss: 11.500090599060059
2019-02-10 03:32:33 DEBUG __main__:773 Epoch: 348, Loss: 11.500081062316895
2019-02-10 03:32:41 DEBUG __main__:773 Epoch: 349, Loss: 11.500073432922363
2019-02-10 03:32:49 DEBUG __main__:773 Epoch: 350, Loss: 11.5000638961792
2019-02-10 03:32:57 DEBUG __main__:773 Epoch: 351, Loss: 11.500055313110352
2019-02-10 03:33:06 DEBUG __main__:773 Epoch: 352, Loss: 11.500045776367188
2019-02-10 03:33:14 DEBUG __main__:773 Epoch: 353, Loss: 11.500038146972656
2019-02-10 03:33:22 DEBUG __main__:773 Epoch: 354, Loss: 11.500029563903809
2019-02-10 03:33:31 DEBUG __main__:773 Epoch: 355, Loss: 11.500020980834961
2019-02-10 03:33:39 DEBUG __main__:773 Epoch: 356, Loss: 11.500012397766113
2019-02-10 03:33:48 DEBUG __main__:773 Epoch: 357, Loss: 11.50000286102295
2019-02-10 03:33:56 DEBUG __main__:773 Epoch: 358, Loss: 11.499995231628418
2019-02-10 03:34:04 DEBUG __main__:773 Epoch: 359, Loss: 11.499985694885254
2019-02-10 03:34:13 DEBUG __main__:773 Epoch: 360, Loss: 11.499977111816406
2019-02-10 03:34:21 DEBUG __main__:773 Epoch: 361, Loss: 11.499967575073242
2019-02-10 03:34:29 DEBUG __main__:773 Epoch: 362, Loss: 11.499959945678711
2019-02-10 03:34:38 DEBUG __main__:773 Epoch: 363, Loss: 11.49995231628418
2019-02-10 03:34:46 DEBUG __main__:773 Epoch: 364, Loss: 11.499942779541016
2019-02-10 03:34:54 DEBUG __main__:773 Epoch: 365, Loss: 11.499934196472168
2019-02-10 03:35:03 DEBUG __main__:773 Epoch: 366, Loss: 11.499924659729004
2019-02-10 03:35:11 DEBUG __main__:773 Epoch: 367, Loss: 11.499917030334473
2019-02-10 03:35:19 DEBUG __main__:773 Epoch: 368, Loss: 11.499907493591309
2019-02-10 03:35:28 DEBUG __main__:773 Epoch: 369, Loss: 11.499898910522461
2019-02-10 03:35:36 DEBUG __main__:773 Epoch: 370, Loss: 11.49989128112793
2019-02-10 03:35:44 DEBUG __main__:773 Epoch: 371, Loss: 11.499881744384766
2019-02-10 03:35:53 DEBUG __main__:773 Epoch: 372, Loss: 11.499874114990234
2019-02-10 03:36:01 DEBUG __main__:773 Epoch: 373, Loss: 11.49986457824707
2019-02-10 03:36:09 DEBUG __main__:773 Epoch: 374, Loss: 11.499855995178223
2019-02-10 03:36:17 DEBUG __main__:773 Epoch: 375, Loss: 11.499846458435059
2019-02-10 03:36:26 DEBUG __main__:773 Epoch: 376, Loss: 11.499838829040527
2019-02-10 03:36:34 DEBUG __main__:773 Epoch: 377, Loss: 11.499831199645996
2019-02-10 03:36:42 DEBUG __main__:773 Epoch: 378, Loss: 11.499820709228516
2019-02-10 03:36:51 DEBUG __main__:773 Epoch: 379, Loss: 11.499813079833984
2019-02-10 03:36:59 DEBUG __main__:773 Epoch: 380, Loss: 11.49980354309082
2019-02-10 03:37:07 DEBUG __main__:773 Epoch: 381, Loss: 11.499795913696289
2019-02-10 03:37:16 DEBUG __main__:773 Epoch: 382, Loss: 11.499787330627441
2019-02-10 03:37:24 DEBUG __main__:773 Epoch: 383, Loss: 11.499777793884277
2019-02-10 03:37:32 DEBUG __main__:773 Epoch: 384, Loss: 11.499770164489746
2019-02-10 03:37:41 DEBUG __main__:773 Epoch: 385, Loss: 11.499760627746582
2019-02-10 03:37:49 DEBUG __main__:773 Epoch: 386, Loss: 11.49975299835205
2019-02-10 03:37:58 DEBUG __main__:773 Epoch: 387, Loss: 11.49974250793457
2019-02-10 03:38:06 DEBUG __main__:773 Epoch: 388, Loss: 11.499734878540039
2019-02-10 03:38:14 DEBUG __main__:773 Epoch: 389, Loss: 11.499727249145508
2019-02-10 03:38:23 DEBUG __main__:773 Epoch: 390, Loss: 11.499717712402344
2019-02-10 03:38:31 DEBUG __main__:773 Epoch: 391, Loss: 11.499710083007812
2019-02-10 03:38:39 DEBUG __main__:773 Epoch: 392, Loss: 11.499699592590332
2019-02-10 03:38:48 DEBUG __main__:773 Epoch: 393, Loss: 11.4996919631958
2019-02-10 03:38:56 DEBUG __main__:773 Epoch: 394, Loss: 11.499683380126953
2019-02-10 03:39:04 DEBUG __main__:773 Epoch: 395, Loss: 11.499674797058105
2019-02-10 03:39:13 DEBUG __main__:773 Epoch: 396, Loss: 11.499666213989258
2019-02-10 03:39:21 DEBUG __main__:773 Epoch: 397, Loss: 11.499656677246094
2019-02-10 03:39:30 DEBUG __main__:773 Epoch: 398, Loss: 11.499649047851562
2019-02-10 03:39:38 DEBUG __main__:773 Epoch: 399, Loss: 11.499640464782715
2019-02-10 03:39:47 DEBUG __main__:773 Epoch: 400, Loss: 11.499631881713867
2019-02-10 03:39:55 DEBUG __main__:773 Epoch: 401, Loss: 11.49962329864502
2019-02-10 03:40:03 DEBUG __main__:773 Epoch: 402, Loss: 11.499613761901855
2019-02-10 03:40:12 DEBUG __main__:773 Epoch: 403, Loss: 11.499606132507324
2019-02-10 03:40:20 DEBUG __main__:773 Epoch: 404, Loss: 11.49959659576416
2019-02-10 03:40:28 DEBUG __main__:773 Epoch: 405, Loss: 11.499588012695312
2019-02-10 03:40:37 DEBUG __main__:773 Epoch: 406, Loss: 11.499580383300781
2019-02-10 03:40:45 DEBUG __main__:773 Epoch: 407, Loss: 11.499570846557617
2019-02-10 03:40:54 DEBUG __main__:773 Epoch: 408, Loss: 11.499563217163086
2019-02-10 03:41:02 DEBUG __main__:773 Epoch: 409, Loss: 11.499553680419922
2019-02-10 03:41:10 DEBUG __main__:773 Epoch: 410, Loss: 11.499545097351074
2019-02-10 03:41:19 DEBUG __main__:773 Epoch: 411, Loss: 11.499537467956543
2019-02-10 03:41:27 DEBUG __main__:773 Epoch: 412, Loss: 11.499527931213379
2019-02-10 03:41:35 DEBUG __main__:773 Epoch: 413, Loss: 11.499520301818848
2019-02-10 03:41:44 DEBUG __main__:773 Epoch: 414, Loss: 11.499509811401367
2019-02-10 03:41:52 DEBUG __main__:773 Epoch: 415, Loss: 11.499502182006836
2019-02-10 03:42:00 DEBUG __main__:773 Epoch: 416, Loss: 11.499494552612305
2019-02-10 03:42:09 DEBUG __main__:773 Epoch: 417, Loss: 11.49948501586914
2019-02-10 03:42:17 DEBUG __main__:773 Epoch: 418, Loss: 11.49947738647461
2019-02-10 03:42:26 DEBUG __main__:773 Epoch: 419, Loss: 11.499467849731445
2019-02-10 03:42:34 DEBUG __main__:773 Epoch: 420, Loss: 11.499459266662598
2019-02-10 03:42:43 DEBUG __main__:773 Epoch: 421, Loss: 11.499451637268066
2019-02-10 03:42:51 DEBUG __main__:773 Epoch: 422, Loss: 11.499442100524902
2019-02-10 03:42:59 DEBUG __main__:773 Epoch: 423, Loss: 11.499434471130371
2019-02-10 03:43:07 DEBUG __main__:773 Epoch: 424, Loss: 11.499424934387207
2019-02-10 03:43:16 DEBUG __main__:773 Epoch: 425, Loss: 11.49941635131836
2019-02-10 03:43:24 DEBUG __main__:773 Epoch: 426, Loss: 11.499408721923828
2019-02-10 03:43:32 DEBUG __main__:773 Epoch: 427, Loss: 11.499399185180664
2019-02-10 03:43:41 DEBUG __main__:773 Epoch: 428, Loss: 11.499390602111816
2019-02-10 03:43:49 DEBUG __main__:773 Epoch: 429, Loss: 11.499382972717285
2019-02-10 03:43:57 DEBUG __main__:773 Epoch: 430, Loss: 11.499373435974121
2019-02-10 03:44:06 DEBUG __main__:773 Epoch: 431, Loss: 11.49936580657959
2019-02-10 03:44:14 DEBUG __main__:773 Epoch: 432, Loss: 11.499356269836426
2019-02-10 03:44:22 DEBUG __main__:773 Epoch: 433, Loss: 11.499347686767578
2019-02-10 03:44:31 DEBUG __main__:773 Epoch: 434, Loss: 11.499340057373047
2019-02-10 03:44:39 DEBUG __main__:773 Epoch: 435, Loss: 11.499330520629883
2019-02-10 03:44:48 DEBUG __main__:773 Epoch: 436, Loss: 11.499322891235352
2019-02-10 03:44:56 DEBUG __main__:773 Epoch: 437, Loss: 11.499313354492188
2019-02-10 03:45:04 DEBUG __main__:773 Epoch: 438, Loss: 11.49930477142334
2019-02-10 03:45:13 DEBUG __main__:773 Epoch: 439, Loss: 11.499297142028809
2019-02-10 03:45:21 DEBUG __main__:773 Epoch: 440, Loss: 11.499287605285645
2019-02-10 03:45:29 DEBUG __main__:773 Epoch: 441, Loss: 11.499279975891113
2019-02-10 03:45:38 DEBUG __main__:773 Epoch: 442, Loss: 11.499271392822266
2019-02-10 03:45:46 DEBUG __main__:773 Epoch: 443, Loss: 11.499261856079102
2019-02-10 03:45:54 DEBUG __main__:773 Epoch: 444, Loss: 11.49925422668457
2019-02-10 03:46:03 DEBUG __main__:773 Epoch: 445, Loss: 11.499244689941406
2019-02-10 03:46:11 DEBUG __main__:773 Epoch: 446, Loss: 11.499236106872559
2019-02-10 03:46:19 DEBUG __main__:773 Epoch: 447, Loss: 11.499228477478027
2019-02-10 03:46:28 DEBUG __main__:773 Epoch: 448, Loss: 11.499218940734863
2019-02-10 03:46:36 DEBUG __main__:773 Epoch: 449, Loss: 11.499211311340332
2019-02-10 03:46:45 DEBUG __main__:773 Epoch: 450, Loss: 11.4992036819458
2019-02-10 03:46:53 DEBUG __main__:773 Epoch: 451, Loss: 11.49919319152832
2019-02-10 03:47:01 DEBUG __main__:773 Epoch: 452, Loss: 11.499185562133789
2019-02-10 03:47:10 DEBUG __main__:773 Epoch: 453, Loss: 11.499176025390625
2019-02-10 03:47:18 DEBUG __main__:773 Epoch: 454, Loss: 11.499168395996094
2019-02-10 03:47:26 DEBUG __main__:773 Epoch: 455, Loss: 11.499160766601562
2019-02-10 03:47:35 DEBUG __main__:773 Epoch: 456, Loss: 11.499150276184082
2019-02-10 03:47:43 DEBUG __main__:773 Epoch: 457, Loss: 11.49914264678955
2019-02-10 03:47:51 DEBUG __main__:773 Epoch: 458, Loss: 11.49913501739502
2019-02-10 03:48:00 DEBUG __main__:773 Epoch: 459, Loss: 11.499125480651855
2019-02-10 03:48:08 DEBUG __main__:773 Epoch: 460, Loss: 11.499116897583008
2019-02-10 03:48:17 DEBUG __main__:773 Epoch: 461, Loss: 11.49910831451416
2019-02-10 03:48:25 DEBUG __main__:773 Epoch: 462, Loss: 11.499099731445312
2019-02-10 03:48:34 DEBUG __main__:773 Epoch: 463, Loss: 11.499092102050781
2019-02-10 03:48:42 DEBUG __main__:773 Epoch: 464, Loss: 11.499082565307617
2019-02-10 03:48:50 DEBUG __main__:773 Epoch: 465, Loss: 11.49907398223877
2019-02-10 03:48:58 DEBUG __main__:773 Epoch: 466, Loss: 11.499066352844238
2019-02-10 03:49:07 DEBUG __main__:773 Epoch: 467, Loss: 11.499056816101074
2019-02-10 03:49:15 DEBUG __main__:773 Epoch: 468, Loss: 11.499049186706543
2019-02-10 03:49:23 DEBUG __main__:773 Epoch: 469, Loss: 11.499040603637695
2019-02-10 03:49:31 DEBUG __main__:773 Epoch: 470, Loss: 11.499031066894531
2019-02-10 03:49:40 DEBUG __main__:773 Epoch: 471, Loss: 11.4990234375
2019-02-10 03:49:48 DEBUG __main__:773 Epoch: 472, Loss: 11.499015808105469
2019-02-10 03:49:57 DEBUG __main__:773 Epoch: 473, Loss: 11.499006271362305
2019-02-10 03:50:05 DEBUG __main__:773 Epoch: 474, Loss: 11.498997688293457
2019-02-10 03:50:14 DEBUG __main__:773 Epoch: 475, Loss: 11.49898910522461
2019-02-10 03:50:22 DEBUG __main__:773 Epoch: 476, Loss: 11.498980522155762
2019-02-10 03:50:30 DEBUG __main__:773 Epoch: 477, Loss: 11.49897289276123
2019-02-10 03:50:38 DEBUG __main__:773 Epoch: 478, Loss: 11.49896240234375
2019-02-10 03:50:47 DEBUG __main__:773 Epoch: 479, Loss: 11.498954772949219
2019-02-10 03:50:55 DEBUG __main__:773 Epoch: 480, Loss: 11.498947143554688
2019-02-10 03:51:04 DEBUG __main__:773 Epoch: 481, Loss: 11.498937606811523
2019-02-10 03:51:12 DEBUG __main__:773 Epoch: 482, Loss: 11.498929977416992
2019-02-10 03:51:20 DEBUG __main__:773 Epoch: 483, Loss: 11.498921394348145
2019-02-10 03:51:29 DEBUG __main__:773 Epoch: 484, Loss: 11.49891185760498
2019-02-10 03:51:37 DEBUG __main__:773 Epoch: 485, Loss: 11.49890422821045
2019-02-10 03:51:45 DEBUG __main__:773 Epoch: 486, Loss: 11.498896598815918
2019-02-10 03:51:53 DEBUG __main__:773 Epoch: 487, Loss: 11.498886108398438
2019-02-10 03:52:02 DEBUG __main__:773 Epoch: 488, Loss: 11.498878479003906
2019-02-10 03:52:10 DEBUG __main__:773 Epoch: 489, Loss: 11.498870849609375
2019-02-10 03:52:18 DEBUG __main__:773 Epoch: 490, Loss: 11.498861312866211
2019-02-10 03:52:27 DEBUG __main__:773 Epoch: 491, Loss: 11.49885368347168
2019-02-10 03:52:35 DEBUG __main__:773 Epoch: 492, Loss: 11.498845100402832
2019-02-10 03:52:44 DEBUG __main__:773 Epoch: 493, Loss: 11.498835563659668
2019-02-10 03:52:52 DEBUG __main__:773 Epoch: 494, Loss: 11.498827934265137
2019-02-10 03:53:01 DEBUG __main__:773 Epoch: 495, Loss: 11.498820304870605
2019-02-10 03:53:09 DEBUG __main__:773 Epoch: 496, Loss: 11.498810768127441
2019-02-10 03:53:17 DEBUG __main__:773 Epoch: 497, Loss: 11.498802185058594
2019-02-10 03:53:26 DEBUG __main__:773 Epoch: 498, Loss: 11.498794555664062
2019-02-10 03:53:34 DEBUG __main__:773 Epoch: 499, Loss: 11.498785018920898
2019-02-10 03:53:42 DEBUG __main__:773 Epoch: 500, Loss: 11.498777389526367
2019-02-10 03:53:51 DEBUG __main__:773 Epoch: 501, Loss: 11.49876880645752
2019-02-10 03:54:00 DEBUG __main__:773 Epoch: 502, Loss: 11.498759269714355
2019-02-10 03:54:08 DEBUG __main__:773 Epoch: 503, Loss: 11.498751640319824
2019-02-10 03:54:16 DEBUG __main__:773 Epoch: 504, Loss: 11.498744010925293
2019-02-10 03:54:25 DEBUG __main__:773 Epoch: 505, Loss: 11.498734474182129
2019-02-10 03:54:33 DEBUG __main__:773 Epoch: 506, Loss: 11.498725891113281
2019-02-10 03:54:41 DEBUG __main__:773 Epoch: 507, Loss: 11.49871826171875
2019-02-10 03:54:50 DEBUG __main__:773 Epoch: 508, Loss: 11.498708724975586
2019-02-10 03:54:58 DEBUG __main__:773 Epoch: 509, Loss: 11.498701095581055
2019-02-10 03:55:07 DEBUG __main__:773 Epoch: 510, Loss: 11.498693466186523
2019-02-10 03:55:15 DEBUG __main__:773 Epoch: 511, Loss: 11.498682975769043
2019-02-10 03:55:23 DEBUG __main__:773 Epoch: 512, Loss: 11.498675346374512
2019-02-10 03:55:31 DEBUG __main__:773 Epoch: 513, Loss: 11.49866771697998
2019-02-10 03:55:39 DEBUG __main__:773 Epoch: 514, Loss: 11.498659133911133
2019-02-10 03:55:48 DEBUG __main__:773 Epoch: 515, Loss: 11.498649597167969
2019-02-10 03:55:56 DEBUG __main__:773 Epoch: 516, Loss: 11.498641967773438
2019-02-10 03:56:04 DEBUG __main__:773 Epoch: 517, Loss: 11.498634338378906
2019-02-10 03:56:12 DEBUG __main__:773 Epoch: 518, Loss: 11.498624801635742
2019-02-10 03:56:21 DEBUG __main__:773 Epoch: 519, Loss: 11.498617172241211
2019-02-10 03:56:29 DEBUG __main__:773 Epoch: 520, Loss: 11.498608589172363
2019-02-10 03:56:38 DEBUG __main__:773 Epoch: 521, Loss: 11.4985990524292
2019-02-10 03:56:46 DEBUG __main__:773 Epoch: 522, Loss: 11.498591423034668
2019-02-10 03:56:54 DEBUG __main__:773 Epoch: 523, Loss: 11.498583793640137
2019-02-10 03:57:02 DEBUG __main__:773 Epoch: 524, Loss: 11.498575210571289
2019-02-10 03:57:11 DEBUG __main__:773 Epoch: 525, Loss: 11.498565673828125
2019-02-10 03:57:19 DEBUG __main__:773 Epoch: 526, Loss: 11.498558044433594
2019-02-10 03:57:27 DEBUG __main__:773 Epoch: 527, Loss: 11.498550415039062
2019-02-10 03:57:36 DEBUG __main__:773 Epoch: 528, Loss: 11.498540878295898
2019-02-10 03:57:44 DEBUG __main__:773 Epoch: 529, Loss: 11.49853229522705
2019-02-10 03:57:52 DEBUG __main__:773 Epoch: 530, Loss: 11.49852466583252
2019-02-10 03:58:00 DEBUG __main__:773 Epoch: 531, Loss: 11.498516082763672
2019-02-10 03:58:08 DEBUG __main__:773 Epoch: 532, Loss: 11.498507499694824
2019-02-10 03:58:16 DEBUG __main__:773 Epoch: 533, Loss: 11.498499870300293
2019-02-10 03:58:25 DEBUG __main__:773 Epoch: 534, Loss: 11.498491287231445
2019-02-10 03:58:33 DEBUG __main__:773 Epoch: 535, Loss: 11.498481750488281
2019-02-10 03:58:41 DEBUG __main__:773 Epoch: 536, Loss: 11.49847412109375
2019-02-10 03:58:50 DEBUG __main__:773 Epoch: 537, Loss: 11.498466491699219
2019-02-10 03:58:58 DEBUG __main__:773 Epoch: 538, Loss: 11.498458862304688
2019-02-10 03:59:06 DEBUG __main__:773 Epoch: 539, Loss: 11.498448371887207
2019-02-10 03:59:15 DEBUG __main__:773 Epoch: 540, Loss: 11.498440742492676
2019-02-10 03:59:23 DEBUG __main__:773 Epoch: 541, Loss: 11.498433113098145
2019-02-10 03:59:31 DEBUG __main__:773 Epoch: 542, Loss: 11.498424530029297
2019-02-10 03:59:39 DEBUG __main__:773 Epoch: 543, Loss: 11.498414993286133
2019-02-10 03:59:48 DEBUG __main__:773 Epoch: 544, Loss: 11.498407363891602
2019-02-10 03:59:56 DEBUG __main__:773 Epoch: 545, Loss: 11.49839973449707
2019-02-10 04:00:04 DEBUG __main__:773 Epoch: 546, Loss: 11.498390197753906
2019-02-10 04:00:13 DEBUG __main__:773 Epoch: 547, Loss: 11.498382568359375
2019-02-10 04:00:21 DEBUG __main__:773 Epoch: 548, Loss: 11.498373985290527
2019-02-10 04:00:29 DEBUG __main__:773 Epoch: 549, Loss: 11.498366355895996
2019-02-10 04:00:38 DEBUG __main__:773 Epoch: 550, Loss: 11.498356819152832
2019-02-10 04:00:46 DEBUG __main__:773 Epoch: 551, Loss: 11.4983491897583
2019-02-10 04:00:54 DEBUG __main__:773 Epoch: 552, Loss: 11.49834156036377
2019-02-10 04:01:03 DEBUG __main__:773 Epoch: 553, Loss: 11.498332977294922
2019-02-10 04:01:11 DEBUG __main__:773 Epoch: 554, Loss: 11.498323440551758
2019-02-10 04:01:19 DEBUG __main__:773 Epoch: 555, Loss: 11.498315811157227
2019-02-10 04:01:28 DEBUG __main__:773 Epoch: 556, Loss: 11.498308181762695
2019-02-10 04:01:36 DEBUG __main__:773 Epoch: 557, Loss: 11.498299598693848
2019-02-10 04:01:44 DEBUG __main__:773 Epoch: 558, Loss: 11.498291015625
2019-02-10 04:01:52 DEBUG __main__:773 Epoch: 559, Loss: 11.498282432556152
2019-02-10 04:02:01 DEBUG __main__:773 Epoch: 560, Loss: 11.498274803161621
2019-02-10 04:02:09 DEBUG __main__:773 Epoch: 561, Loss: 11.49826717376709
2019-02-10 04:02:17 DEBUG __main__:773 Epoch: 562, Loss: 11.498258590698242
2019-02-10 04:02:26 DEBUG __main__:773 Epoch: 563, Loss: 11.498249053955078
2019-02-10 04:02:34 DEBUG __main__:773 Epoch: 564, Loss: 11.498241424560547
2019-02-10 04:02:42 DEBUG __main__:773 Epoch: 565, Loss: 11.498233795166016
2019-02-10 04:02:51 DEBUG __main__:773 Epoch: 566, Loss: 11.498226165771484
2019-02-10 04:02:59 DEBUG __main__:773 Epoch: 567, Loss: 11.498215675354004
2019-02-10 04:03:07 DEBUG __main__:773 Epoch: 568, Loss: 11.498208045959473
2019-02-10 04:03:15 DEBUG __main__:773 Epoch: 569, Loss: 11.498200416564941
2019-02-10 04:03:24 DEBUG __main__:773 Epoch: 570, Loss: 11.49819278717041
2019-02-10 04:03:32 DEBUG __main__:773 Epoch: 571, Loss: 11.498185157775879
2019-02-10 04:03:40 DEBUG __main__:773 Epoch: 572, Loss: 11.498174667358398
2019-02-10 04:03:49 DEBUG __main__:773 Epoch: 573, Loss: 11.498167037963867
2019-02-10 04:03:57 DEBUG __main__:773 Epoch: 574, Loss: 11.498159408569336
2019-02-10 04:04:05 DEBUG __main__:773 Epoch: 575, Loss: 11.498151779174805
2019-02-10 04:04:13 DEBUG __main__:773 Epoch: 576, Loss: 11.498143196105957
2019-02-10 04:04:22 DEBUG __main__:773 Epoch: 577, Loss: 11.498133659362793
2019-02-10 04:04:30 DEBUG __main__:773 Epoch: 578, Loss: 11.498126029968262
2019-02-10 04:04:38 DEBUG __main__:773 Epoch: 579, Loss: 11.49811840057373
2019-02-10 04:04:47 DEBUG __main__:773 Epoch: 580, Loss: 11.4981107711792
2019-02-10 04:04:55 DEBUG __main__:773 Epoch: 581, Loss: 11.498102188110352
2019-02-10 04:05:03 DEBUG __main__:773 Epoch: 582, Loss: 11.498092651367188
2019-02-10 04:05:11 DEBUG __main__:773 Epoch: 583, Loss: 11.498085021972656
2019-02-10 04:05:19 DEBUG __main__:773 Epoch: 584, Loss: 11.498077392578125
2019-02-10 04:05:28 DEBUG __main__:773 Epoch: 585, Loss: 11.498069763183594
2019-02-10 04:05:36 DEBUG __main__:773 Epoch: 586, Loss: 11.498061180114746
2019-02-10 04:05:44 DEBUG __main__:773 Epoch: 587, Loss: 11.498052597045898
2019-02-10 04:05:52 DEBUG __main__:773 Epoch: 588, Loss: 11.49804401397705
2019-02-10 04:06:01 DEBUG __main__:773 Epoch: 589, Loss: 11.49803638458252
2019-02-10 04:06:09 DEBUG __main__:773 Epoch: 590, Loss: 11.498028755187988
2019-02-10 04:06:17 DEBUG __main__:773 Epoch: 591, Loss: 11.49802017211914
2019-02-10 04:06:26 DEBUG __main__:773 Epoch: 592, Loss: 11.49801254272461
2019-02-10 04:06:34 DEBUG __main__:773 Epoch: 593, Loss: 11.498003005981445
2019-02-10 04:06:42 DEBUG __main__:773 Epoch: 594, Loss: 11.497995376586914
2019-02-10 04:06:50 DEBUG __main__:773 Epoch: 595, Loss: 11.497986793518066
2019-02-10 04:06:59 DEBUG __main__:773 Epoch: 596, Loss: 11.497979164123535
2019-02-10 04:07:07 DEBUG __main__:773 Epoch: 597, Loss: 11.497971534729004
2019-02-10 04:07:15 DEBUG __main__:773 Epoch: 598, Loss: 11.497963905334473
2019-02-10 04:07:24 DEBUG __main__:773 Epoch: 599, Loss: 11.497956275939941
2019-02-10 04:07:32 DEBUG __main__:773 Epoch: 600, Loss: 11.497945785522461
2019-02-10 04:07:40 DEBUG __main__:773 Epoch: 601, Loss: 11.49793815612793
2019-02-10 04:07:49 DEBUG __main__:773 Epoch: 602, Loss: 11.497930526733398
2019-02-10 04:07:57 DEBUG __main__:773 Epoch: 603, Loss: 11.497922897338867
2019-02-10 04:08:05 DEBUG __main__:773 Epoch: 604, Loss: 11.497915267944336
2019-02-10 04:08:13 DEBUG __main__:773 Epoch: 605, Loss: 11.497906684875488
2019-02-10 04:08:22 DEBUG __main__:773 Epoch: 606, Loss: 11.497899055480957
2019-02-10 04:08:30 DEBUG __main__:773 Epoch: 607, Loss: 11.497889518737793
2019-02-10 04:08:38 DEBUG __main__:773 Epoch: 608, Loss: 11.497881889343262
2019-02-10 04:08:47 DEBUG __main__:773 Epoch: 609, Loss: 11.49787425994873
2019-02-10 04:08:55 DEBUG __main__:773 Epoch: 610, Loss: 11.497865676879883
2019-02-10 04:09:03 DEBUG __main__:773 Epoch: 611, Loss: 11.497858047485352
2019-02-10 04:09:11 DEBUG __main__:773 Epoch: 612, Loss: 11.49785041809082
2019-02-10 04:09:20 DEBUG __main__:773 Epoch: 613, Loss: 11.497842788696289
2019-02-10 04:09:28 DEBUG __main__:773 Epoch: 614, Loss: 11.497835159301758
2019-02-10 04:09:36 DEBUG __main__:773 Epoch: 615, Loss: 11.497825622558594
2019-02-10 04:09:44 DEBUG __main__:773 Epoch: 616, Loss: 11.497817039489746
2019-02-10 04:09:53 DEBUG __main__:773 Epoch: 617, Loss: 11.497809410095215
2019-02-10 04:10:01 DEBUG __main__:773 Epoch: 618, Loss: 11.497801780700684
2019-02-10 04:10:09 DEBUG __main__:773 Epoch: 619, Loss: 11.497794151306152
2019-02-10 04:10:17 DEBUG __main__:773 Epoch: 620, Loss: 11.497785568237305
2019-02-10 04:10:26 DEBUG __main__:773 Epoch: 621, Loss: 11.497777938842773
2019-02-10 04:10:34 DEBUG __main__:773 Epoch: 622, Loss: 11.497770309448242
2019-02-10 04:10:43 DEBUG __main__:773 Epoch: 623, Loss: 11.497762680053711
2019-02-10 04:10:51 DEBUG __main__:773 Epoch: 624, Loss: 11.49775505065918
2019-02-10 04:10:59 DEBUG __main__:773 Epoch: 625, Loss: 11.497746467590332
2019-02-10 04:11:08 DEBUG __main__:773 Epoch: 626, Loss: 11.497737884521484
2019-02-10 04:11:16 DEBUG __main__:773 Epoch: 627, Loss: 11.497729301452637
2019-02-10 04:11:24 DEBUG __main__:773 Epoch: 628, Loss: 11.497721672058105
2019-02-10 04:11:32 DEBUG __main__:773 Epoch: 629, Loss: 11.497713088989258
2019-02-10 04:11:40 DEBUG __main__:773 Epoch: 630, Loss: 11.497705459594727
2019-02-10 04:11:49 DEBUG __main__:773 Epoch: 631, Loss: 11.497697830200195
2019-02-10 04:11:57 DEBUG __main__:773 Epoch: 632, Loss: 11.497690200805664
2019-02-10 04:12:05 DEBUG __main__:773 Epoch: 633, Loss: 11.497682571411133
2019-02-10 04:12:13 DEBUG __main__:773 Epoch: 634, Loss: 11.497673988342285
2019-02-10 04:12:22 DEBUG __main__:773 Epoch: 635, Loss: 11.497666358947754
2019-02-10 04:12:30 DEBUG __main__:773 Epoch: 636, Loss: 11.497658729553223
2019-02-10 04:12:38 DEBUG __main__:773 Epoch: 637, Loss: 11.497651100158691
2019-02-10 04:12:47 DEBUG __main__:773 Epoch: 638, Loss: 11.49764347076416
2019-02-10 04:12:55 DEBUG __main__:773 Epoch: 639, Loss: 11.497634887695312
2019-02-10 04:13:03 DEBUG __main__:773 Epoch: 640, Loss: 11.497627258300781
2019-02-10 04:13:12 DEBUG __main__:773 Epoch: 641, Loss: 11.49761962890625
2019-02-10 04:13:20 DEBUG __main__:773 Epoch: 642, Loss: 11.497611999511719
2019-02-10 04:13:28 DEBUG __main__:773 Epoch: 643, Loss: 11.497604370117188
2019-02-10 04:13:37 DEBUG __main__:773 Epoch: 644, Loss: 11.49759578704834
2019-02-10 04:13:45 DEBUG __main__:773 Epoch: 645, Loss: 11.497588157653809
2019-02-10 04:13:53 DEBUG __main__:773 Epoch: 646, Loss: 11.497580528259277
2019-02-10 04:14:02 DEBUG __main__:773 Epoch: 647, Loss: 11.49757194519043
2019-02-10 04:14:10 DEBUG __main__:773 Epoch: 648, Loss: 11.497564315795898
2019-02-10 04:14:19 DEBUG __main__:773 Epoch: 649, Loss: 11.49755573272705
2019-02-10 04:14:27 DEBUG __main__:773 Epoch: 650, Loss: 11.49754810333252
2019-02-10 04:14:35 DEBUG __main__:773 Epoch: 651, Loss: 11.497540473937988
2019-02-10 04:14:44 DEBUG __main__:773 Epoch: 652, Loss: 11.497532844543457
2019-02-10 04:14:52 DEBUG __main__:773 Epoch: 653, Loss: 11.497525215148926
2019-02-10 04:15:01 DEBUG __main__:773 Epoch: 654, Loss: 11.497516632080078
2019-02-10 04:15:09 DEBUG __main__:773 Epoch: 655, Loss: 11.497509002685547
2019-02-10 04:15:17 DEBUG __main__:773 Epoch: 656, Loss: 11.497501373291016
2019-02-10 04:15:26 DEBUG __main__:773 Epoch: 657, Loss: 11.497493743896484
2019-02-10 04:15:34 DEBUG __main__:773 Epoch: 658, Loss: 11.497486114501953
2019-02-10 04:15:42 DEBUG __main__:773 Epoch: 659, Loss: 11.497478485107422
2019-02-10 04:15:51 DEBUG __main__:773 Epoch: 660, Loss: 11.49747085571289
2019-02-10 04:15:59 DEBUG __main__:773 Epoch: 661, Loss: 11.49746322631836
2019-02-10 04:16:08 DEBUG __main__:773 Epoch: 662, Loss: 11.497455596923828
2019-02-10 04:16:16 DEBUG __main__:773 Epoch: 663, Loss: 11.497447967529297
2019-02-10 04:16:24 DEBUG __main__:773 Epoch: 664, Loss: 11.49743938446045
2019-02-10 04:16:33 DEBUG __main__:773 Epoch: 665, Loss: 11.497431755065918
2019-02-10 04:16:41 DEBUG __main__:773 Epoch: 666, Loss: 11.497424125671387
2019-02-10 04:16:49 DEBUG __main__:773 Epoch: 667, Loss: 11.497416496276855
2019-02-10 04:16:58 DEBUG __main__:773 Epoch: 668, Loss: 11.497408866882324
2019-02-10 04:17:06 DEBUG __main__:773 Epoch: 669, Loss: 11.497400283813477
2019-02-10 04:17:14 DEBUG __main__:773 Epoch: 670, Loss: 11.497392654418945
2019-02-10 04:17:23 DEBUG __main__:773 Epoch: 671, Loss: 11.497385025024414
2019-02-10 04:17:31 DEBUG __main__:773 Epoch: 672, Loss: 11.497377395629883
2019-02-10 04:17:39 DEBUG __main__:773 Epoch: 673, Loss: 11.497369766235352
2019-02-10 04:17:48 DEBUG __main__:773 Epoch: 674, Loss: 11.497361183166504
2019-02-10 04:17:56 DEBUG __main__:773 Epoch: 675, Loss: 11.497353553771973
2019-02-10 04:18:04 DEBUG __main__:773 Epoch: 676, Loss: 11.497345924377441
2019-02-10 04:18:12 DEBUG __main__:773 Epoch: 677, Loss: 11.49733829498291
2019-02-10 04:18:21 DEBUG __main__:773 Epoch: 678, Loss: 11.497331619262695
2019-02-10 04:18:29 DEBUG __main__:773 Epoch: 679, Loss: 11.49732494354248
2019-02-10 04:18:37 DEBUG __main__:773 Epoch: 680, Loss: 11.497316360473633
2019-02-10 04:18:46 DEBUG __main__:773 Epoch: 681, Loss: 11.497308731079102
2019-02-10 04:18:54 DEBUG __main__:773 Epoch: 682, Loss: 11.49730110168457
2019-02-10 04:19:02 DEBUG __main__:773 Epoch: 683, Loss: 11.497293472290039
2019-02-10 04:19:11 DEBUG __main__:773 Epoch: 684, Loss: 11.497285842895508
2019-02-10 04:19:19 DEBUG __main__:773 Epoch: 685, Loss: 11.49727725982666
2019-02-10 04:19:27 DEBUG __main__:773 Epoch: 686, Loss: 11.497269630432129
2019-02-10 04:19:36 DEBUG __main__:773 Epoch: 687, Loss: 11.497262001037598
2019-02-10 04:19:44 DEBUG __main__:773 Epoch: 688, Loss: 11.4972562789917
2019-02-10 04:19:53 DEBUG __main__:773 Epoch: 689, Loss: 11.497248649597168
2019-02-10 04:20:01 DEBUG __main__:773 Epoch: 690, Loss: 11.49724006652832
2019-02-10 04:20:09 DEBUG __main__:773 Epoch: 691, Loss: 11.497232437133789
2019-02-10 04:20:18 DEBUG __main__:773 Epoch: 692, Loss: 11.497224807739258
2019-02-10 04:20:26 DEBUG __main__:773 Epoch: 693, Loss: 11.497217178344727
2019-02-10 04:20:35 DEBUG __main__:773 Epoch: 694, Loss: 11.497209548950195
2019-02-10 04:20:43 DEBUG __main__:773 Epoch: 695, Loss: 11.497200965881348
2019-02-10 04:20:52 DEBUG __main__:773 Epoch: 696, Loss: 11.49719524383545
2019-02-10 04:21:00 DEBUG __main__:773 Epoch: 697, Loss: 11.497187614440918
2019-02-10 04:21:08 DEBUG __main__:773 Epoch: 698, Loss: 11.497179985046387
2019-02-10 04:21:17 DEBUG __main__:773 Epoch: 699, Loss: 11.497172355651855
2019-02-10 04:21:25 DEBUG __main__:773 Epoch: 700, Loss: 11.497163772583008
2019-02-10 04:21:33 DEBUG __main__:773 Epoch: 701, Loss: 11.497156143188477
2019-02-10 04:21:42 DEBUG __main__:773 Epoch: 702, Loss: 11.497150421142578
2019-02-10 04:21:50 DEBUG __main__:773 Epoch: 703, Loss: 11.497142791748047
2019-02-10 04:21:59 DEBUG __main__:773 Epoch: 704, Loss: 11.497135162353516
2019-02-10 04:22:07 DEBUG __main__:773 Epoch: 705, Loss: 11.497126579284668
2019-02-10 04:22:15 DEBUG __main__:773 Epoch: 706, Loss: 11.497118949890137
2019-02-10 04:22:24 DEBUG __main__:773 Epoch: 707, Loss: 11.497111320495605
2019-02-10 04:22:32 DEBUG __main__:773 Epoch: 708, Loss: 11.497105598449707
2019-02-10 04:22:40 DEBUG __main__:773 Epoch: 709, Loss: 11.497097969055176
2019-02-10 04:22:49 DEBUG __main__:773 Epoch: 710, Loss: 11.497090339660645
2019-02-10 04:22:57 DEBUG __main__:773 Epoch: 711, Loss: 11.497081756591797
2019-02-10 04:23:05 DEBUG __main__:773 Epoch: 712, Loss: 11.497074127197266
2019-02-10 04:23:14 DEBUG __main__:773 Epoch: 713, Loss: 11.497068405151367
2019-02-10 04:23:22 DEBUG __main__:773 Epoch: 714, Loss: 11.497060775756836
2019-02-10 04:23:31 DEBUG __main__:773 Epoch: 715, Loss: 11.497053146362305
2019-02-10 04:23:39 DEBUG __main__:773 Epoch: 716, Loss: 11.497044563293457
2019-02-10 04:23:47 DEBUG __main__:773 Epoch: 717, Loss: 11.497037887573242
2019-02-10 04:23:55 DEBUG __main__:773 Epoch: 718, Loss: 11.497031211853027
2019-02-10 04:24:04 DEBUG __main__:773 Epoch: 719, Loss: 11.497023582458496
2019-02-10 04:24:12 DEBUG __main__:773 Epoch: 720, Loss: 11.497015953063965
2019-02-10 04:24:20 DEBUG __main__:773 Epoch: 721, Loss: 11.497008323669434
2019-02-10 04:24:29 DEBUG __main__:773 Epoch: 722, Loss: 11.497001647949219
2019-02-10 04:24:37 DEBUG __main__:773 Epoch: 723, Loss: 11.496994018554688
2019-02-10 04:24:46 DEBUG __main__:773 Epoch: 724, Loss: 11.496986389160156
2019-02-10 04:24:54 DEBUG __main__:773 Epoch: 725, Loss: 11.496979713439941
2019-02-10 04:25:02 DEBUG __main__:773 Epoch: 726, Loss: 11.49697208404541
2019-02-10 04:25:11 DEBUG __main__:773 Epoch: 727, Loss: 11.496964454650879
2019-02-10 04:25:19 DEBUG __main__:773 Epoch: 728, Loss: 11.496956825256348
2019-02-10 04:25:27 DEBUG __main__:773 Epoch: 729, Loss: 11.49695110321045
2019-02-10 04:25:36 DEBUG __main__:773 Epoch: 730, Loss: 11.496943473815918
2019-02-10 04:25:44 DEBUG __main__:773 Epoch: 731, Loss: 11.496935844421387
2019-02-10 04:25:52 DEBUG __main__:773 Epoch: 732, Loss: 11.496927261352539
2019-02-10 04:26:00 DEBUG __main__:773 Epoch: 733, Loss: 11.49692153930664
2019-02-10 04:26:09 DEBUG __main__:773 Epoch: 734, Loss: 11.49691390991211
2019-02-10 04:26:17 DEBUG __main__:773 Epoch: 735, Loss: 11.496906280517578
2019-02-10 04:26:26 DEBUG __main__:773 Epoch: 736, Loss: 11.49690055847168
2019-02-10 04:26:34 DEBUG __main__:773 Epoch: 737, Loss: 11.496891975402832
2019-02-10 04:26:42 DEBUG __main__:773 Epoch: 738, Loss: 11.4968843460083
2019-02-10 04:26:51 DEBUG __main__:773 Epoch: 739, Loss: 11.496877670288086
2019-02-10 04:26:59 DEBUG __main__:773 Epoch: 740, Loss: 11.496870994567871
2019-02-10 04:27:08 DEBUG __main__:773 Epoch: 741, Loss: 11.49686336517334
2019-02-10 04:27:16 DEBUG __main__:773 Epoch: 742, Loss: 11.496856689453125
2019-02-10 04:27:24 DEBUG __main__:773 Epoch: 743, Loss: 11.496849060058594
2019-02-10 04:27:33 DEBUG __main__:773 Epoch: 744, Loss: 11.496841430664062
2019-02-10 04:27:41 DEBUG __main__:773 Epoch: 745, Loss: 11.496834754943848
2019-02-10 04:27:49 DEBUG __main__:773 Epoch: 746, Loss: 11.496828079223633
2019-02-10 04:27:58 DEBUG __main__:773 Epoch: 747, Loss: 11.496820449829102
2019-02-10 04:28:06 DEBUG __main__:773 Epoch: 748, Loss: 11.496813774108887
2019-02-10 04:28:15 DEBUG __main__:773 Epoch: 749, Loss: 11.496806144714355
2019-02-10 04:28:23 DEBUG __main__:773 Epoch: 750, Loss: 11.496798515319824
2019-02-10 04:28:31 DEBUG __main__:773 Epoch: 751, Loss: 11.496792793273926
2019-02-10 04:28:40 DEBUG __main__:773 Epoch: 752, Loss: 11.496785163879395
2019-02-10 04:28:48 DEBUG __main__:773 Epoch: 753, Loss: 11.496776580810547
2019-02-10 04:28:56 DEBUG __main__:773 Epoch: 754, Loss: 11.496770858764648
2019-02-10 04:29:05 DEBUG __main__:773 Epoch: 755, Loss: 11.496763229370117
2019-02-10 04:29:13 DEBUG __main__:773 Epoch: 756, Loss: 11.496757507324219
2019-02-10 04:29:21 DEBUG __main__:773 Epoch: 757, Loss: 11.496749877929688
2019-02-10 04:29:30 DEBUG __main__:773 Epoch: 758, Loss: 11.496742248535156
2019-02-10 04:29:38 DEBUG __main__:773 Epoch: 759, Loss: 11.496735572814941
2019-02-10 04:29:47 DEBUG __main__:773 Epoch: 760, Loss: 11.49672794342041
2019-02-10 04:29:55 DEBUG __main__:773 Epoch: 761, Loss: 11.496722221374512
2019-02-10 04:30:03 DEBUG __main__:773 Epoch: 762, Loss: 11.49671459197998
2019-02-10 04:30:12 DEBUG __main__:773 Epoch: 763, Loss: 11.49670696258545
2019-02-10 04:30:20 DEBUG __main__:773 Epoch: 764, Loss: 11.49670124053955
2019-02-10 04:30:28 DEBUG __main__:773 Epoch: 765, Loss: 11.496692657470703
2019-02-10 04:30:37 DEBUG __main__:773 Epoch: 766, Loss: 11.496686935424805
2019-02-10 04:30:45 DEBUG __main__:773 Epoch: 767, Loss: 11.496679306030273
2019-02-10 04:30:53 DEBUG __main__:773 Epoch: 768, Loss: 11.496673583984375
2019-02-10 04:31:01 DEBUG __main__:773 Epoch: 769, Loss: 11.496665954589844
2019-02-10 04:31:09 DEBUG __main__:773 Epoch: 770, Loss: 11.496659278869629
2019-02-10 04:31:18 DEBUG __main__:773 Epoch: 771, Loss: 11.496651649475098
2019-02-10 04:31:26 DEBUG __main__:773 Epoch: 772, Loss: 11.496644973754883
2019-02-10 04:31:34 DEBUG __main__:773 Epoch: 773, Loss: 11.496638298034668
2019-02-10 04:31:42 DEBUG __main__:773 Epoch: 774, Loss: 11.496630668640137
2019-02-10 04:31:51 DEBUG __main__:773 Epoch: 775, Loss: 11.496624946594238
2019-02-10 04:31:59 DEBUG __main__:773 Epoch: 776, Loss: 11.49661636352539
2019-02-10 04:32:07 DEBUG __main__:773 Epoch: 777, Loss: 11.496610641479492
2019-02-10 04:32:15 DEBUG __main__:773 Epoch: 778, Loss: 11.496603012084961
2019-02-10 04:32:24 DEBUG __main__:773 Epoch: 779, Loss: 11.496597290039062
2019-02-10 04:32:32 DEBUG __main__:773 Epoch: 780, Loss: 11.496589660644531
2019-02-10 04:32:40 DEBUG __main__:773 Epoch: 781, Loss: 11.496583938598633
2019-02-10 04:32:48 DEBUG __main__:773 Epoch: 782, Loss: 11.496575355529785
2019-02-10 04:32:57 DEBUG __main__:773 Epoch: 783, Loss: 11.496569633483887
2019-02-10 04:33:05 DEBUG __main__:773 Epoch: 784, Loss: 11.496562957763672
2019-02-10 04:33:13 DEBUG __main__:773 Epoch: 785, Loss: 11.496556282043457
2019-02-10 04:33:22 DEBUG __main__:773 Epoch: 786, Loss: 11.496550559997559
2019-02-10 04:33:30 DEBUG __main__:773 Epoch: 787, Loss: 11.496541976928711
2019-02-10 04:33:38 DEBUG __main__:773 Epoch: 788, Loss: 11.496536254882812
2019-02-10 04:33:47 DEBUG __main__:773 Epoch: 789, Loss: 11.496528625488281
2019-02-10 04:33:55 DEBUG __main__:773 Epoch: 790, Loss: 11.496522903442383
2019-02-10 04:34:03 DEBUG __main__:773 Epoch: 791, Loss: 11.496515274047852
2019-02-10 04:34:12 DEBUG __main__:773 Epoch: 792, Loss: 11.496509552001953
2019-02-10 04:34:20 DEBUG __main__:773 Epoch: 793, Loss: 11.496501922607422
2019-02-10 04:34:28 DEBUG __main__:773 Epoch: 794, Loss: 11.496495246887207
2019-02-10 04:34:37 DEBUG __main__:773 Epoch: 795, Loss: 11.496489524841309
2019-02-10 04:34:45 DEBUG __main__:773 Epoch: 796, Loss: 11.496481895446777
2019-02-10 04:34:53 DEBUG __main__:773 Epoch: 797, Loss: 11.496476173400879
2019-02-10 04:35:02 DEBUG __main__:773 Epoch: 798, Loss: 11.496468544006348
2019-02-10 04:35:10 DEBUG __main__:773 Epoch: 799, Loss: 11.496461868286133
2019-02-10 04:35:18 DEBUG __main__:773 Epoch: 800, Loss: 11.496456146240234
2019-02-10 04:35:27 DEBUG __main__:773 Epoch: 801, Loss: 11.496448516845703
2019-02-10 04:35:35 DEBUG __main__:773 Epoch: 802, Loss: 11.496442794799805
2019-02-10 04:35:43 DEBUG __main__:773 Epoch: 803, Loss: 11.496437072753906
2019-02-10 04:35:51 DEBUG __main__:773 Epoch: 804, Loss: 11.496429443359375
2019-02-10 04:36:00 DEBUG __main__:773 Epoch: 805, Loss: 11.49642276763916
2019-02-10 04:36:08 DEBUG __main__:773 Epoch: 806, Loss: 11.496415138244629
2019-02-10 04:36:16 DEBUG __main__:773 Epoch: 807, Loss: 11.49640941619873
2019-02-10 04:36:25 DEBUG __main__:773 Epoch: 808, Loss: 11.496403694152832
2019-02-10 04:36:33 DEBUG __main__:773 Epoch: 809, Loss: 11.4963960647583
2019-02-10 04:36:41 DEBUG __main__:773 Epoch: 810, Loss: 11.496390342712402
2019-02-10 04:36:50 DEBUG __main__:773 Epoch: 811, Loss: 11.496383666992188
2019-02-10 04:36:58 DEBUG __main__:773 Epoch: 812, Loss: 11.496376037597656
2019-02-10 04:37:06 DEBUG __main__:773 Epoch: 813, Loss: 11.496370315551758
2019-02-10 04:37:14 DEBUG __main__:773 Epoch: 814, Loss: 11.49636459350586
2019-02-10 04:37:23 DEBUG __main__:773 Epoch: 815, Loss: 11.496357917785645
2019-02-10 04:37:31 DEBUG __main__:773 Epoch: 816, Loss: 11.49635124206543
2019-02-10 04:37:39 DEBUG __main__:773 Epoch: 817, Loss: 11.496344566345215
2019-02-10 04:37:48 DEBUG __main__:773 Epoch: 818, Loss: 11.496338844299316
2019-02-10 04:37:56 DEBUG __main__:773 Epoch: 819, Loss: 11.496331214904785
2019-02-10 04:38:04 DEBUG __main__:773 Epoch: 820, Loss: 11.496325492858887
2019-02-10 04:38:12 DEBUG __main__:773 Epoch: 821, Loss: 11.496319770812988
2019-02-10 04:38:21 DEBUG __main__:773 Epoch: 822, Loss: 11.496313095092773
2019-02-10 04:38:29 DEBUG __main__:773 Epoch: 823, Loss: 11.496305465698242
2019-02-10 04:38:37 DEBUG __main__:773 Epoch: 824, Loss: 11.496299743652344
2019-02-10 04:38:45 DEBUG __main__:773 Epoch: 825, Loss: 11.496294021606445
2019-02-10 04:38:54 DEBUG __main__:773 Epoch: 826, Loss: 11.49628734588623
2019-02-10 04:39:02 DEBUG __main__:773 Epoch: 827, Loss: 11.496280670166016
2019-02-10 04:39:10 DEBUG __main__:773 Epoch: 828, Loss: 11.496274948120117
2019-02-10 04:39:18 DEBUG __main__:773 Epoch: 829, Loss: 11.496268272399902
2019-02-10 04:39:27 DEBUG __main__:773 Epoch: 830, Loss: 11.496262550354004
2019-02-10 04:39:35 DEBUG __main__:773 Epoch: 831, Loss: 11.496254920959473
2019-02-10 04:39:43 DEBUG __main__:773 Epoch: 832, Loss: 11.496249198913574
2019-02-10 04:39:52 DEBUG __main__:773 Epoch: 833, Loss: 11.496243476867676
2019-02-10 04:40:00 DEBUG __main__:773 Epoch: 834, Loss: 11.496237754821777
2019-02-10 04:40:08 DEBUG __main__:773 Epoch: 835, Loss: 11.496231079101562
2019-02-10 04:40:17 DEBUG __main__:773 Epoch: 836, Loss: 11.496223449707031
2019-02-10 04:40:25 DEBUG __main__:773 Epoch: 837, Loss: 11.496217727661133
2019-02-10 04:40:33 DEBUG __main__:773 Epoch: 838, Loss: 11.496212005615234
2019-02-10 04:40:42 DEBUG __main__:773 Epoch: 839, Loss: 11.496206283569336
2019-02-10 04:40:50 DEBUG __main__:773 Epoch: 840, Loss: 11.496200561523438
2019-02-10 04:40:58 DEBUG __main__:773 Epoch: 841, Loss: 11.496192932128906
2019-02-10 04:41:07 DEBUG __main__:773 Epoch: 842, Loss: 11.496186256408691
2019-02-10 04:41:15 DEBUG __main__:773 Epoch: 843, Loss: 11.496180534362793
2019-02-10 04:41:23 DEBUG __main__:773 Epoch: 844, Loss: 11.496174812316895
2019-02-10 04:41:32 DEBUG __main__:773 Epoch: 845, Loss: 11.496169090270996
2019-02-10 04:41:40 DEBUG __main__:773 Epoch: 846, Loss: 11.496163368225098
2019-02-10 04:41:48 DEBUG __main__:773 Epoch: 847, Loss: 11.4961576461792
2019-02-10 04:41:57 DEBUG __main__:773 Epoch: 848, Loss: 11.496150016784668
2019-02-10 04:42:05 DEBUG __main__:773 Epoch: 849, Loss: 11.496143341064453
2019-02-10 04:42:13 DEBUG __main__:773 Epoch: 850, Loss: 11.496137619018555
2019-02-10 04:42:22 DEBUG __main__:773 Epoch: 851, Loss: 11.496131896972656
2019-02-10 04:42:30 DEBUG __main__:773 Epoch: 852, Loss: 11.496126174926758
2019-02-10 04:42:38 DEBUG __main__:773 Epoch: 853, Loss: 11.49612045288086
2019-02-10 04:42:47 DEBUG __main__:773 Epoch: 854, Loss: 11.496114730834961
2019-02-10 04:42:55 DEBUG __main__:773 Epoch: 855, Loss: 11.496108055114746
2019-02-10 04:43:03 DEBUG __main__:773 Epoch: 856, Loss: 11.496102333068848
2019-02-10 04:43:11 DEBUG __main__:773 Epoch: 857, Loss: 11.49609661102295
2019-02-10 04:43:20 DEBUG __main__:773 Epoch: 858, Loss: 11.49609088897705
2019-02-10 04:43:28 DEBUG __main__:773 Epoch: 859, Loss: 11.496085166931152
2019-02-10 04:43:36 DEBUG __main__:773 Epoch: 860, Loss: 11.496078491210938
2019-02-10 04:43:45 DEBUG __main__:773 Epoch: 861, Loss: 11.496070861816406
2019-02-10 04:43:53 DEBUG __main__:773 Epoch: 862, Loss: 11.496065139770508
2019-02-10 04:44:01 DEBUG __main__:773 Epoch: 863, Loss: 11.49605941772461
2019-02-10 04:44:10 DEBUG __main__:773 Epoch: 864, Loss: 11.496053695678711
2019-02-10 04:44:18 DEBUG __main__:773 Epoch: 865, Loss: 11.496047973632812
2019-02-10 04:44:26 DEBUG __main__:773 Epoch: 866, Loss: 11.496042251586914
2019-02-10 04:44:35 DEBUG __main__:773 Epoch: 867, Loss: 11.496036529541016
2019-02-10 04:44:43 DEBUG __main__:773 Epoch: 868, Loss: 11.4960298538208
2019-02-10 04:44:51 DEBUG __main__:773 Epoch: 869, Loss: 11.496024131774902
2019-02-10 04:44:59 DEBUG __main__:773 Epoch: 870, Loss: 11.496018409729004
2019-02-10 04:45:08 DEBUG __main__:773 Epoch: 871, Loss: 11.496012687683105
2019-02-10 04:45:16 DEBUG __main__:773 Epoch: 872, Loss: 11.496006965637207
2019-02-10 04:45:24 DEBUG __main__:773 Epoch: 873, Loss: 11.496001243591309
2019-02-10 04:45:33 DEBUG __main__:773 Epoch: 874, Loss: 11.495994567871094
2019-02-10 04:45:41 DEBUG __main__:773 Epoch: 875, Loss: 11.495988845825195
2019-02-10 04:45:49 DEBUG __main__:773 Epoch: 876, Loss: 11.495983123779297
2019-02-10 04:45:58 DEBUG __main__:773 Epoch: 877, Loss: 11.495978355407715
2019-02-10 04:46:06 DEBUG __main__:773 Epoch: 878, Loss: 11.495973587036133
2019-02-10 04:46:14 DEBUG __main__:773 Epoch: 879, Loss: 11.495967864990234
2019-02-10 04:46:23 DEBUG __main__:773 Epoch: 880, Loss: 11.495962142944336
2019-02-10 04:46:31 DEBUG __main__:773 Epoch: 881, Loss: 11.495955467224121
2019-02-10 04:46:39 DEBUG __main__:773 Epoch: 882, Loss: 11.495949745178223
2019-02-10 04:46:47 DEBUG __main__:773 Epoch: 883, Loss: 11.495944023132324
2019-02-10 04:46:56 DEBUG __main__:773 Epoch: 884, Loss: 11.495938301086426
2019-02-10 04:47:04 DEBUG __main__:773 Epoch: 885, Loss: 11.495932579040527
2019-02-10 04:47:12 DEBUG __main__:773 Epoch: 886, Loss: 11.495926856994629
2019-02-10 04:47:21 DEBUG __main__:773 Epoch: 887, Loss: 11.49592113494873
2019-02-10 04:47:29 DEBUG __main__:773 Epoch: 888, Loss: 11.495914459228516
2019-02-10 04:47:38 DEBUG __main__:773 Epoch: 889, Loss: 11.495909690856934
2019-02-10 04:47:46 DEBUG __main__:773 Epoch: 890, Loss: 11.495904922485352
2019-02-10 04:47:54 DEBUG __main__:773 Epoch: 891, Loss: 11.495899200439453
2019-02-10 04:48:02 DEBUG __main__:773 Epoch: 892, Loss: 11.495893478393555
2019-02-10 04:48:11 DEBUG __main__:773 Epoch: 893, Loss: 11.495887756347656
2019-02-10 04:48:19 DEBUG __main__:773 Epoch: 894, Loss: 11.495882034301758
2019-02-10 04:48:27 DEBUG __main__:773 Epoch: 895, Loss: 11.495875358581543
2019-02-10 04:48:36 DEBUG __main__:773 Epoch: 896, Loss: 11.495869636535645
2019-02-10 04:48:44 DEBUG __main__:773 Epoch: 897, Loss: 11.495865821838379
2019-02-10 04:48:52 DEBUG __main__:773 Epoch: 898, Loss: 11.49586009979248
2019-02-10 04:49:01 DEBUG __main__:773 Epoch: 899, Loss: 11.495854377746582
2019-02-10 04:49:09 DEBUG __main__:773 Epoch: 900, Loss: 11.495848655700684
2019-02-10 04:49:17 DEBUG __main__:773 Epoch: 901, Loss: 11.495842933654785
2019-02-10 04:49:26 DEBUG __main__:773 Epoch: 902, Loss: 11.495837211608887
2019-02-10 04:49:34 DEBUG __main__:773 Epoch: 903, Loss: 11.495832443237305
2019-02-10 04:49:42 DEBUG __main__:773 Epoch: 904, Loss: 11.495826721191406
2019-02-10 04:49:51 DEBUG __main__:773 Epoch: 905, Loss: 11.495820999145508
2019-02-10 04:49:59 DEBUG __main__:773 Epoch: 906, Loss: 11.49581527709961
2019-02-10 04:50:07 DEBUG __main__:773 Epoch: 907, Loss: 11.495810508728027
2019-02-10 04:50:16 DEBUG __main__:773 Epoch: 908, Loss: 11.495805740356445
2019-02-10 04:50:24 DEBUG __main__:773 Epoch: 909, Loss: 11.49579906463623
2019-02-10 04:50:32 DEBUG __main__:773 Epoch: 910, Loss: 11.495793342590332
2019-02-10 04:50:41 DEBUG __main__:773 Epoch: 911, Loss: 11.495787620544434
2019-02-10 04:50:49 DEBUG __main__:773 Epoch: 912, Loss: 11.495783805847168
2019-02-10 04:50:57 DEBUG __main__:773 Epoch: 913, Loss: 11.49577808380127
2019-02-10 04:51:06 DEBUG __main__:773 Epoch: 914, Loss: 11.495772361755371
2019-02-10 04:51:14 DEBUG __main__:773 Epoch: 915, Loss: 11.495766639709473
2019-02-10 04:51:22 DEBUG __main__:773 Epoch: 916, Loss: 11.495762825012207
2019-02-10 04:51:30 DEBUG __main__:773 Epoch: 917, Loss: 11.495756149291992
2019-02-10 04:51:38 DEBUG __main__:773 Epoch: 918, Loss: 11.495750427246094
2019-02-10 04:51:47 DEBUG __main__:773 Epoch: 919, Loss: 11.495745658874512
2019-02-10 04:51:55 DEBUG __main__:773 Epoch: 920, Loss: 11.49574089050293
2019-02-10 04:52:03 DEBUG __main__:773 Epoch: 921, Loss: 11.495735168457031
2019-02-10 04:52:12 DEBUG __main__:773 Epoch: 922, Loss: 11.495729446411133
2019-02-10 04:52:20 DEBUG __main__:773 Epoch: 923, Loss: 11.495725631713867
2019-02-10 04:52:28 DEBUG __main__:773 Epoch: 924, Loss: 11.495718955993652
2019-02-10 04:52:37 DEBUG __main__:773 Epoch: 925, Loss: 11.495713233947754
2019-02-10 04:52:45 DEBUG __main__:773 Epoch: 926, Loss: 11.495709419250488
2019-02-10 04:52:54 DEBUG __main__:773 Epoch: 927, Loss: 11.49570369720459
2019-02-10 04:53:02 DEBUG __main__:773 Epoch: 928, Loss: 11.495697975158691
2019-02-10 04:53:11 DEBUG __main__:773 Epoch: 929, Loss: 11.495694160461426
2019-02-10 04:53:19 DEBUG __main__:773 Epoch: 930, Loss: 11.495688438415527
2019-02-10 04:53:27 DEBUG __main__:773 Epoch: 931, Loss: 11.495681762695312
2019-02-10 04:53:36 DEBUG __main__:773 Epoch: 932, Loss: 11.495677947998047
2019-02-10 04:53:44 DEBUG __main__:773 Epoch: 933, Loss: 11.495672225952148
2019-02-10 04:53:52 DEBUG __main__:773 Epoch: 934, Loss: 11.49566650390625
2019-02-10 04:54:01 DEBUG __main__:773 Epoch: 935, Loss: 11.495662689208984
2019-02-10 04:54:09 DEBUG __main__:773 Epoch: 936, Loss: 11.495656967163086
2019-02-10 04:54:18 DEBUG __main__:773 Epoch: 937, Loss: 11.495651245117188
2019-02-10 04:54:26 DEBUG __main__:773 Epoch: 938, Loss: 11.495647430419922
2019-02-10 04:54:34 DEBUG __main__:773 Epoch: 939, Loss: 11.495640754699707
2019-02-10 04:54:43 DEBUG __main__:773 Epoch: 940, Loss: 11.495636940002441
2019-02-10 04:54:51 DEBUG __main__:773 Epoch: 941, Loss: 11.495631217956543
2019-02-10 04:55:00 DEBUG __main__:773 Epoch: 942, Loss: 11.495625495910645
2019-02-10 04:55:08 DEBUG __main__:773 Epoch: 943, Loss: 11.495621681213379
2019-02-10 04:55:16 DEBUG __main__:773 Epoch: 944, Loss: 11.49561595916748
2019-02-10 04:55:24 DEBUG __main__:773 Epoch: 945, Loss: 11.495612144470215
2019-02-10 04:55:33 DEBUG __main__:773 Epoch: 946, Loss: 11.495606422424316
2019-02-10 04:55:41 DEBUG __main__:773 Epoch: 947, Loss: 11.495599746704102
2019-02-10 04:55:49 DEBUG __main__:773 Epoch: 948, Loss: 11.495595932006836
2019-02-10 04:55:58 DEBUG __main__:773 Epoch: 949, Loss: 11.495590209960938
2019-02-10 04:56:06 DEBUG __main__:773 Epoch: 950, Loss: 11.495586395263672
2019-02-10 04:56:14 DEBUG __main__:773 Epoch: 951, Loss: 11.495580673217773
2019-02-10 04:56:23 DEBUG __main__:773 Epoch: 952, Loss: 11.495576858520508
2019-02-10 04:56:31 DEBUG __main__:773 Epoch: 953, Loss: 11.49557113647461
2019-02-10 04:56:40 DEBUG __main__:773 Epoch: 954, Loss: 11.495567321777344
2019-02-10 04:56:48 DEBUG __main__:773 Epoch: 955, Loss: 11.495560646057129
2019-02-10 04:56:56 DEBUG __main__:773 Epoch: 956, Loss: 11.495555877685547
2019-02-10 04:57:05 DEBUG __main__:773 Epoch: 957, Loss: 11.495551109313965
2019-02-10 04:57:13 DEBUG __main__:773 Epoch: 958, Loss: 11.495545387268066
2019-02-10 04:57:22 DEBUG __main__:773 Epoch: 959, Loss: 11.4955415725708
2019-02-10 04:57:30 DEBUG __main__:773 Epoch: 960, Loss: 11.495535850524902
2019-02-10 04:57:38 DEBUG __main__:773 Epoch: 961, Loss: 11.495532035827637
2019-02-10 04:57:46 DEBUG __main__:773 Epoch: 962, Loss: 11.495525360107422
2019-02-10 04:57:55 DEBUG __main__:773 Epoch: 963, Loss: 11.495521545410156
2019-02-10 04:58:03 DEBUG __main__:773 Epoch: 964, Loss: 11.495515823364258
2019-02-10 04:58:11 DEBUG __main__:773 Epoch: 965, Loss: 11.495512008666992
2019-02-10 04:58:20 DEBUG __main__:773 Epoch: 966, Loss: 11.495506286621094
2019-02-10 04:58:28 DEBUG __main__:773 Epoch: 967, Loss: 11.495502471923828
2019-02-10 04:58:36 DEBUG __main__:773 Epoch: 968, Loss: 11.495497703552246
2019-02-10 04:58:45 DEBUG __main__:773 Epoch: 969, Loss: 11.495492935180664
2019-02-10 04:58:53 DEBUG __main__:773 Epoch: 970, Loss: 11.495489120483398
2019-02-10 04:59:01 DEBUG __main__:773 Epoch: 971, Loss: 11.495482444763184
2019-02-10 04:59:10 DEBUG __main__:773 Epoch: 972, Loss: 11.495478630065918
2019-02-10 04:59:18 DEBUG __main__:773 Epoch: 973, Loss: 11.49547290802002
2019-02-10 04:59:27 DEBUG __main__:773 Epoch: 974, Loss: 11.495469093322754
2019-02-10 04:59:35 DEBUG __main__:773 Epoch: 975, Loss: 11.495463371276855
2019-02-10 04:59:43 DEBUG __main__:773 Epoch: 976, Loss: 11.49545955657959
2019-02-10 04:59:52 DEBUG __main__:773 Epoch: 977, Loss: 11.495453834533691
2019-02-10 05:00:00 DEBUG __main__:773 Epoch: 978, Loss: 11.495450019836426
2019-02-10 05:00:09 DEBUG __main__:773 Epoch: 979, Loss: 11.495445251464844
2019-02-10 05:00:17 DEBUG __main__:773 Epoch: 980, Loss: 11.495439529418945
2019-02-10 05:00:26 DEBUG __main__:773 Epoch: 981, Loss: 11.49543571472168
2019-02-10 05:00:34 DEBUG __main__:773 Epoch: 982, Loss: 11.495429992675781
2019-02-10 05:00:42 DEBUG __main__:773 Epoch: 983, Loss: 11.495426177978516
2019-02-10 05:00:51 DEBUG __main__:773 Epoch: 984, Loss: 11.495420455932617
2019-02-10 05:00:59 DEBUG __main__:773 Epoch: 985, Loss: 11.495416641235352
2019-02-10 05:01:07 DEBUG __main__:773 Epoch: 986, Loss: 11.495412826538086
2019-02-10 05:01:16 DEBUG __main__:773 Epoch: 987, Loss: 11.495406150817871
2019-02-10 05:01:24 DEBUG __main__:773 Epoch: 988, Loss: 11.495402336120605
2019-02-10 05:01:33 DEBUG __main__:773 Epoch: 989, Loss: 11.495397567749023
2019-02-10 05:01:41 DEBUG __main__:773 Epoch: 990, Loss: 11.495392799377441
2019-02-10 05:01:49 DEBUG __main__:773 Epoch: 991, Loss: 11.495388984680176
2019-02-10 05:01:57 DEBUG __main__:773 Epoch: 992, Loss: 11.495383262634277
2019-02-10 05:02:06 DEBUG __main__:773 Epoch: 993, Loss: 11.495379447937012
2019-02-10 05:02:14 DEBUG __main__:773 Epoch: 994, Loss: 11.495375633239746
2019-02-10 05:02:22 DEBUG __main__:773 Epoch: 995, Loss: 11.495368957519531
2019-02-10 05:02:31 DEBUG __main__:773 Epoch: 996, Loss: 11.495365142822266
2019-02-10 05:02:39 DEBUG __main__:773 Epoch: 997, Loss: 11.495361328125
2019-02-10 05:02:47 DEBUG __main__:773 Epoch: 998, Loss: 11.495355606079102
2019-02-10 05:02:55 DEBUG __main__:773 Epoch: 999, Loss: 11.495351791381836
2019-02-10 05:03:04 DEBUG __main__:773 Epoch: 1000, Loss: 11.49534797668457
2019-02-10 05:03:08 DEBUG __main__:1002 time cost: 10370.646584510803s
2019-02-10 05:21:18 DEBUG __main__:795 mean: 2.046485825246691e-08, std: 2.4437410957034444e-06
2019-02-10 05:21:18 DEBUG __main__:1009 print weights info
2019-02-10 05:21:18 DEBUG __main__:677 Play #1, number of layer is: 5
2019-02-10 05:22:37 DEBUG __main__:678 Play #1, weight: {'dense_bias': array([-4.6235e-06], dtype=float32), 'mydense_weigths': array([[-0.        ,  3.0918055 ,  3.709632  ,  0.17063832,  1.0643792 ,
         4.9208055 ,  1.4157584 ,  0.95756894, -0.        , -0.        ,
         1.3455397 , -0.        ,  1.4927188 ,  3.464429  , -0.        ,
         0.16264711,  1.4314581 ,  1.1727566 ,  1.0615121 ,  1.3369458 ]],
      dtype=float32), 'phi_weight': array([[0.16836606]], dtype=float32), 'mydense_bias': array([[ 0.01065622, -2.6663408 , -3.1938875 ,  0.1668081 , -0.86274046,
        -4.241745  , -1.2022887 , -0.76705366, -0.00583474, -0.00569071,
        -1.1573284 , -0.00553906, -1.2668046 , -2.9817843 ,  0.04440597,
         0.19267301, -1.157543  , -0.96658796, -0.8755979 , -1.101951  ]],
      dtype=float32), 'dense_weights': array([[-0.21444833],
       [ 4.6421485 ],
       [ 2.996946  ],
       [-0.01470242],
       [ 1.1203282 ],
       [ 3.4205446 ],
       [ 2.120045  ],
       [ 1.1416982 ],
       [-0.49143806],
       [-0.29599   ],
       [ 3.4694786 ],
       [-0.14734328],
       [ 2.0453594 ],
       [ 2.616672  ],
       [-0.07340533],
       [-0.0776765 ],
       [ 1.5631319 ],
       [ 1.1963392 ],
       [ 1.3039485 ],
       [ 1.7166075 ]], dtype=float32)}
2019-02-10 05:22:37 DEBUG __main__:677 Play #2, number of layer is: 5
2019-02-10 05:23:57 DEBUG __main__:678 Play #2, weight: {'dense_bias': array([-4.6235e-06], dtype=float32), 'mydense_weigths': array([[4.8967034e-01, 3.0621984e-03, 3.3582780e-01, 2.2476332e-08,
        9.5641203e-02, 3.1338558e-03, 7.7916260e-09, 2.1978204e-10,
        2.5623899e-03, 2.4719127e-03, 4.0926990e-01, 2.0517016e-08,
        2.8881533e-03, 1.1682714e-09, 2.8675014e-01, 2.8182582e-03,
        1.8246695e-03, 2.0195284e-01, 2.0780070e-01, 1.4932841e-01]],
      dtype=float32), 'phi_weight': array([[0.89744765]], dtype=float32), 'mydense_bias': array([[-2.3250959e-05, -1.4983065e-06, -1.9387419e-06,  6.0025577e-06,
        -4.0039174e-07, -1.6376155e-06,  3.1463321e-06,  3.5180929e-06,
         6.0127618e-08, -5.4847665e-06, -1.4604729e-05,  8.9191371e-06,
        -8.4912963e-06,  2.8033110e-06, -3.6466420e-06, -2.6302246e-07,
         1.3762568e-06, -8.0130462e-07, -4.5682009e-06, -9.4134958e-07]],
      dtype=float32), 'dense_weights': array([[ 0.42411488],
       [ 0.36822057],
       [ 0.08940421],
       [-0.39970097],
       [-0.3121231 ],
       [ 0.3872697 ],
       [-0.3083087 ],
       [-0.14756407],
       [ 0.25986472],
       [ 0.24289657],
       [ 0.51628774],
       [-0.29796547],
       [ 0.32546765],
       [-0.28813818],
       [ 0.20830342],
       [ 0.31149808],
       [ 0.15081641],
       [ 0.04641546],
       [ 0.48828635],
       [ 0.10722858]], dtype=float32)}
2019-02-10 05:23:57 DEBUG __main__:677 Play #3, number of layer is: 5
2019-02-10 05:25:17 DEBUG __main__:678 Play #3, weight: {'dense_bias': array([-4.6235e-06], dtype=float32), 'mydense_weigths': array([[ 4.5740264e-03,  2.7796918e-01,  3.9419446e-02,  6.1999934e-08,
        -0.0000000e+00,  1.6255080e-09,  3.3007234e-07,  2.5431427e-01,
         6.1798761e-07,  4.1753501e-01,  1.1051492e-01,  4.5173881e-03,
         1.7727268e-01,  1.9991983e-08,  1.9474990e-06,  8.2030840e-07,
         3.8914749e-01,  1.9702060e-08,  1.6589537e-02,  9.3278520e-02]],
      dtype=float32), 'phi_weight': array([[-0.]], dtype=float32), 'mydense_bias': array([[-2.73658149e-03,  8.81872955e-04,  3.02229364e-05,
         1.31571971e-04,  6.43946696e-04,  2.24849337e-05,
         2.79174279e-03, -2.84990121e-04,  7.63533986e-04,
        -2.67092604e-03,  1.11582616e-04, -1.53220535e-04,
         7.24826357e-04,  2.66073930e-05,  2.76268343e-04,
         1.51142396e-03, -9.45439097e-04,  1.37768011e-05,
        -8.54074278e-06,  2.41105168e-04]], dtype=float32), 'dense_weights': array([[-0.2520789 ],
       [ 0.17607719],
       [ 0.20702311],
       [ 0.07097567],
       [ 0.04123288],
       [ 0.22598192],
       [ 0.4454451 ],
       [-0.07208321],
       [ 0.3625669 ],
       [-0.42010292],
       [ 0.11391915],
       [-0.21231844],
       [ 0.3406699 ],
       [ 0.073879  ],
       [ 0.14602202],
       [ 0.3259536 ],
       [-0.11227129],
       [ 0.05095235],
       [-0.40347138],
       [ 0.3524295 ]], dtype=float32)}
2019-02-10 05:25:17 DEBUG __main__:677 Play #4, number of layer is: 5
2019-02-10 05:26:38 DEBUG __main__:678 Play #4, weight: {'dense_bias': array([-4.6235e-06], dtype=float32), 'mydense_weigths': array([[4.3571582e-03, 1.4443876e-01, 3.2350811e-04, 4.1457410e-03,
        5.2235317e-03, 4.2868443e-03, 4.3792450e-03, 4.3461657e-01,
        4.5235169e-01, 3.1145883e-04, 4.6049169e-01, 2.9157498e-04,
        2.0002666e-01, 3.9198599e-03, 4.1576554e-03, 4.8155156e-01,
        4.4941501e-04, 3.0793439e-04, 1.5168831e-01, 4.4682175e-01]],
      dtype=float32), 'phi_weight': array([[0.12905595]], dtype=float32), 'mydense_bias': array([[-5.2463082e-03,  6.8422116e-04,  4.3872264e-03, -5.0095483e-03,
         9.3545983e-05, -5.3597214e-03, -5.2460418e-03,  5.0487076e-03,
         4.3988870e-03,  2.2639222e-03,  5.0219847e-03,  1.5332006e-03,
         3.6241279e-03, -5.1748995e-03, -5.4515805e-03,  5.0325943e-03,
         5.4874751e-03,  4.1989060e-05, -4.0504993e-03, -4.9728621e-03]],
      dtype=float32), 'dense_weights': array([[-0.40891847],
       [ 0.00578296],
       [ 0.19534583],
       [-0.11099788],
       [ 0.25668532],
       [-0.33643675],
       [-0.5146009 ],
       [ 0.4346826 ],
       [ 0.04989595],
       [ 0.09397564],
       [ 0.32563534],
       [ 0.39991432],
       [ 0.08768107],
       [-0.09935216],
       [-0.30349958],
       [ 0.33178142],
       [ 0.40119863],
       [ 0.05132578],
       [-0.29259434],
       [-0.3144915 ]], dtype=float32)}
2019-02-10 05:26:38 DEBUG __main__:677 Play #5, number of layer is: 5
2019-02-10 05:27:59 DEBUG __main__:678 Play #5, weight: {'dense_bias': array([-4.6235e-06], dtype=float32), 'mydense_weigths': array([[0.01123739, 0.05351981, 0.01226089, 0.3783425 , 0.00292001,
        0.00699572, 0.11216231, 0.0096274 , 0.7288017 , 0.01189626,
        0.11135791, 0.03110326, 0.23383006, 0.01213932, 0.01365655,
        0.18480234, 0.18225282, 0.11026732, 0.11271729, 0.32324058]],
      dtype=float32), 'phi_weight': array([[1.4569898]], dtype=float32), 'mydense_bias': array([[-2.1834017e-03, -5.7474438e-02, -7.4033992e-04,  8.5242771e-02,
        -4.1518753e-04,  2.9221305e-06, -6.4664401e-02,  1.2617388e-05,
        -3.2251394e-01, -1.4290375e-03, -5.5941690e-02, -1.6871078e-02,
        -3.7061121e-02, -8.2352235e-05,  3.0054349e-05, -7.3631376e-02,
        -2.9686712e-02, -5.7551593e-02, -5.0950844e-02, -1.3099337e-02]],
      dtype=float32), 'dense_weights': array([[-0.18325989],
       [-0.18992591],
       [-0.26686633],
       [-0.371104  ],
       [-0.01371729],
       [-0.05396283],
       [ 0.5132098 ],
       [-0.11432805],
       [ 0.18356656],
       [-0.23164721],
       [ 0.47499067],
       [-0.08689453],
       [-0.34442073],
       [-0.2541081 ],
       [-0.5328288 ],
       [-0.19371894],
       [ 0.07261124],
       [ 0.5677695 ],
       [ 0.38899386],
       [-0.18676357]], dtype=float32)}
2019-02-10 05:27:59 DEBUG __main__:677 Play #6, number of layer is: 5
2019-02-10 05:29:19 DEBUG __main__:678 Play #6, weight: {'dense_bias': array([-4.6235e-06], dtype=float32), 'mydense_weigths': array([[4.7300989e-03, 9.3498500e-07, 9.0988760e-07, 4.5982590e-03,
        4.7635528e-01, 4.1506556e-01, 1.9273560e-01, 7.2287872e-02,
        4.8830127e-03, 3.8759413e-07, 4.8728762e-03, 8.4424920e-02,
        5.3781158e-01, 4.0206107e-01, 2.5050008e-01, 1.3491563e-06,
        7.8258829e-08, 4.2062211e-01, 2.1036612e-07, 3.0920138e-08]],
      dtype=float32), 'phi_weight': array([[-0.]], dtype=float32), 'mydense_bias': array([[-4.8912936e-03,  6.5524312e-04,  5.2585946e-03, -2.9285485e-03,
        -5.1106196e-03, -5.2029109e-03,  4.3590246e-03,  1.2388665e-03,
        -5.0732363e-03,  7.6137942e-05, -3.8388681e-03,  1.6728258e-03,
        -5.1519973e-03, -5.1302607e-03, -2.9391139e-03,  4.3089110e-03,
         8.7013490e-05,  5.2650841e-03,  5.1731104e-03,  3.3629062e-03]],
      dtype=float32), 'dense_weights': array([[-0.14415337],
       [ 0.20158553],
       [ 0.3599913 ],
       [-0.07287623],
       [-0.25754178],
       [-0.39921597],
       [ 0.48539174],
       [ 0.26276976],
       [-0.4588106 ],
       [ 0.12861742],
       [-0.38350925],
       [ 0.2941611 ],
       [-0.22456826],
       [-0.36547863],
       [-0.11141242],
       [ 0.41111633],
       [ 0.15102257],
       [ 0.41839126],
       [ 0.32831046],
       [ 0.49278247]], dtype=float32)}
2019-02-10 05:29:20 DEBUG __main__:677 Play #7, number of layer is: 5
2019-02-10 05:30:40 DEBUG __main__:678 Play #7, weight: {'dense_bias': array([-4.6235e-06], dtype=float32), 'mydense_weigths': array([[4.7628675e-03, 3.4878853e-01, 2.3265556e-01, 4.7592274e-03,
        4.9337098e-07, 2.6825407e-01, 3.7749255e-01, 2.9041609e-01,
        8.8307180e-02, 3.1593713e-01, 1.8768512e-01, 1.0455850e-01,
        3.1419989e-01, 4.8848051e-03, 1.0909886e-07, 6.0063041e-07,
        2.7444915e-07, 3.7107466e-07, 3.2602540e-01, 2.9343432e-01]],
      dtype=float32), 'phi_weight': array([[-0.]], dtype=float32), 'mydense_bias': array([[-3.5701543e-03,  1.1538886e-03, -4.1516549e-03, -1.6366742e-03,
         4.1475249e-03,  3.9209095e-03,  5.2295621e-03,  4.9887421e-03,
         7.7182171e-04, -1.7737536e-03,  4.2449408e-03,  1.9820218e-03,
        -4.9841148e-03, -3.5750328e-03,  1.2873514e-06,  5.1704366e-03,
         2.4874136e-03,  5.2585276e-03, -4.7986074e-03, -4.0798481e-03]],
      dtype=float32), 'dense_weights': array([[-0.15074447],
       [ 0.00799112],
       [-0.3447247 ],
       [-0.14437562],
       [ 0.23515369],
       [ 0.18744795],
       [ 0.5118827 ],
       [ 0.5285528 ],
       [ 0.10864706],
       [-0.03635093],
       [ 0.50075024],
       [ 0.27618626],
       [-0.49381694],
       [-0.46492755],
       [ 0.11967941],
       [ 0.26812506],
       [ 0.10033242],
       [ 0.4044201 ],
       [-0.35153115],
       [-0.20567456]], dtype=float32)}
2019-02-10 05:30:40 DEBUG __main__:677 Play #8, number of layer is: 5
2019-02-10 05:32:02 DEBUG __main__:678 Play #8, weight: {'dense_bias': array([-4.6235e-06], dtype=float32), 'mydense_weigths': array([[ 2.5642699e-01,  2.0726162e-03,  3.2841322e-01,  2.2122626e-08,
         2.7668108e-03, -0.0000000e+00,  2.0725543e-03,  1.1820966e-01,
         1.8252521e-09,  6.5139361e-02,  1.3870657e-03,  1.9196975e-01,
         2.8227618e-01,  6.2342980e-09,  3.0912668e-01,  3.4100297e-03,
         2.3623183e-03,  1.6087277e-08,  4.1465732e-01,  3.0459555e-02]],
      dtype=float32), 'phi_weight': array([[0.5744812]], dtype=float32), 'mydense_bias': array([[-2.00459976e-06, -1.34584325e-05,  1.80648840e-06,
         2.62031026e-05, -1.40345192e-05,  1.85285660e-06,
        -1.35176642e-05, -2.03610682e-07,  4.27967243e-05,
        -1.55675565e-07, -1.72019071e-07, -1.46128639e-06,
        -8.68047846e-06,  3.64011612e-05,  1.60388972e-05,
        -3.45008357e-06, -1.84612895e-06,  1.80148697e-06,
         2.91104971e-05,  1.38595060e-05]], dtype=float32), 'dense_weights': array([[ 0.12068357],
       [ 0.13682637],
       [-0.03779942],
       [-0.51127476],
       [ 0.2441126 ],
       [-0.1965101 ],
       [ 0.13679796],
       [ 0.15056266],
       [-0.422153  ],
       [-0.00892014],
       [ 0.07446077],
       [ 0.19323608],
       [ 0.46539053],
       [-0.4937965 ],
       [-0.4376068 ],
       [ 0.43245506],
       [ 0.17557839],
       [-0.4894042 ],
       [-0.48309636],
       [-0.3216977 ]], dtype=float32)}
