2019-02-14 02:40:42.142389: I tensorflow/core/platform/cpu_feature_guard.cc:141] Your CPU supports instructions that this TensorFlow binary was not compiled to use: AVX2 AVX512F FMA
2019-02-14 02:40:42 DEBUG __main__:46 [0;31;40mTest multiple plays[0m
2019-02-14 02:40:42 DEBUG __main__:76 Processing method: sin, weight: 1, width: 1
2019-02-14 02:40:42 DEBUG core:83 Initialize *weight* randomly...
2019-02-14 02:40:51 DEBUG core:83 Initialize *weight* randomly...
2019-02-14 02:41:02 DEBUG core:83 Initialize *weight* randomly...
2019-02-14 02:41:14 DEBUG core:83 Initialize *weight* randomly...
2019-02-14 02:47:41 DEBUG core:639 Epoch: 1, Loss: 0.07730741053819656
2019-02-14 02:47:45 DEBUG core:639 Epoch: 2, Loss: 0.056608010083436966
2019-02-14 02:47:48 DEBUG core:639 Epoch: 3, Loss: 0.04401691257953644
2019-02-14 02:47:52 DEBUG core:639 Epoch: 4, Loss: 0.03824974223971367
2019-02-14 02:47:56 DEBUG core:639 Epoch: 5, Loss: 0.036479778587818146
2019-02-14 02:47:59 DEBUG core:639 Epoch: 6, Loss: 0.03604575991630554
2019-02-14 02:48:03 DEBUG core:639 Epoch: 7, Loss: 0.03565133363008499
2019-02-14 02:48:07 DEBUG core:639 Epoch: 8, Loss: 0.03514302149415016
2019-02-14 02:48:11 DEBUG core:639 Epoch: 9, Loss: 0.03462427854537964
2019-02-14 02:48:14 DEBUG core:639 Epoch: 10, Loss: 0.03411158174276352
2019-02-14 02:48:18 DEBUG core:639 Epoch: 11, Loss: 0.03358270600438118
2019-02-14 02:48:22 DEBUG core:639 Epoch: 12, Loss: 0.033030830323696136
2019-02-14 02:48:25 DEBUG core:639 Epoch: 13, Loss: 0.032458171248435974
2019-02-14 02:48:29 DEBUG core:639 Epoch: 14, Loss: 0.03186749666929245
2019-02-14 02:48:33 DEBUG core:639 Epoch: 15, Loss: 0.031258292496204376
2019-02-14 02:48:37 DEBUG core:639 Epoch: 16, Loss: 0.030631667003035545
2019-02-14 02:48:40 DEBUG core:639 Epoch: 17, Loss: 0.029988879337906837
2019-02-14 02:48:44 DEBUG core:639 Epoch: 18, Loss: 0.02933121845126152
2019-02-14 02:48:48 DEBUG core:639 Epoch: 19, Loss: 0.0286598838865757
2019-02-14 02:48:52 DEBUG core:639 Epoch: 20, Loss: 0.02797587588429451
2019-02-14 02:48:56 DEBUG core:639 Epoch: 21, Loss: 0.02728128433227539
2019-02-14 02:48:59 DEBUG core:639 Epoch: 22, Loss: 0.026576923206448555
2019-02-14 02:49:03 DEBUG core:639 Epoch: 23, Loss: 0.025864804163575172
2019-02-14 02:49:07 DEBUG core:639 Epoch: 24, Loss: 0.02514670230448246
2019-02-14 02:49:11 DEBUG core:639 Epoch: 25, Loss: 0.024424586445093155
2019-02-14 02:49:15 DEBUG core:639 Epoch: 26, Loss: 0.023699458688497543
2019-02-14 02:49:18 DEBUG core:639 Epoch: 27, Loss: 0.022973746061325073
2019-02-14 02:49:22 DEBUG core:639 Epoch: 28, Loss: 0.02224954031407833
2019-02-14 02:49:26 DEBUG core:639 Epoch: 29, Loss: 0.021529456600546837
2019-02-14 02:49:30 DEBUG core:639 Epoch: 30, Loss: 0.020815299823880196
2019-02-14 02:49:34 DEBUG core:639 Epoch: 31, Loss: 0.020109346136450768
2019-02-14 02:49:37 DEBUG core:639 Epoch: 32, Loss: 0.019413502886891365
2019-02-14 02:49:41 DEBUG core:639 Epoch: 33, Loss: 0.01872963272035122
2019-02-14 02:49:45 DEBUG core:639 Epoch: 34, Loss: 0.0180593803524971
2019-02-14 02:49:49 DEBUG core:639 Epoch: 35, Loss: 0.017404599115252495
2019-02-14 02:49:52 DEBUG core:639 Epoch: 36, Loss: 0.01676695980131626
2019-02-14 02:49:56 DEBUG core:639 Epoch: 37, Loss: 0.01614748314023018
2019-02-14 02:50:00 DEBUG core:639 Epoch: 38, Loss: 0.015547684393823147
2019-02-14 02:50:04 DEBUG core:639 Epoch: 39, Loss: 0.014968928880989552
2019-02-14 02:50:08 DEBUG core:639 Epoch: 40, Loss: 0.01441244874149561
2019-02-14 02:50:11 DEBUG core:639 Epoch: 41, Loss: 0.013879166916012764
2019-02-14 02:50:15 DEBUG core:639 Epoch: 42, Loss: 0.013369685970246792
2019-02-14 02:50:19 DEBUG core:639 Epoch: 43, Loss: 0.012884757481515408
2019-02-14 02:50:23 DEBUG core:639 Epoch: 44, Loss: 0.012424756772816181
2019-02-14 02:50:26 DEBUG core:639 Epoch: 45, Loss: 0.011989884078502655
2019-02-14 02:50:30 DEBUG core:639 Epoch: 46, Loss: 0.011580439284443855
2019-02-14 02:50:34 DEBUG core:639 Epoch: 47, Loss: 0.011196166276931763
2019-02-14 02:50:37 DEBUG core:639 Epoch: 48, Loss: 0.010836959816515446
2019-02-14 02:50:41 DEBUG core:639 Epoch: 49, Loss: 0.010502523742616177
2019-02-14 02:50:45 DEBUG core:639 Epoch: 50, Loss: 0.010192304849624634
2019-02-14 02:50:49 DEBUG core:639 Epoch: 51, Loss: 0.009905685670673847
2019-02-14 02:50:53 DEBUG core:639 Epoch: 52, Loss: 0.009641867130994797
2019-02-14 02:50:56 DEBUG core:639 Epoch: 53, Loss: 0.009400051087141037
2019-02-14 02:51:00 DEBUG core:639 Epoch: 54, Loss: 0.009179264307022095
2019-02-14 02:51:04 DEBUG core:639 Epoch: 55, Loss: 0.008978486992418766
2019-02-14 02:51:08 DEBUG core:639 Epoch: 56, Loss: 0.008796612732112408
2019-02-14 02:51:12 DEBUG core:639 Epoch: 57, Loss: 0.008632492274045944
2019-02-14 02:51:16 DEBUG core:639 Epoch: 58, Loss: 0.008484439924359322
2019-02-14 02:51:19 DEBUG core:639 Epoch: 59, Loss: 0.00835153553634882
2019-02-14 02:51:23 DEBUG core:639 Epoch: 60, Loss: 0.008232774212956429
2019-02-14 02:51:27 DEBUG core:639 Epoch: 61, Loss: 0.00812700018286705
2019-02-14 02:51:31 DEBUG core:639 Epoch: 62, Loss: 0.008033119142055511
2019-02-14 02:51:35 DEBUG core:639 Epoch: 63, Loss: 0.007949983701109886
2019-02-14 02:51:38 DEBUG core:639 Epoch: 64, Loss: 0.007876564748585224
2019-02-14 02:51:42 DEBUG core:639 Epoch: 65, Loss: 0.007811837363988161
2019-02-14 02:51:46 DEBUG core:639 Epoch: 66, Loss: 0.007754856254905462
2019-02-14 02:51:50 DEBUG core:639 Epoch: 67, Loss: 0.007704733870923519
2019-02-14 02:51:54 DEBUG core:639 Epoch: 68, Loss: 0.007660665549337864
2019-02-14 02:51:57 DEBUG core:639 Epoch: 69, Loss: 0.00762189133092761
2019-02-14 02:52:01 DEBUG core:639 Epoch: 70, Loss: 0.007587737869471312
2019-02-14 02:52:05 DEBUG core:639 Epoch: 71, Loss: 0.007557593751698732
2019-02-14 02:52:09 DEBUG core:639 Epoch: 72, Loss: 0.007530908100306988
2019-02-14 02:52:12 DEBUG core:639 Epoch: 73, Loss: 0.00750719802454114
2019-02-14 02:52:16 DEBUG core:639 Epoch: 74, Loss: 0.007486040238291025
2019-02-14 02:52:20 DEBUG core:639 Epoch: 75, Loss: 0.007467043120414019
2019-02-14 02:52:24 DEBUG core:639 Epoch: 76, Loss: 0.007449890952557325
2019-02-14 02:52:27 DEBUG core:639 Epoch: 77, Loss: 0.00743309548124671
2019-02-14 02:52:31 DEBUG core:639 Epoch: 78, Loss: 0.0074166906997561455
2019-02-14 02:52:35 DEBUG core:639 Epoch: 79, Loss: 0.007401219569146633
2019-02-14 02:52:39 DEBUG core:639 Epoch: 80, Loss: 0.007386668119579554
2019-02-14 02:52:43 DEBUG core:639 Epoch: 81, Loss: 0.0073729343712329865
2019-02-14 02:52:46 DEBUG core:639 Epoch: 82, Loss: 0.007359903305768967
2019-02-14 02:52:50 DEBUG core:639 Epoch: 83, Loss: 0.007347472477704287
2019-02-14 02:52:54 DEBUG core:639 Epoch: 84, Loss: 0.007335552014410496
2019-02-14 02:52:58 DEBUG core:639 Epoch: 85, Loss: 0.00732406647875905
2019-02-14 02:53:01 DEBUG core:639 Epoch: 86, Loss: 0.007312948349863291
2019-02-14 02:53:05 DEBUG core:639 Epoch: 87, Loss: 0.007301965728402138
2019-02-14 02:53:09 DEBUG core:639 Epoch: 88, Loss: 0.0072909146547317505
2019-02-14 02:53:13 DEBUG core:639 Epoch: 89, Loss: 0.007280031219124794
2019-02-14 02:53:17 DEBUG core:639 Epoch: 90, Loss: 0.007269333116710186
2019-02-14 02:53:20 DEBUG core:639 Epoch: 91, Loss: 0.0072588189505040646
2019-02-14 02:53:24 DEBUG core:639 Epoch: 92, Loss: 0.007248477544635534
2019-02-14 02:53:28 DEBUG core:639 Epoch: 93, Loss: 0.007238293532282114
2019-02-14 02:53:32 DEBUG core:639 Epoch: 94, Loss: 0.007228255271911621
2019-02-14 02:53:36 DEBUG core:639 Epoch: 95, Loss: 0.007218350190669298
2019-02-14 02:53:39 DEBUG core:639 Epoch: 96, Loss: 0.007208570372313261
2019-02-14 02:53:43 DEBUG core:639 Epoch: 97, Loss: 0.0071989088319242
2019-02-14 02:53:47 DEBUG core:639 Epoch: 98, Loss: 0.007189356256276369
2019-02-14 02:53:51 DEBUG core:639 Epoch: 99, Loss: 0.007179911248385906
2019-02-14 02:53:55 DEBUG core:639 Epoch: 100, Loss: 0.007170315831899643
2019-02-14 02:53:58 DEBUG core:639 Epoch: 101, Loss: 0.007160691544413567
2019-02-14 02:54:02 DEBUG core:639 Epoch: 102, Loss: 0.007151136174798012
2019-02-14 02:54:06 DEBUG core:639 Epoch: 103, Loss: 0.007141668815165758
2019-02-14 02:54:10 DEBUG core:639 Epoch: 104, Loss: 0.0071322983130812645
2019-02-14 02:54:13 DEBUG core:639 Epoch: 105, Loss: 0.007123022805899382
2019-02-14 02:54:17 DEBUG core:639 Epoch: 106, Loss: 0.0071138436906039715
2019-02-14 02:54:21 DEBUG core:639 Epoch: 107, Loss: 0.007104759570211172
2019-02-14 02:54:25 DEBUG core:639 Epoch: 108, Loss: 0.007095765322446823
2019-02-14 02:54:29 DEBUG core:639 Epoch: 109, Loss: 0.007086867466568947
2019-02-14 02:54:33 DEBUG core:639 Epoch: 110, Loss: 0.007078054826706648
2019-02-14 02:54:37 DEBUG core:639 Epoch: 111, Loss: 0.007069332990795374
2019-02-14 02:54:40 DEBUG core:639 Epoch: 112, Loss: 0.0070604910142719746
2019-02-14 02:54:44 DEBUG core:639 Epoch: 113, Loss: 0.007051592692732811
2019-02-14 02:54:48 DEBUG core:639 Epoch: 114, Loss: 0.007042745593935251
2019-02-14 02:54:52 DEBUG core:639 Epoch: 115, Loss: 0.0070338803343474865
2019-02-14 02:54:56 DEBUG core:639 Epoch: 116, Loss: 0.007025076076388359
2019-02-14 02:54:59 DEBUG core:639 Epoch: 117, Loss: 0.007016350515186787
2019-02-14 02:55:03 DEBUG core:639 Epoch: 118, Loss: 0.00700771389529109
2019-02-14 02:55:07 DEBUG core:639 Epoch: 119, Loss: 0.006999163888394833
2019-02-14 02:55:11 DEBUG core:639 Epoch: 120, Loss: 0.006990702822804451
2019-02-14 02:55:14 DEBUG core:639 Epoch: 121, Loss: 0.006982329301536083
2019-02-14 02:55:18 DEBUG core:639 Epoch: 122, Loss: 0.006974037270992994
2019-02-14 02:55:22 DEBUG core:639 Epoch: 123, Loss: 0.006965831387788057
2019-02-14 02:55:26 DEBUG core:639 Epoch: 124, Loss: 0.006957711651921272
2019-02-14 02:55:30 DEBUG core:639 Epoch: 125, Loss: 0.006949670612812042
2019-02-14 02:55:33 DEBUG core:639 Epoch: 126, Loss: 0.006939650978893042
2019-02-14 02:55:37 DEBUG core:639 Epoch: 127, Loss: 0.006928011775016785
2019-02-14 02:55:41 DEBUG core:639 Epoch: 128, Loss: 0.0069160666316747665
2019-02-14 02:55:45 DEBUG core:639 Epoch: 129, Loss: 0.006904127076268196
2019-02-14 02:55:49 DEBUG core:639 Epoch: 130, Loss: 0.006892299745231867
2019-02-14 02:55:52 DEBUG core:639 Epoch: 131, Loss: 0.006880615372210741
2019-02-14 02:55:56 DEBUG core:639 Epoch: 132, Loss: 0.006869087927043438
2019-02-14 02:56:00 DEBUG core:639 Epoch: 133, Loss: 0.006857718341052532
2019-02-14 02:56:04 DEBUG core:639 Epoch: 134, Loss: 0.006846500560641289
2019-02-14 02:56:08 DEBUG core:639 Epoch: 135, Loss: 0.006835437845438719
2019-02-14 02:56:11 DEBUG core:639 Epoch: 136, Loss: 0.006824522744864225
2019-02-14 02:56:15 DEBUG core:639 Epoch: 137, Loss: 0.006813754327595234
2019-02-14 02:56:19 DEBUG core:639 Epoch: 138, Loss: 0.006803129334002733
2019-02-14 02:56:23 DEBUG core:639 Epoch: 139, Loss: 0.006792647764086723
2019-02-14 02:56:27 DEBUG core:639 Epoch: 140, Loss: 0.00678227236494422
2019-02-14 02:56:30 DEBUG core:639 Epoch: 141, Loss: 0.006771185901015997
2019-02-14 02:56:34 DEBUG core:639 Epoch: 142, Loss: 0.006760003976523876
2019-02-14 02:56:38 DEBUG core:639 Epoch: 143, Loss: 0.006748890038579702
2019-02-14 02:56:42 DEBUG core:639 Epoch: 144, Loss: 0.006737811025232077
2019-02-14 02:56:45 DEBUG core:639 Epoch: 145, Loss: 0.0067266179248690605
2019-02-14 02:56:49 DEBUG core:639 Epoch: 146, Loss: 0.006715517025440931
2019-02-14 02:56:53 DEBUG core:639 Epoch: 147, Loss: 0.006704543251544237
2019-02-14 02:56:57 DEBUG core:639 Epoch: 148, Loss: 0.00669371010735631
2019-02-14 02:57:01 DEBUG core:639 Epoch: 149, Loss: 0.006683026440441608
2019-02-14 02:57:04 DEBUG core:639 Epoch: 150, Loss: 0.006672482471913099
2019-02-14 02:57:08 DEBUG core:639 Epoch: 151, Loss: 0.006662081927061081
2019-02-14 02:57:12 DEBUG core:639 Epoch: 152, Loss: 0.006651819217950106
2019-02-14 02:57:15 DEBUG core:639 Epoch: 153, Loss: 0.006641696207225323
2019-02-14 02:57:19 DEBUG core:639 Epoch: 154, Loss: 0.006631690077483654
2019-02-14 02:57:23 DEBUG core:639 Epoch: 155, Loss: 0.006621732376515865
2019-02-14 02:57:27 DEBUG core:639 Epoch: 156, Loss: 0.00661188131198287
2019-02-14 02:57:30 DEBUG core:639 Epoch: 157, Loss: 0.006602153182029724
2019-02-14 02:57:34 DEBUG core:639 Epoch: 158, Loss: 0.006592547986656427
2019-02-14 02:57:38 DEBUG core:639 Epoch: 159, Loss: 0.006583061069250107
2019-02-14 02:57:42 DEBUG core:639 Epoch: 160, Loss: 0.006573698483407497
2019-02-14 02:57:46 DEBUG core:639 Epoch: 161, Loss: 0.006564454175531864
2019-02-14 02:57:49 DEBUG core:639 Epoch: 162, Loss: 0.006555325351655483
2019-02-14 02:57:53 DEBUG core:639 Epoch: 163, Loss: 0.006546309683471918
2019-02-14 02:57:57 DEBUG core:639 Epoch: 164, Loss: 0.006537408567965031
2019-02-14 02:58:01 DEBUG core:639 Epoch: 165, Loss: 0.0065286168828606606
2019-02-14 02:58:05 DEBUG core:639 Epoch: 166, Loss: 0.006519931834191084
2019-02-14 02:58:09 DEBUG core:639 Epoch: 167, Loss: 0.006511352490633726
2019-02-14 02:58:12 DEBUG core:639 Epoch: 168, Loss: 0.006502879783511162
2019-02-14 02:58:16 DEBUG core:639 Epoch: 169, Loss: 0.006494507659226656
2019-02-14 02:58:20 DEBUG core:639 Epoch: 170, Loss: 0.0064862375147640705
2019-02-14 02:58:23 DEBUG core:639 Epoch: 171, Loss: 0.006478062365204096
2019-02-14 02:58:27 DEBUG core:639 Epoch: 172, Loss: 0.00646998779848218
2019-02-14 02:58:31 DEBUG core:639 Epoch: 173, Loss: 0.006461788900196552
2019-02-14 02:58:35 DEBUG core:639 Epoch: 174, Loss: 0.0064536030404269695
2019-02-14 02:58:38 DEBUG core:639 Epoch: 175, Loss: 0.006445487029850483
2019-02-14 02:58:42 DEBUG core:639 Epoch: 176, Loss: 0.006437459494918585
2019-02-14 02:58:46 DEBUG core:639 Epoch: 177, Loss: 0.006429524626582861
2019-02-14 02:58:50 DEBUG core:639 Epoch: 178, Loss: 0.006421680562198162
2019-02-14 02:58:53 DEBUG core:639 Epoch: 179, Loss: 0.006413930561393499
2019-02-14 02:58:57 DEBUG core:639 Epoch: 180, Loss: 0.006406269967556
2019-02-14 02:59:01 DEBUG core:639 Epoch: 181, Loss: 0.006398697849363089
2019-02-14 02:59:05 DEBUG core:639 Epoch: 182, Loss: 0.006391212809830904
2019-02-14 02:59:09 DEBUG core:639 Epoch: 183, Loss: 0.0063837612979114056
2019-02-14 02:59:12 DEBUG core:639 Epoch: 184, Loss: 0.00637615192681551
2019-02-14 02:59:16 DEBUG core:639 Epoch: 185, Loss: 0.006368568632751703
2019-02-14 02:59:20 DEBUG core:639 Epoch: 186, Loss: 0.006361050996929407
2019-02-14 02:59:24 DEBUG core:639 Epoch: 187, Loss: 0.00635361485183239
2019-02-14 02:59:28 DEBUG core:639 Epoch: 188, Loss: 0.006346260663121939
2019-02-14 02:59:31 DEBUG core:639 Epoch: 189, Loss: 0.0063389865681529045
2019-02-14 02:59:35 DEBUG core:639 Epoch: 190, Loss: 0.006331800948828459
2019-02-14 02:59:39 DEBUG core:639 Epoch: 191, Loss: 0.006324691232293844
2019-02-14 02:59:42 DEBUG core:639 Epoch: 192, Loss: 0.006317662540823221
2019-02-14 02:59:46 DEBUG core:639 Epoch: 193, Loss: 0.006310665048658848
2019-02-14 02:59:50 DEBUG core:639 Epoch: 194, Loss: 0.006303709466010332
2019-02-14 02:59:54 DEBUG core:639 Epoch: 195, Loss: 0.006296818610280752
2019-02-14 02:59:57 DEBUG core:639 Epoch: 196, Loss: 0.006290001794695854
2019-02-14 03:00:01 DEBUG core:639 Epoch: 197, Loss: 0.006283262278884649
2019-02-14 03:00:05 DEBUG core:639 Epoch: 198, Loss: 0.006276591215282679
2019-02-14 03:00:09 DEBUG core:639 Epoch: 199, Loss: 0.006269995588809252
2019-02-14 03:00:13 DEBUG core:639 Epoch: 200, Loss: 0.006263473071157932
2019-02-14 03:00:16 DEBUG core:639 Epoch: 201, Loss: 0.006257016211748123
2019-02-14 03:00:20 DEBUG core:639 Epoch: 202, Loss: 0.0062506310641765594
2019-02-14 03:00:24 DEBUG core:639 Epoch: 203, Loss: 0.006244311109185219
2019-02-14 03:00:27 DEBUG core:639 Epoch: 204, Loss: 0.006238061469048262
2019-02-14 03:00:31 DEBUG core:639 Epoch: 205, Loss: 0.006231877952814102
2019-02-14 03:00:35 DEBUG core:639 Epoch: 206, Loss: 0.006225756369531155
2019-02-14 03:00:39 DEBUG core:639 Epoch: 207, Loss: 0.00621969997882843
2019-02-14 03:00:43 DEBUG core:639 Epoch: 208, Loss: 0.006213707383722067
2019-02-14 03:00:47 DEBUG core:639 Epoch: 209, Loss: 0.006207775324583054
2019-02-14 03:00:50 DEBUG core:639 Epoch: 210, Loss: 0.006201904732733965
2019-02-14 03:00:54 DEBUG core:639 Epoch: 211, Loss: 0.006196093745529652
2019-02-14 03:00:58 DEBUG core:639 Epoch: 212, Loss: 0.0061903418973088264
2019-02-14 03:01:02 DEBUG core:639 Epoch: 213, Loss: 0.006184649188071489
2019-02-14 03:01:06 DEBUG core:639 Epoch: 214, Loss: 0.00617901561781764
2019-02-14 03:01:10 DEBUG core:639 Epoch: 215, Loss: 0.00617342721670866
2019-02-14 03:01:13 DEBUG core:639 Epoch: 216, Loss: 0.006167540326714516
2019-02-14 03:01:17 DEBUG core:639 Epoch: 217, Loss: 0.006161612458527088
2019-02-14 03:01:21 DEBUG core:639 Epoch: 218, Loss: 0.006155708339065313
2019-02-14 03:01:25 DEBUG core:639 Epoch: 219, Loss: 0.006149854511022568
2019-02-14 03:01:29 DEBUG core:639 Epoch: 220, Loss: 0.006144060753285885
2019-02-14 03:01:32 DEBUG core:639 Epoch: 221, Loss: 0.0061383238062262535
2019-02-14 03:01:36 DEBUG core:639 Epoch: 222, Loss: 0.0061326464638113976
2019-02-14 03:01:40 DEBUG core:639 Epoch: 223, Loss: 0.00612702826038003
2019-02-14 03:01:44 DEBUG core:639 Epoch: 224, Loss: 0.006121468264609575
2019-02-14 03:01:48 DEBUG core:639 Epoch: 225, Loss: 0.006115960888564587
2019-02-14 03:01:51 DEBUG core:639 Epoch: 226, Loss: 0.006110513582825661
2019-02-14 03:01:55 DEBUG core:639 Epoch: 227, Loss: 0.00610512075945735
2019-02-14 03:01:59 DEBUG core:639 Epoch: 228, Loss: 0.006099781021475792
2019-02-14 03:02:03 DEBUG core:639 Epoch: 229, Loss: 0.006094494368880987
2019-02-14 03:02:07 DEBUG core:639 Epoch: 230, Loss: 0.006089263129979372
2019-02-14 03:02:10 DEBUG core:639 Epoch: 231, Loss: 0.006084082648158073
2019-02-14 03:02:14 DEBUG core:639 Epoch: 232, Loss: 0.006078952923417091
2019-02-14 03:02:18 DEBUG core:639 Epoch: 233, Loss: 0.006073873955756426
2019-02-14 03:02:22 DEBUG core:639 Epoch: 234, Loss: 0.006068845745176077
2019-02-14 03:02:26 DEBUG core:639 Epoch: 235, Loss: 0.006063865497708321
2019-02-14 03:02:29 DEBUG core:639 Epoch: 236, Loss: 0.006058935075998306
2019-02-14 03:02:33 DEBUG core:639 Epoch: 237, Loss: 0.006054050754755735
2019-02-14 03:02:37 DEBUG core:639 Epoch: 238, Loss: 0.0060492162592709064
2019-02-14 03:02:41 DEBUG core:639 Epoch: 239, Loss: 0.006044426001608372
2019-02-14 03:02:44 DEBUG core:639 Epoch: 240, Loss: 0.006039683241397142
2019-02-14 03:02:48 DEBUG core:639 Epoch: 241, Loss: 0.0060349879786372185
2019-02-14 03:02:52 DEBUG core:639 Epoch: 242, Loss: 0.00603033322840929
2019-02-14 03:02:56 DEBUG core:639 Epoch: 243, Loss: 0.006025724112987518
2019-02-14 03:03:00 DEBUG core:639 Epoch: 244, Loss: 0.006021158304065466
2019-02-14 03:03:04 DEBUG core:639 Epoch: 245, Loss: 0.006016635801643133
2019-02-14 03:03:07 DEBUG core:639 Epoch: 246, Loss: 0.006012154743075371
2019-02-14 03:03:11 DEBUG core:639 Epoch: 247, Loss: 0.006007717922329903
2019-02-14 03:03:15 DEBUG core:639 Epoch: 248, Loss: 0.006003322545439005
2019-02-14 03:03:19 DEBUG core:639 Epoch: 249, Loss: 0.005998967215418816
2019-02-14 03:03:22 DEBUG core:639 Epoch: 250, Loss: 0.005994652397930622
2019-02-14 03:03:26 DEBUG core:639 Epoch: 251, Loss: 0.0059903766959905624
2019-02-14 03:03:30 DEBUG core:639 Epoch: 252, Loss: 0.005986138246953487
2019-02-14 03:03:34 DEBUG core:639 Epoch: 253, Loss: 0.005981943104416132
2019-02-14 03:03:38 DEBUG core:639 Epoch: 254, Loss: 0.005977783352136612
2019-02-14 03:03:41 DEBUG core:639 Epoch: 255, Loss: 0.0059736622497439384
2019-02-14 03:03:45 DEBUG core:639 Epoch: 256, Loss: 0.0059695797972381115
2019-02-14 03:03:49 DEBUG core:639 Epoch: 257, Loss: 0.005965531803667545
2019-02-14 03:03:53 DEBUG core:639 Epoch: 258, Loss: 0.005961528513580561
2019-02-14 03:03:57 DEBUG core:639 Epoch: 259, Loss: 0.005957561545073986
2019-02-14 03:04:00 DEBUG core:639 Epoch: 260, Loss: 0.005953632295131683
2019-02-14 03:04:04 DEBUG core:639 Epoch: 261, Loss: 0.005949740298092365
2019-02-14 03:04:08 DEBUG core:639 Epoch: 262, Loss: 0.005945881828665733
2019-02-14 03:04:12 DEBUG core:639 Epoch: 263, Loss: 0.005942056886851788
2019-02-14 03:04:16 DEBUG core:639 Epoch: 264, Loss: 0.005938210524618626
2019-02-14 03:04:19 DEBUG core:639 Epoch: 265, Loss: 0.005934164859354496
2019-02-14 03:04:23 DEBUG core:639 Epoch: 266, Loss: 0.00593009777367115
2019-02-14 03:04:27 DEBUG core:639 Epoch: 267, Loss: 0.005926044657826424
2019-02-14 03:04:31 DEBUG core:639 Epoch: 268, Loss: 0.005922019947320223
2019-02-14 03:04:34 DEBUG core:639 Epoch: 269, Loss: 0.005918029695749283
2019-02-14 03:04:38 DEBUG core:639 Epoch: 270, Loss: 0.005914074834436178
2019-02-14 03:04:42 DEBUG core:639 Epoch: 271, Loss: 0.005910158157348633
2019-02-14 03:04:46 DEBUG core:639 Epoch: 272, Loss: 0.005906271282583475
2019-02-14 03:04:50 DEBUG core:639 Epoch: 273, Loss: 0.005902423057705164
2019-02-14 03:04:53 DEBUG core:639 Epoch: 274, Loss: 0.00589860649779439
2019-02-14 03:04:57 DEBUG core:639 Epoch: 275, Loss: 0.0058948262594640255
2019-02-14 03:05:01 DEBUG core:639 Epoch: 276, Loss: 0.005891076754778624
2019-02-14 03:05:05 DEBUG core:639 Epoch: 277, Loss: 0.005887362640351057
2019-02-14 03:05:08 DEBUG core:639 Epoch: 278, Loss: 0.005883680656552315
2019-02-14 03:05:12 DEBUG core:639 Epoch: 279, Loss: 0.005880032200366259
2019-02-14 03:05:16 DEBUG core:639 Epoch: 280, Loss: 0.005876414477825165
2019-02-14 03:05:20 DEBUG core:639 Epoch: 281, Loss: 0.005872826557606459
2019-02-14 03:05:24 DEBUG core:639 Epoch: 282, Loss: 0.005869272630661726
2019-02-14 03:05:27 DEBUG core:639 Epoch: 283, Loss: 0.005865749903023243
2019-02-14 03:05:31 DEBUG core:639 Epoch: 284, Loss: 0.005862256977707148
2019-02-14 03:05:35 DEBUG core:639 Epoch: 285, Loss: 0.005858792457729578
2019-02-14 03:05:39 DEBUG core:639 Epoch: 286, Loss: 0.005855360999703407
2019-02-14 03:05:42 DEBUG core:639 Epoch: 287, Loss: 0.005851955618709326
2019-02-14 03:05:46 DEBUG core:639 Epoch: 288, Loss: 0.005848581437021494
2019-02-14 03:05:50 DEBUG core:639 Epoch: 289, Loss: 0.005845235660672188
2019-02-14 03:05:54 DEBUG core:639 Epoch: 290, Loss: 0.0058419168926775455
2019-02-14 03:05:58 DEBUG core:639 Epoch: 291, Loss: 0.00583862978965044
2019-02-14 03:06:02 DEBUG core:639 Epoch: 292, Loss: 0.005835243035107851
2019-02-14 03:06:05 DEBUG core:639 Epoch: 293, Loss: 0.0058312141336500645
2019-02-14 03:06:09 DEBUG core:639 Epoch: 294, Loss: 0.005827043671160936
2019-02-14 03:06:13 DEBUG core:639 Epoch: 295, Loss: 0.005822853185236454
2019-02-14 03:06:17 DEBUG core:639 Epoch: 296, Loss: 0.005818679928779602
2019-02-14 03:06:21 DEBUG core:639 Epoch: 297, Loss: 0.005814544856548309
2019-02-14 03:06:24 DEBUG core:639 Epoch: 298, Loss: 0.00581044377759099
2019-02-14 03:06:28 DEBUG core:639 Epoch: 299, Loss: 0.005806386936455965
2019-02-14 03:06:32 DEBUG core:639 Epoch: 300, Loss: 0.00580236641690135
2019-02-14 03:06:33 DEBUG __main__:34 time cost: 1551.7445185184479s
2019-02-14 03:06:33 DEBUG __main__:35 print weights info
2019-02-14 03:06:52 DEBUG core:662 play play-1 cost time 19.00302028656006 s
2019-02-14 03:07:11 DEBUG core:662 play play-2 cost time 18.460338830947876 s
2019-02-14 03:07:30 DEBUG core:662 play play-3 cost time 19.382601737976074 s
2019-02-14 03:07:49 DEBUG core:662 play play-4 cost time 19.03968858718872 s
2019-02-14 03:07:49 DEBUG __main__:42 loss: 0.005801965482532978
