2019-02-14 01:16:17.887092: I tensorflow/core/platform/cpu_feature_guard.cc:141] Your CPU supports instructions that this TensorFlow binary was not compiled to use: AVX2 AVX512F FMA
2019-02-14 01:16:17 DEBUG __main__:46 [0;31;40mTest multiple plays[0m
2019-02-14 01:16:17 DEBUG __main__:76 Processing method: sin, weight: 1, width: 1
2019-02-14 01:16:18 DEBUG core:83 Initialize *weight* randomly...
2019-02-14 01:16:27 DEBUG core:83 Initialize *weight* randomly...
2019-02-14 01:16:37 DEBUG core:83 Initialize *weight* randomly...
2019-02-14 01:16:50 DEBUG core:83 Initialize *weight* randomly...
2019-02-14 01:23:17 DEBUG core:639 Epoch: 1, Loss: 2.2371983528137207
2019-02-14 01:23:21 DEBUG core:639 Epoch: 2, Loss: 2.023601770401001
2019-02-14 01:23:24 DEBUG core:639 Epoch: 3, Loss: 1.8106657266616821
2019-02-14 01:23:28 DEBUG core:639 Epoch: 4, Loss: 1.5998375415802002
2019-02-14 01:23:31 DEBUG core:639 Epoch: 5, Loss: 1.3940157890319824
2019-02-14 01:23:35 DEBUG core:639 Epoch: 6, Loss: 1.1953462362289429
2019-02-14 01:23:38 DEBUG core:639 Epoch: 7, Loss: 1.0085805654525757
2019-02-14 01:23:42 DEBUG core:639 Epoch: 8, Loss: 0.8353269696235657
2019-02-14 01:23:45 DEBUG core:639 Epoch: 9, Loss: 0.6789665818214417
2019-02-14 01:23:49 DEBUG core:639 Epoch: 10, Loss: 0.5421310067176819
2019-02-14 01:23:52 DEBUG core:639 Epoch: 11, Loss: 0.4261641800403595
2019-02-14 01:23:55 DEBUG core:639 Epoch: 12, Loss: 0.3315608501434326
2019-02-14 01:23:59 DEBUG core:639 Epoch: 13, Loss: 0.25747960805892944
2019-02-14 01:24:02 DEBUG core:639 Epoch: 14, Loss: 0.2021050751209259
2019-02-14 01:24:06 DEBUG core:639 Epoch: 15, Loss: 0.16271790862083435
2019-02-14 01:24:10 DEBUG core:639 Epoch: 16, Loss: 0.13616350293159485
2019-02-14 01:24:13 DEBUG core:639 Epoch: 17, Loss: 0.11922205239534378
2019-02-14 01:24:17 DEBUG core:639 Epoch: 18, Loss: 0.10893907397985458
2019-02-14 01:24:20 DEBUG core:639 Epoch: 19, Loss: 0.10295791923999786
2019-02-14 01:24:24 DEBUG core:639 Epoch: 20, Loss: 0.09953573346138
2019-02-14 01:24:27 DEBUG core:639 Epoch: 21, Loss: 0.09752412140369415
2019-02-14 01:24:31 DEBUG core:639 Epoch: 22, Loss: 0.09622661769390106
2019-02-14 01:24:34 DEBUG core:639 Epoch: 23, Loss: 0.09525628387928009
2019-02-14 01:24:38 DEBUG core:639 Epoch: 24, Loss: 0.09441718459129333
2019-02-14 01:24:42 DEBUG core:639 Epoch: 25, Loss: 0.09362414479255676
2019-02-14 01:24:45 DEBUG core:639 Epoch: 26, Loss: 0.09282510727643967
2019-02-14 01:24:49 DEBUG core:639 Epoch: 27, Loss: 0.09197214990854263
2019-02-14 01:24:52 DEBUG core:639 Epoch: 28, Loss: 0.0910954624414444
2019-02-14 01:24:56 DEBUG core:639 Epoch: 29, Loss: 0.0902031734585762
2019-02-14 01:25:00 DEBUG core:639 Epoch: 30, Loss: 0.08930346369743347
2019-02-14 01:25:03 DEBUG core:639 Epoch: 31, Loss: 0.08840051293373108
2019-02-14 01:25:07 DEBUG core:639 Epoch: 32, Loss: 0.08749815076589584
2019-02-14 01:25:10 DEBUG core:639 Epoch: 33, Loss: 0.08659198135137558
2019-02-14 01:25:14 DEBUG core:639 Epoch: 34, Loss: 0.08566748350858688
2019-02-14 01:25:18 DEBUG core:639 Epoch: 35, Loss: 0.08474528789520264
2019-02-14 01:25:21 DEBUG core:639 Epoch: 36, Loss: 0.08383277803659439
2019-02-14 01:25:25 DEBUG core:639 Epoch: 37, Loss: 0.0829346552491188
2019-02-14 01:25:28 DEBUG core:639 Epoch: 38, Loss: 0.0820530578494072
2019-02-14 01:25:32 DEBUG core:639 Epoch: 39, Loss: 0.08119075000286102
2019-02-14 01:25:36 DEBUG core:639 Epoch: 40, Loss: 0.08033894747495651
2019-02-14 01:25:39 DEBUG core:639 Epoch: 41, Loss: 0.0793178379535675
2019-02-14 01:25:43 DEBUG core:639 Epoch: 42, Loss: 0.07825619727373123
2019-02-14 01:25:47 DEBUG core:639 Epoch: 43, Loss: 0.0772000104188919
2019-02-14 01:25:50 DEBUG core:639 Epoch: 44, Loss: 0.07616642862558365
2019-02-14 01:25:54 DEBUG core:639 Epoch: 45, Loss: 0.07516561448574066
2019-02-14 01:25:57 DEBUG core:639 Epoch: 46, Loss: 0.07420331984758377
2019-02-14 01:26:01 DEBUG core:639 Epoch: 47, Loss: 0.07327412813901901
2019-02-14 01:26:04 DEBUG core:639 Epoch: 48, Loss: 0.07238200306892395
2019-02-14 01:26:08 DEBUG core:639 Epoch: 49, Loss: 0.0715286061167717
2019-02-14 01:26:11 DEBUG core:639 Epoch: 50, Loss: 0.07071539014577866
2019-02-14 01:26:15 DEBUG core:639 Epoch: 51, Loss: 0.06994131207466125
2019-02-14 01:26:18 DEBUG core:639 Epoch: 52, Loss: 0.06920228153467178
2019-02-14 01:26:22 DEBUG core:639 Epoch: 53, Loss: 0.06850264221429825
2019-02-14 01:26:25 DEBUG core:639 Epoch: 54, Loss: 0.06783650070428848
2019-02-14 01:26:29 DEBUG core:639 Epoch: 55, Loss: 0.06718657165765762
2019-02-14 01:26:32 DEBUG core:639 Epoch: 56, Loss: 0.06656809896230698
2019-02-14 01:26:36 DEBUG core:639 Epoch: 57, Loss: 0.06598536670207977
2019-02-14 01:26:39 DEBUG core:639 Epoch: 58, Loss: 0.06543814390897751
2019-02-14 01:26:43 DEBUG core:639 Epoch: 59, Loss: 0.06492553651332855
2019-02-14 01:26:46 DEBUG core:639 Epoch: 60, Loss: 0.0644460991024971
2019-02-14 01:26:50 DEBUG core:639 Epoch: 61, Loss: 0.06398949027061462
2019-02-14 01:26:53 DEBUG core:639 Epoch: 62, Loss: 0.06355654448270798
2019-02-14 01:26:57 DEBUG core:639 Epoch: 63, Loss: 0.06315004080533981
2019-02-14 01:27:00 DEBUG core:639 Epoch: 64, Loss: 0.06276898831129074
2019-02-14 01:27:04 DEBUG core:639 Epoch: 65, Loss: 0.062411803752183914
2019-02-14 01:27:08 DEBUG core:639 Epoch: 66, Loss: 0.06207678094506264
2019-02-14 01:27:11 DEBUG core:639 Epoch: 67, Loss: 0.06176212802529335
2019-02-14 01:27:15 DEBUG core:639 Epoch: 68, Loss: 0.0614660419523716
2019-02-14 01:27:18 DEBUG core:639 Epoch: 69, Loss: 0.06118690222501755
2019-02-14 01:27:22 DEBUG core:639 Epoch: 70, Loss: 0.060923051089048386
2019-02-14 01:27:25 DEBUG core:639 Epoch: 71, Loss: 0.06067294999957085
2019-02-14 01:27:29 DEBUG core:639 Epoch: 72, Loss: 0.06043482944369316
2019-02-14 01:27:33 DEBUG core:639 Epoch: 73, Loss: 0.060207221657037735
2019-02-14 01:27:36 DEBUG core:639 Epoch: 74, Loss: 0.05998888239264488
2019-02-14 01:27:40 DEBUG core:639 Epoch: 75, Loss: 0.05977862328290939
2019-02-14 01:27:43 DEBUG core:639 Epoch: 76, Loss: 0.05957554653286934
2019-02-14 01:27:47 DEBUG core:639 Epoch: 77, Loss: 0.0593787245452404
2019-02-14 01:27:51 DEBUG core:639 Epoch: 78, Loss: 0.05918750911951065
2019-02-14 01:27:54 DEBUG core:639 Epoch: 79, Loss: 0.059001289308071136
2019-02-14 01:27:58 DEBUG core:639 Epoch: 80, Loss: 0.058819480240345
2019-02-14 01:28:01 DEBUG core:639 Epoch: 81, Loss: 0.05864173173904419
2019-02-14 01:28:05 DEBUG core:639 Epoch: 82, Loss: 0.058467619121074677
2019-02-14 01:28:08 DEBUG core:639 Epoch: 83, Loss: 0.05829562991857529
2019-02-14 01:28:12 DEBUG core:639 Epoch: 84, Loss: 0.05812550336122513
2019-02-14 01:28:15 DEBUG core:639 Epoch: 85, Loss: 0.0579579696059227
2019-02-14 01:28:19 DEBUG core:639 Epoch: 86, Loss: 0.05779307335615158
2019-02-14 01:28:23 DEBUG core:639 Epoch: 87, Loss: 0.05762593075633049
2019-02-14 01:28:26 DEBUG core:639 Epoch: 88, Loss: 0.0574527345597744
2019-02-14 01:28:30 DEBUG core:639 Epoch: 89, Loss: 0.05728008225560188
2019-02-14 01:28:33 DEBUG core:639 Epoch: 90, Loss: 0.05710924416780472
2019-02-14 01:28:37 DEBUG core:639 Epoch: 91, Loss: 0.056940604001283646
2019-02-14 01:28:40 DEBUG core:639 Epoch: 92, Loss: 0.05677426978945732
2019-02-14 01:28:44 DEBUG core:639 Epoch: 93, Loss: 0.05661013722419739
2019-02-14 01:28:48 DEBUG core:639 Epoch: 94, Loss: 0.05644819885492325
2019-02-14 01:28:51 DEBUG core:639 Epoch: 95, Loss: 0.056288253515958786
2019-02-14 01:28:55 DEBUG core:639 Epoch: 96, Loss: 0.056130342185497284
2019-02-14 01:28:58 DEBUG core:639 Epoch: 97, Loss: 0.05597427487373352
2019-02-14 01:29:02 DEBUG core:639 Epoch: 98, Loss: 0.05582009255886078
2019-02-14 01:29:05 DEBUG core:639 Epoch: 99, Loss: 0.05566762387752533
2019-02-14 01:29:09 DEBUG core:639 Epoch: 100, Loss: 0.05551684647798538
2019-02-14 01:29:13 DEBUG core:639 Epoch: 101, Loss: 0.05536677688360214
2019-02-14 01:29:16 DEBUG core:639 Epoch: 102, Loss: 0.05521619692444801
2019-02-14 01:29:20 DEBUG core:639 Epoch: 103, Loss: 0.05506591871380806
2019-02-14 01:29:23 DEBUG core:639 Epoch: 104, Loss: 0.0549168661236763
2019-02-14 01:29:27 DEBUG core:639 Epoch: 105, Loss: 0.05476773530244827
2019-02-14 01:29:30 DEBUG core:639 Epoch: 106, Loss: 0.05461937561631203
2019-02-14 01:29:34 DEBUG core:639 Epoch: 107, Loss: 0.054472118616104126
2019-02-14 01:29:37 DEBUG core:639 Epoch: 108, Loss: 0.054326172918081284
2019-02-14 01:29:41 DEBUG core:639 Epoch: 109, Loss: 0.05418120697140694
2019-02-14 01:29:45 DEBUG core:639 Epoch: 110, Loss: 0.05403603985905647
2019-02-14 01:29:48 DEBUG core:639 Epoch: 111, Loss: 0.05389166250824928
2019-02-14 01:29:52 DEBUG core:639 Epoch: 112, Loss: 0.053748276084661484
2019-02-14 01:29:55 DEBUG core:639 Epoch: 113, Loss: 0.053605902940034866
2019-02-14 01:29:59 DEBUG core:639 Epoch: 114, Loss: 0.053464483469724655
2019-02-14 01:30:03 DEBUG core:639 Epoch: 115, Loss: 0.05332405865192413
2019-02-14 01:30:06 DEBUG core:639 Epoch: 116, Loss: 0.05318448692560196
2019-02-14 01:30:10 DEBUG core:639 Epoch: 117, Loss: 0.053045790642499924
2019-02-14 01:30:13 DEBUG core:639 Epoch: 118, Loss: 0.052906859666109085
2019-02-14 01:30:17 DEBUG core:639 Epoch: 119, Loss: 0.052766457200050354
2019-02-14 01:30:20 DEBUG core:639 Epoch: 120, Loss: 0.052626293152570724
2019-02-14 01:30:24 DEBUG core:639 Epoch: 121, Loss: 0.05248667672276497
2019-02-14 01:30:27 DEBUG core:639 Epoch: 122, Loss: 0.05234764143824577
2019-02-14 01:30:31 DEBUG core:639 Epoch: 123, Loss: 0.05220920592546463
2019-02-14 01:30:34 DEBUG core:639 Epoch: 124, Loss: 0.05207137390971184
2019-02-14 01:30:38 DEBUG core:639 Epoch: 125, Loss: 0.051932502537965775
2019-02-14 01:30:42 DEBUG core:639 Epoch: 126, Loss: 0.05178964138031006
2019-02-14 01:30:45 DEBUG core:639 Epoch: 127, Loss: 0.051645513623952866
2019-02-14 01:30:49 DEBUG core:639 Epoch: 128, Loss: 0.051499199122190475
2019-02-14 01:30:52 DEBUG core:639 Epoch: 129, Loss: 0.051352761685848236
2019-02-14 01:30:56 DEBUG core:639 Epoch: 130, Loss: 0.051206521689891815
2019-02-14 01:31:00 DEBUG core:639 Epoch: 131, Loss: 0.05106065422296524
2019-02-14 01:31:03 DEBUG core:639 Epoch: 132, Loss: 0.05091521516442299
2019-02-14 01:31:07 DEBUG core:639 Epoch: 133, Loss: 0.050770103931427
2019-02-14 01:31:11 DEBUG core:639 Epoch: 134, Loss: 0.05062402784824371
2019-02-14 01:31:14 DEBUG core:639 Epoch: 135, Loss: 0.050469886511564255
2019-02-14 01:31:18 DEBUG core:639 Epoch: 136, Loss: 0.05031382292509079
2019-02-14 01:31:21 DEBUG core:639 Epoch: 137, Loss: 0.05015735700726509
2019-02-14 01:31:25 DEBUG core:639 Epoch: 138, Loss: 0.05000089108943939
2019-02-14 01:31:28 DEBUG core:639 Epoch: 139, Loss: 0.04984453320503235
2019-02-14 01:31:32 DEBUG core:639 Epoch: 140, Loss: 0.049687162041664124
2019-02-14 01:31:36 DEBUG core:639 Epoch: 141, Loss: 0.04952960088849068
2019-02-14 01:31:39 DEBUG core:639 Epoch: 142, Loss: 0.04937081038951874
2019-02-14 01:31:43 DEBUG core:639 Epoch: 143, Loss: 0.04921066015958786
2019-02-14 01:31:46 DEBUG core:639 Epoch: 144, Loss: 0.049050215631723404
2019-02-14 01:31:50 DEBUG core:639 Epoch: 145, Loss: 0.048889778554439545
2019-02-14 01:31:54 DEBUG core:639 Epoch: 146, Loss: 0.048729367554187775
2019-02-14 01:31:57 DEBUG core:639 Epoch: 147, Loss: 0.04856903851032257
2019-02-14 01:32:01 DEBUG core:639 Epoch: 148, Loss: 0.04840879142284393
2019-02-14 01:32:04 DEBUG core:639 Epoch: 149, Loss: 0.048248540610075
2019-02-14 01:32:08 DEBUG core:639 Epoch: 150, Loss: 0.04808834195137024
2019-02-14 01:32:12 DEBUG core:639 Epoch: 151, Loss: 0.047928083688020706
2019-02-14 01:32:15 DEBUG core:639 Epoch: 152, Loss: 0.04776777699589729
2019-02-14 01:32:19 DEBUG core:639 Epoch: 153, Loss: 0.04760745167732239
2019-02-14 01:32:23 DEBUG core:639 Epoch: 154, Loss: 0.04744710028171539
2019-02-14 01:32:26 DEBUG core:639 Epoch: 155, Loss: 0.04728660732507706
2019-02-14 01:32:30 DEBUG core:639 Epoch: 156, Loss: 0.047125689685344696
2019-02-14 01:32:33 DEBUG core:639 Epoch: 157, Loss: 0.046963706612586975
2019-02-14 01:32:37 DEBUG core:639 Epoch: 158, Loss: 0.04680146649479866
2019-02-14 01:32:40 DEBUG core:639 Epoch: 159, Loss: 0.04663905128836632
2019-02-14 01:32:44 DEBUG core:639 Epoch: 160, Loss: 0.0464765764772892
2019-02-14 01:32:48 DEBUG core:639 Epoch: 161, Loss: 0.046313971281051636
2019-02-14 01:32:51 DEBUG core:639 Epoch: 162, Loss: 0.046151380985975266
2019-02-14 01:32:55 DEBUG core:639 Epoch: 163, Loss: 0.04598870128393173
2019-02-14 01:32:59 DEBUG core:639 Epoch: 164, Loss: 0.045823052525520325
2019-02-14 01:33:02 DEBUG core:639 Epoch: 165, Loss: 0.0456535778939724
2019-02-14 01:33:06 DEBUG core:639 Epoch: 166, Loss: 0.04548325389623642
2019-02-14 01:33:09 DEBUG core:639 Epoch: 167, Loss: 0.045312728732824326
2019-02-14 01:33:13 DEBUG core:639 Epoch: 168, Loss: 0.04514221101999283
2019-02-14 01:33:17 DEBUG core:639 Epoch: 169, Loss: 0.04497178643941879
2019-02-14 01:33:20 DEBUG core:639 Epoch: 170, Loss: 0.04480154439806938
2019-02-14 01:33:24 DEBUG core:639 Epoch: 171, Loss: 0.04463057592511177
2019-02-14 01:33:27 DEBUG core:639 Epoch: 172, Loss: 0.04445933550596237
2019-02-14 01:33:31 DEBUG core:639 Epoch: 173, Loss: 0.044288307428359985
2019-02-14 01:33:34 DEBUG core:639 Epoch: 174, Loss: 0.04411718621850014
2019-02-14 01:33:38 DEBUG core:639 Epoch: 175, Loss: 0.0439455546438694
2019-02-14 01:33:41 DEBUG core:639 Epoch: 176, Loss: 0.04377409815788269
2019-02-14 01:33:45 DEBUG core:639 Epoch: 177, Loss: 0.04360302910208702
2019-02-14 01:33:48 DEBUG core:639 Epoch: 178, Loss: 0.04342246428132057
2019-02-14 01:33:52 DEBUG core:639 Epoch: 179, Loss: 0.04323684796690941
2019-02-14 01:33:56 DEBUG core:639 Epoch: 180, Loss: 0.04305049777030945
2019-02-14 01:33:59 DEBUG core:639 Epoch: 181, Loss: 0.04286442697048187
2019-02-14 01:34:03 DEBUG core:639 Epoch: 182, Loss: 0.04267914593219757
2019-02-14 01:34:06 DEBUG core:639 Epoch: 183, Loss: 0.04249460622668266
2019-02-14 01:34:10 DEBUG core:639 Epoch: 184, Loss: 0.04231001436710358
2019-02-14 01:34:14 DEBUG core:639 Epoch: 185, Loss: 0.04212624207139015
2019-02-14 01:34:17 DEBUG core:639 Epoch: 186, Loss: 0.04194352775812149
2019-02-14 01:34:21 DEBUG core:639 Epoch: 187, Loss: 0.0417620874941349
2019-02-14 01:34:24 DEBUG core:639 Epoch: 188, Loss: 0.0415818989276886
2019-02-14 01:34:28 DEBUG core:639 Epoch: 189, Loss: 0.041403111070394516
2019-02-14 01:34:32 DEBUG core:639 Epoch: 190, Loss: 0.04122575744986534
2019-02-14 01:34:35 DEBUG core:639 Epoch: 191, Loss: 0.04104992002248764
2019-02-14 01:34:39 DEBUG core:639 Epoch: 192, Loss: 0.040874700993299484
2019-02-14 01:34:43 DEBUG core:639 Epoch: 193, Loss: 0.04070070758461952
2019-02-14 01:34:46 DEBUG core:639 Epoch: 194, Loss: 0.040528345853090286
2019-02-14 01:34:50 DEBUG core:639 Epoch: 195, Loss: 0.04035777226090431
2019-02-14 01:34:53 DEBUG core:639 Epoch: 196, Loss: 0.04018907621502876
2019-02-14 01:34:57 DEBUG core:639 Epoch: 197, Loss: 0.04002233222126961
2019-02-14 01:35:00 DEBUG core:639 Epoch: 198, Loss: 0.03985760360956192
2019-02-14 01:35:04 DEBUG core:639 Epoch: 199, Loss: 0.03969498351216316
2019-02-14 01:35:07 DEBUG core:639 Epoch: 200, Loss: 0.03953453525900841
2019-02-14 01:35:11 DEBUG core:639 Epoch: 201, Loss: 0.03937629610300064
2019-02-14 01:35:15 DEBUG core:639 Epoch: 202, Loss: 0.03922036290168762
2019-02-14 01:35:18 DEBUG core:639 Epoch: 203, Loss: 0.03906641900539398
2019-02-14 01:35:22 DEBUG core:639 Epoch: 204, Loss: 0.03891298547387123
2019-02-14 01:35:25 DEBUG core:639 Epoch: 205, Loss: 0.03876160457730293
2019-02-14 01:35:29 DEBUG core:639 Epoch: 206, Loss: 0.038612619042396545
2019-02-14 01:35:32 DEBUG core:639 Epoch: 207, Loss: 0.0384662002325058
2019-02-14 01:35:36 DEBUG core:639 Epoch: 208, Loss: 0.038322463631629944
2019-02-14 01:35:40 DEBUG core:639 Epoch: 209, Loss: 0.038181427866220474
2019-02-14 01:35:43 DEBUG core:639 Epoch: 210, Loss: 0.03804316744208336
2019-02-14 01:35:47 DEBUG core:639 Epoch: 211, Loss: 0.037907712161540985
2019-02-14 01:35:51 DEBUG core:639 Epoch: 212, Loss: 0.037775084376335144
2019-02-14 01:35:54 DEBUG core:639 Epoch: 213, Loss: 0.037645354866981506
2019-02-14 01:35:58 DEBUG core:639 Epoch: 214, Loss: 0.037518490105867386
2019-02-14 01:36:01 DEBUG core:639 Epoch: 215, Loss: 0.03739456459879875
2019-02-14 01:36:05 DEBUG core:639 Epoch: 216, Loss: 0.03727356344461441
2019-02-14 01:36:08 DEBUG core:639 Epoch: 217, Loss: 0.03715554624795914
2019-02-14 01:36:12 DEBUG core:639 Epoch: 218, Loss: 0.03704049065709114
2019-02-14 01:36:15 DEBUG core:639 Epoch: 219, Loss: 0.03692842274904251
2019-02-14 01:36:19 DEBUG core:639 Epoch: 220, Loss: 0.036819327622652054
2019-02-14 01:36:23 DEBUG core:639 Epoch: 221, Loss: 0.03671322762966156
2019-02-14 01:36:26 DEBUG core:639 Epoch: 222, Loss: 0.03661009669303894
2019-02-14 01:36:30 DEBUG core:639 Epoch: 223, Loss: 0.036509931087493896
2019-02-14 01:36:33 DEBUG core:639 Epoch: 224, Loss: 0.0364096537232399
2019-02-14 01:36:37 DEBUG core:639 Epoch: 225, Loss: 0.036309096962213516
2019-02-14 01:36:41 DEBUG core:639 Epoch: 226, Loss: 0.036210838705301285
2019-02-14 01:36:44 DEBUG core:639 Epoch: 227, Loss: 0.03611540421843529
2019-02-14 01:36:48 DEBUG core:639 Epoch: 228, Loss: 0.036022964864969254
2019-02-14 01:36:52 DEBUG core:639 Epoch: 229, Loss: 0.03593352437019348
2019-02-14 01:36:55 DEBUG core:639 Epoch: 230, Loss: 0.03584709390997887
2019-02-14 01:36:59 DEBUG core:639 Epoch: 231, Loss: 0.035763632506132126
2019-02-14 01:37:02 DEBUG core:639 Epoch: 232, Loss: 0.03568312153220177
2019-02-14 01:37:06 DEBUG core:639 Epoch: 233, Loss: 0.03560548275709152
2019-02-14 01:37:09 DEBUG core:639 Epoch: 234, Loss: 0.03553072363138199
2019-02-14 01:37:13 DEBUG core:639 Epoch: 235, Loss: 0.03545857593417168
2019-02-14 01:37:16 DEBUG core:639 Epoch: 236, Loss: 0.03538191318511963
2019-02-14 01:37:20 DEBUG core:639 Epoch: 237, Loss: 0.03530597686767578
2019-02-14 01:37:24 DEBUG core:639 Epoch: 238, Loss: 0.03523225337266922
2019-02-14 01:37:27 DEBUG core:639 Epoch: 239, Loss: 0.03516117110848427
2019-02-14 01:37:31 DEBUG core:639 Epoch: 240, Loss: 0.035092856734991074
2019-02-14 01:37:34 DEBUG core:639 Epoch: 241, Loss: 0.03502733260393143
2019-02-14 01:37:38 DEBUG core:639 Epoch: 242, Loss: 0.03496451675891876
2019-02-14 01:37:42 DEBUG core:639 Epoch: 243, Loss: 0.034904371947050095
2019-02-14 01:37:45 DEBUG core:639 Epoch: 244, Loss: 0.03484682738780975
2019-02-14 01:37:49 DEBUG core:639 Epoch: 245, Loss: 0.034791793674230576
2019-02-14 01:37:52 DEBUG core:639 Epoch: 246, Loss: 0.034739185124635696
2019-02-14 01:37:56 DEBUG core:639 Epoch: 247, Loss: 0.03468897193670273
2019-02-14 01:38:00 DEBUG core:639 Epoch: 248, Loss: 0.03464103862643242
2019-02-14 01:38:03 DEBUG core:639 Epoch: 249, Loss: 0.03459533676505089
2019-02-14 01:38:07 DEBUG core:639 Epoch: 250, Loss: 0.03455178439617157
2019-02-14 01:38:10 DEBUG core:639 Epoch: 251, Loss: 0.034510288387537
2019-02-14 01:38:14 DEBUG core:639 Epoch: 252, Loss: 0.034470804035663605
2019-02-14 01:38:18 DEBUG core:639 Epoch: 253, Loss: 0.03443322330713272
2019-02-14 01:38:21 DEBUG core:639 Epoch: 254, Loss: 0.03439697250723839
2019-02-14 01:38:25 DEBUG core:639 Epoch: 255, Loss: 0.03436223417520523
2019-02-14 01:38:29 DEBUG core:639 Epoch: 256, Loss: 0.03432915359735489
2019-02-14 01:38:32 DEBUG core:639 Epoch: 257, Loss: 0.034297749400138855
2019-02-14 01:38:36 DEBUG core:639 Epoch: 258, Loss: 0.034267935901880264
2019-02-14 01:38:40 DEBUG core:639 Epoch: 259, Loss: 0.034239619970321655
2019-02-14 01:38:43 DEBUG core:639 Epoch: 260, Loss: 0.034212831407785416
2019-02-14 01:38:47 DEBUG core:639 Epoch: 261, Loss: 0.03418741002678871
2019-02-14 01:38:50 DEBUG core:639 Epoch: 262, Loss: 0.03416333347558975
2019-02-14 01:38:54 DEBUG core:639 Epoch: 263, Loss: 0.03414057195186615
2019-02-14 01:38:57 DEBUG core:639 Epoch: 264, Loss: 0.03411901742219925
2019-02-14 01:39:01 DEBUG core:639 Epoch: 265, Loss: 0.034098610281944275
2019-02-14 01:39:04 DEBUG core:639 Epoch: 266, Loss: 0.034079309552907944
2019-02-14 01:39:08 DEBUG core:639 Epoch: 267, Loss: 0.03406105935573578
2019-02-14 01:39:12 DEBUG core:639 Epoch: 268, Loss: 0.0340438075363636
2019-02-14 01:39:15 DEBUG core:639 Epoch: 269, Loss: 0.03402750566601753
2019-02-14 01:39:19 DEBUG core:639 Epoch: 270, Loss: 0.0340120866894722
2019-02-14 01:39:23 DEBUG core:639 Epoch: 271, Loss: 0.033997535705566406
2019-02-14 01:39:26 DEBUG core:639 Epoch: 272, Loss: 0.033983755856752396
2019-02-14 01:39:30 DEBUG core:639 Epoch: 273, Loss: 0.03397073969244957
2019-02-14 01:39:33 DEBUG core:639 Epoch: 274, Loss: 0.03395845741033554
2019-02-14 01:39:37 DEBUG core:639 Epoch: 275, Loss: 0.03394683077931404
2019-02-14 01:39:40 DEBUG core:639 Epoch: 276, Loss: 0.03393584489822388
2019-02-14 01:39:44 DEBUG core:639 Epoch: 277, Loss: 0.03392544388771057
2019-02-14 01:39:48 DEBUG core:639 Epoch: 278, Loss: 0.03391561284661293
2019-02-14 01:39:51 DEBUG core:639 Epoch: 279, Loss: 0.03390631452202797
2019-02-14 01:39:55 DEBUG core:639 Epoch: 280, Loss: 0.03389750048518181
2019-02-14 01:39:58 DEBUG core:639 Epoch: 281, Loss: 0.033889155834913254
2019-02-14 01:40:02 DEBUG core:639 Epoch: 282, Loss: 0.03388123959302902
2019-02-14 01:40:05 DEBUG core:639 Epoch: 283, Loss: 0.03387374058365822
2019-02-14 01:40:09 DEBUG core:639 Epoch: 284, Loss: 0.033866606652736664
2019-02-14 01:40:13 DEBUG core:639 Epoch: 285, Loss: 0.03385984152555466
2019-02-14 01:40:16 DEBUG core:639 Epoch: 286, Loss: 0.033853400498628616
2019-02-14 01:40:20 DEBUG core:639 Epoch: 287, Loss: 0.03384727984666824
2019-02-14 01:40:23 DEBUG core:639 Epoch: 288, Loss: 0.03384143114089966
2019-02-14 01:40:27 DEBUG core:639 Epoch: 289, Loss: 0.033835865557193756
2019-02-14 01:40:31 DEBUG core:639 Epoch: 290, Loss: 0.03383054956793785
2019-02-14 01:40:34 DEBUG core:639 Epoch: 291, Loss: 0.033825453370809555
2019-02-14 01:40:38 DEBUG core:639 Epoch: 292, Loss: 0.033820606768131256
2019-02-14 01:40:41 DEBUG core:639 Epoch: 293, Loss: 0.03381591662764549
2019-02-14 01:40:45 DEBUG core:639 Epoch: 294, Loss: 0.033811453729867935
2019-02-14 01:40:49 DEBUG core:639 Epoch: 295, Loss: 0.03380711376667023
2019-02-14 01:40:52 DEBUG core:639 Epoch: 296, Loss: 0.033802978694438934
2019-02-14 01:40:56 DEBUG core:639 Epoch: 297, Loss: 0.03379896655678749
2019-02-14 01:40:59 DEBUG core:639 Epoch: 298, Loss: 0.03379509225487709
2019-02-14 01:41:03 DEBUG core:639 Epoch: 299, Loss: 0.03379135951399803
2019-02-14 01:41:06 DEBUG core:639 Epoch: 300, Loss: 0.033787719905376434
2019-02-14 01:41:08 DEBUG __main__:34 time cost: 1490.4821300506592s
2019-02-14 01:41:08 DEBUG __main__:35 print weights info
2019-02-14 01:41:27 DEBUG core:662 play play-1 cost time 19.26002311706543 s
2019-02-14 01:41:46 DEBUG core:662 play play-2 cost time 19.125895738601685 s
2019-02-14 01:42:06 DEBUG core:662 play play-3 cost time 19.411147117614746 s
2019-02-14 01:42:25 DEBUG core:662 play play-4 cost time 19.35137152671814 s
2019-02-14 01:42:25 DEBUG __main__:42 loss: 0.03378736600279808
