2019-02-09 16:20:30.821249: I tensorflow/core/platform/cpu_feature_guard.cc:141] Your CPU supports instructions that this TensorFlow binary was not compiled to use: AVX2 AVX512F FMA
2019-02-09 16:20:30 DEBUG __main__:65 generate data for method sin, weight 1, width 1, units 1, nb_plays 20
2019-02-09 16:20:31 DEBUG core:76 Initialize *weight* as pre-defined...
2019-02-09 16:20:49 DEBUG core:172 init mydense kernel/bias as pre-defined
2019-02-09 16:20:49 DEBUG core:224 init mysimpledense kernel/bias as pre-defined
2019-02-09 16:20:52 DEBUG core:76 Initialize *weight* as pre-defined...
2019-02-09 16:21:10 DEBUG core:172 init mydense kernel/bias as pre-defined
2019-02-09 16:21:10 DEBUG core:224 init mysimpledense kernel/bias as pre-defined
2019-02-09 16:21:18 DEBUG core:76 Initialize *weight* as pre-defined...
2019-02-09 16:21:35 DEBUG core:172 init mydense kernel/bias as pre-defined
2019-02-09 16:21:35 DEBUG core:224 init mysimpledense kernel/bias as pre-defined
2019-02-09 16:21:47 DEBUG core:76 Initialize *weight* as pre-defined...
2019-02-09 16:22:06 DEBUG core:172 init mydense kernel/bias as pre-defined
2019-02-09 16:22:06 DEBUG core:224 init mysimpledense kernel/bias as pre-defined
2019-02-09 16:22:23 DEBUG core:76 Initialize *weight* as pre-defined...
2019-02-09 16:22:41 DEBUG core:172 init mydense kernel/bias as pre-defined
2019-02-09 16:22:41 DEBUG core:224 init mysimpledense kernel/bias as pre-defined
2019-02-09 16:23:03 DEBUG core:76 Initialize *weight* as pre-defined...
2019-02-09 16:23:21 DEBUG core:172 init mydense kernel/bias as pre-defined
2019-02-09 16:23:21 DEBUG core:224 init mysimpledense kernel/bias as pre-defined
2019-02-09 16:23:49 DEBUG core:76 Initialize *weight* as pre-defined...
2019-02-09 16:24:08 DEBUG core:172 init mydense kernel/bias as pre-defined
2019-02-09 16:24:08 DEBUG core:224 init mysimpledense kernel/bias as pre-defined
2019-02-09 16:24:41 DEBUG core:76 Initialize *weight* as pre-defined...
2019-02-09 16:25:01 DEBUG core:172 init mydense kernel/bias as pre-defined
2019-02-09 16:25:01 DEBUG core:224 init mysimpledense kernel/bias as pre-defined
2019-02-09 16:25:40 DEBUG core:76 Initialize *weight* as pre-defined...
2019-02-09 16:25:57 DEBUG core:172 init mydense kernel/bias as pre-defined
2019-02-09 16:25:57 DEBUG core:224 init mysimpledense kernel/bias as pre-defined
2019-02-09 16:26:43 DEBUG core:76 Initialize *weight* as pre-defined...
2019-02-09 16:27:03 DEBUG core:172 init mydense kernel/bias as pre-defined
2019-02-09 16:27:03 DEBUG core:224 init mysimpledense kernel/bias as pre-defined
2019-02-09 16:27:55 DEBUG core:76 Initialize *weight* as pre-defined...
2019-02-09 16:28:13 DEBUG core:172 init mydense kernel/bias as pre-defined
2019-02-09 16:28:13 DEBUG core:224 init mysimpledense kernel/bias as pre-defined
2019-02-09 16:29:11 DEBUG core:76 Initialize *weight* as pre-defined...
2019-02-09 16:29:29 DEBUG core:172 init mydense kernel/bias as pre-defined
2019-02-09 16:29:29 DEBUG core:224 init mysimpledense kernel/bias as pre-defined
2019-02-09 16:30:36 DEBUG core:76 Initialize *weight* as pre-defined...
2019-02-09 16:30:57 DEBUG core:172 init mydense kernel/bias as pre-defined
2019-02-09 16:30:57 DEBUG core:224 init mysimpledense kernel/bias as pre-defined
2019-02-09 16:32:12 DEBUG core:76 Initialize *weight* as pre-defined...
2019-02-09 16:32:31 DEBUG core:172 init mydense kernel/bias as pre-defined
2019-02-09 16:32:31 DEBUG core:224 init mysimpledense kernel/bias as pre-defined
2019-02-09 16:33:55 DEBUG core:76 Initialize *weight* as pre-defined...
2019-02-09 16:34:13 DEBUG core:172 init mydense kernel/bias as pre-defined
2019-02-09 16:34:13 DEBUG core:224 init mysimpledense kernel/bias as pre-defined
2019-02-09 16:35:44 DEBUG core:76 Initialize *weight* as pre-defined...
2019-02-09 16:36:07 DEBUG core:172 init mydense kernel/bias as pre-defined
2019-02-09 16:36:07 DEBUG core:224 init mysimpledense kernel/bias as pre-defined
2019-02-09 16:37:47 DEBUG core:76 Initialize *weight* as pre-defined...
2019-02-09 16:38:05 DEBUG core:172 init mydense kernel/bias as pre-defined
2019-02-09 16:38:05 DEBUG core:224 init mysimpledense kernel/bias as pre-defined
2019-02-09 16:39:55 DEBUG core:76 Initialize *weight* as pre-defined...
2019-02-09 16:40:13 DEBUG core:172 init mydense kernel/bias as pre-defined
2019-02-09 16:40:13 DEBUG core:224 init mysimpledense kernel/bias as pre-defined
2019-02-09 16:42:10 DEBUG core:76 Initialize *weight* as pre-defined...
2019-02-09 16:42:34 DEBUG core:172 init mydense kernel/bias as pre-defined
2019-02-09 16:42:34 DEBUG core:224 init mysimpledense kernel/bias as pre-defined
2019-02-09 16:44:39 DEBUG core:76 Initialize *weight* as pre-defined...
2019-02-09 16:44:58 DEBUG core:172 init mydense kernel/bias as pre-defined
2019-02-09 16:44:58 DEBUG core:224 init mysimpledense kernel/bias as pre-defined
2019-02-09 16:48:21 DEBUG core:671 play play-20 cost time 68.62678217887878 s
2019-02-09 16:49:32 DEBUG core:671 play play-20 cost time 70.13784337043762 s
2019-02-09 16:50:42 DEBUG core:671 play play-20 cost time 70.20521473884583 s
2019-02-09 16:51:55 DEBUG core:671 play play-20 cost time 72.68702387809753 s
2019-02-09 16:53:06 DEBUG core:671 play play-20 cost time 71.92425489425659 s
2019-02-09 16:54:20 DEBUG core:671 play play-20 cost time 73.18464159965515 s
2019-02-09 16:55:33 DEBUG core:671 play play-20 cost time 73.30893659591675 s
2019-02-09 16:56:47 DEBUG core:671 play play-20 cost time 74.37086057662964 s
2019-02-09 16:58:02 DEBUG core:671 play play-20 cost time 74.91315817832947 s
2019-02-09 16:59:18 DEBUG core:671 play play-20 cost time 75.71926474571228 s
2019-02-09 17:00:34 DEBUG core:671 play play-20 cost time 75.9872214794159 s
2019-02-09 17:01:50 DEBUG core:671 play play-20 cost time 76.39144372940063 s
2019-02-09 17:03:08 DEBUG core:671 play play-20 cost time 77.49140501022339 s
2019-02-09 17:04:25 DEBUG core:671 play play-20 cost time 77.55342030525208 s
2019-02-09 17:05:45 DEBUG core:671 play play-20 cost time 79.64266109466553 s
2019-02-09 17:07:03 DEBUG core:671 play play-20 cost time 78.18916082382202 s
2019-02-09 17:08:25 DEBUG core:671 play play-20 cost time 81.43837594985962 s
2019-02-09 17:09:44 DEBUG core:671 play play-20 cost time 79.41594362258911 s
2019-02-09 17:11:06 DEBUG core:671 play play-20 cost time 81.90798211097717 s
2019-02-09 17:12:27 DEBUG core:671 play play-20 cost time 81.18535947799683 s
2019-02-09 17:12:27 DEBUG __main__:79 time cost: 3116.7861318588257 s
